<?xml version="1.0" encoding="UTF-8"?>
<!-- Generated by org.testng.reporters.JUnitReportReporter -->
<testsuite hostname="ZAUSV-ARAKSHI" failures="0" tests="1" name="TestSuite.AGS_Prod_Test_Suite" time="77.049" errors="0" timestamp="2023-03-31T17:22:07 IST" skipped="0">
  <testcase classname="TestSuite.AGS_Prod_Test_Suite" name="TC06_Provide_Billing_Information" time="77.049"/>
  <system-out/>
</testsuite> <!-- TestSuite.AGS_Prod_Test_Suite -->
