<?xml version="1.0" encoding="UTF-8"?>
<!-- Generated by org.testng.reporters.JUnitReportReporter -->
<testsuite hostname="ZAUSV-ARAKSHI" failures="0" tests="15" name="TestSuite.Wiley_Prod_Test_Suite" time="234.535" errors="0" timestamp="2023-04-03T17:31:36 IST" skipped="0">
  <testcase classname="TestSuite.Wiley_Prod_Test_Suite" name="TC08_HomePage" time="5.570"/>
  <system-out/>
  <testcase classname="TestSuite.Wiley_Prod_Test_Suite" name="TC05_AboutUsPage" time="16.050"/>
  <system-out/>
  <testcase classname="TestSuite.Wiley_Prod_Test_Suite" name="TC10_SearchResultEmptyPage" time="11.995"/>
  <system-out/>
  <testcase classname="TestSuite.Wiley_Prod_Test_Suite" name="TC03_SiteFooter" time="9.355"/>
  <system-out/>
  <testcase classname="TestSuite.Wiley_Prod_Test_Suite" name="TC11_Add_To_Cart_PopUp" time="15.565"/>
  <system-out/>
  <testcase classname="TestSuite.Wiley_Prod_Test_Suite" name="TC06_SiteMap" time="10.118"/>
  <system-out/>
  <testcase classname="TestSuite.Wiley_Prod_Test_Suite" name="TC15_Product_Search_Results_Page_Facet_Validation" time="39.743"/>
  <system-out/>
  <testcase classname="TestSuite.Wiley_Prod_Test_Suite" name="TC12_Content_Search_ResultPage" time="28.225"/>
  <system-out/>
  <testcase classname="TestSuite.Wiley_Prod_Test_Suite" name="TC13_Category_LandingPage" time="15.921"/>
  <system-out/>
  <testcase classname="TestSuite.Wiley_Prod_Test_Suite" name="TC01_MicroSites" time="16.306"/>
  <system-out/>
  <testcase classname="TestSuite.Wiley_Prod_Test_Suite" name="TC09_SiteHeader" time="9.596"/>
  <system-out/>
  <testcase classname="TestSuite.Wiley_Prod_Test_Suite" name="TC04_404_Errorpage" time="7.066"/>
  <system-out/>
  <testcase classname="TestSuite.Wiley_Prod_Test_Suite" name="TC07_ProductListPage" time="15.905"/>
  <system-out/>
  <testcase classname="TestSuite.Wiley_Prod_Test_Suite" name="TC02_ProductDetailsPage" time="14.749"/>
  <system-out/>
  <testcase classname="TestSuite.Wiley_Prod_Test_Suite" name="TC14_SearchBox" time="18.371"/>
  <system-out/>
</testsuite> <!-- TestSuite.Wiley_Prod_Test_Suite -->
