<?xml version="1.0" encoding="UTF-8"?>
<!-- Generated by org.testng.reporters.JUnitReportReporter -->
<testsuite hostname="ZAUSV-ARAKSHI" failures="0" tests="1" name="TestSuite.VET_Prod_Test_Suite" time="16.930" errors="0" timestamp="2023-04-03T12:32:48 IST" skipped="0">
  <testcase classname="TestSuite.VET_Prod_Test_Suite" name="TC05_Edit_Profile" time="16.930"/>
  <system-out/>
</testsuite> <!-- TestSuite.VET_Prod_Test_Suite -->
