<?xml version="1.0" encoding="UTF-8"?>
<!-- Generated by org.testng.reporters.JUnitReportReporter -->
<testsuite hostname="ZAUSV-ARAKSHI" failures="0" tests="3" name="Test_Suite.WEL_Test_Suite" time="293.196" errors="0" timestamp="2023-03-31T11:45:58 IST" skipped="0">
  <testcase classname="Test_Suite.WEL_Test_Suite" name="TC01_Standalone_UserRegistration" time="73.343"/>
  <system-out/>
  <testcase classname="Test_Suite.WEL_Test_Suite" name="TC02_UserRegistration_DuringCheckoutForPhysicalCart" time="85.591"/>
  <system-out/>
  <testcase classname="Test_Suite.WEL_Test_Suite" name="TC03_UserRegistration_DuringCheckoutForDigitalCartwith_NonUSBillingAddress" time="134.262"/>
  <system-out/>
</testsuite> <!-- Test_Suite.WEL_Test_Suite -->
