<?xml version="1.0" encoding="UTF-8"?>
<!-- Generated by org.testng.reporters.JUnitReportReporter -->
<testsuite hostname="ZAUSV-SVARISA" failures="0" tests="1" name="Test_Suite.TestHarness_RegressionSuite" time="18.013" errors="0" timestamp="2023-01-16T17:57:20 IST" skipped="0">
  <testcase classname="Test_Suite.TestHarness_RegressionSuite" name="TC32_SOAP_VoidAuth_Error_Message" time="18.013"/>
  <system-out/>
</testsuite> <!-- Test_Suite.TestHarness_RegressionSuite -->
