<?xml version="1.0" encoding="UTF-8"?>
<!-- Generated by org.testng.reporters.JUnitReportReporter -->
<testsuite hostname="ZAUSV-ARAKSHI" failures="0" tests="1" name="Test_Suite.WEL_Test_Suite" time="138.436" errors="0" timestamp="2023-02-20T19:25:34 IST" skipped="0">
  <testcase classname="Test_Suite.WEL_Test_Suite" name="TC05_UserLoginDuring_Checkout" time="138.436"/>
  <system-out/>
</testsuite> <!-- Test_Suite.WEL_Test_Suite -->
