<?xml version="1.0" encoding="UTF-8"?>
<!-- Generated by org.testng.reporters.JUnitReportReporter -->
<testsuite hostname="ZAUSV-JBISWAS" failures="0" tests="6" name="Test_Suite.TestHarness_RegressionSuite" time="226.055" errors="0" timestamp="2023-03-23T18:12:31 IST" skipped="0">
  <testcase classname="Test_Suite.TestHarness_RegressionSuite" name="TC35_HTTP_Embedded_SaveCard_ES_Stripe_Validation" time="34.878"/>
  <system-out/>
  <testcase classname="Test_Suite.TestHarness_RegressionSuite" name="TC33_HTTP_Embedded_Auth_ES_Stripe_Validation" time="52.313"/>
  <system-out/>
  <testcase classname="Test_Suite.TestHarness_RegressionSuite" name="TC38_HTTP_NonEmbedded_SaveCard_ES_Stripe_Validation" time="29.578"/>
  <system-out/>
  <testcase classname="Test_Suite.TestHarness_RegressionSuite" name="TC34_HTTP_Embedded_AuthCapture_ES_Stripe_Validation" time="45.278"/>
  <system-out/>
  <testcase classname="Test_Suite.TestHarness_RegressionSuite" name="TC37_HTTP_NonEmbedded_AuthCapture_ES_Stripe_Validation" time="31.342"/>
  <system-out/>
  <testcase classname="Test_Suite.TestHarness_RegressionSuite" name="TC36_HTTP_NonEmbedded_Auth_ES_Stripe_Validation" time="32.666"/>
  <system-out/>
</testsuite> <!-- Test_Suite.TestHarness_RegressionSuite -->
