<?xml version="1.0" encoding="UTF-8"?>
<!-- Generated by org.testng.reporters.JUnitReportReporter -->
<testsuite hostname="ZAUSV-ARAKSHI" failures="0" tests="1" name="TestSuite.WileyPLUS_Prod_Test_Suite" time="74.119" errors="0" timestamp="2023-04-19T16:22:14 IST" skipped="0">
  <testcase classname="TestSuite.WileyPLUS_Prod_Test_Suite" name="TC17_Standard_Shipping_Free_For_TextBook_Rental_Bundle" time="74.119"/>
  <system-out/>
</testsuite> <!-- TestSuite.WileyPLUS_Prod_Test_Suite -->
