<?xml version="1.0" encoding="UTF-8"?>
<!-- Generated by org.testng.reporters.JUnitReportReporter -->
<testsuite hostname="ZAUSV-ARAKSHI" failures="0" tests="1" name="Test_Suite.Wiley_NA_Cart_Test_Suite" time="118.230" errors="0" timestamp="2023-01-10T16:46:58 IST" skipped="0">
  <testcase classname="Test_Suite.Wiley_NA_Cart_Test_Suite" name="TC05_Physical_productpurchase_ForExistingUser" time="118.230"/>
  <system-out/>
</testsuite> <!-- Test_Suite.Wiley_NA_Cart_Test_Suite -->
