<?xml version="1.0" encoding="UTF-8"?>
<!-- Generated by org.testng.reporters.JUnitReportReporter -->
<testsuite hostname="ZAUSV-CBINDUS" failures="0" tests="2" name="Test_Suite.StoreFront_Validate_CLP" time="87.428" errors="1" timestamp="2023-06-14T16:58:22 IST" skipped="1">
  <testcase classname="Test_Suite.StoreFront_Validate_CLP" name="TC02_ProductDisplayPage" time="87.428">
    <error message="Java heap space" type="java.lang.OutOfMemoryError">
      <![CDATA[java.lang.OutOfMemoryError: Java heap space
]]>
    </error>
  </testcase> <!-- TC02_ProductDisplayPage -->
  <system-out/>
  <testcase classname="Test_Suite.StoreFront_Validate_CLP" name="TC01_CategoryLandingPage">
    <skipped/>
  </testcase> <!-- TC01_CategoryLandingPage -->
  <system-out/>
</testsuite> <!-- Test_Suite.StoreFront_Validate_CLP -->
