<?xml version="1.0" encoding="UTF-8"?>
<!-- Generated by org.testng.reporters.JUnitReportReporter -->
<testsuite hostname="ZAUSV-ARAKSHI" failures="0" tests="1" name="Test_Suite.WEL_Test_Suite" time="164.267" errors="0" timestamp="2023-01-30T11:29:38 IST" skipped="0">
  <testcase classname="Test_Suite.WEL_Test_Suite" name="TC25_ShippingMethodfor_USUKAustralia_CanadaIndiaSingapore" time="164.267"/>
  <system-out/>
</testsuite> <!-- Test_Suite.WEL_Test_Suite -->
