<?xml version="1.0" encoding="UTF-8"?>
<!-- Generated by org.testng.reporters.JUnitReportReporter -->
<testsuite hostname="ZAUSV-ARAKSHI" failures="0" tests="15" name="Test_Suite.AGS_Test_Suite" time="1467.419" errors="0" timestamp="2023-03-13T11:15:01 IST" skipped="0">
  <testcase classname="Test_Suite.AGS_Test_Suite" name="TC10_Place_Order_Non_US_Address" time="224.067"/>
  <system-out/>
  <testcase classname="Test_Suite.AGS_Test_Suite" name="TC13_Edit_Card_Details" time="24.879"/>
  <system-out/>
  <testcase classname="Test_Suite.AGS_Test_Suite" name="TC03_Standalone_Registration_and_Login" time="25.503"/>
  <system-out/>
  <testcase classname="Test_Suite.AGS_Test_Suite" name="TC08_Place_Order_With_Discount_Code" time="213.877"/>
  <system-out/>
  <testcase classname="Test_Suite.AGS_Test_Suite" name="TC02_User_Submit_Order_Monthly" time="199.876"/>
  <system-out/>
  <testcase classname="Test_Suite.AGS_Test_Suite" name="TC11_Edit_Profile" time="16.733"/>
  <system-out/>
  <testcase classname="Test_Suite.AGS_Test_Suite" name="TC15_Riskified_Declined_Order" time="114.111"/>
  <system-out/>
  <testcase classname="Test_Suite.AGS_Test_Suite" name="TC12_Edit_Billing_Address" time="21.572"/>
  <system-out/>
  <testcase classname="Test_Suite.AGS_Test_Suite" name="TC04_Reset_Password_My_Account" time="15.293"/>
  <system-out/>
  <testcase classname="Test_Suite.AGS_Test_Suite" name="TC14_Manage_Subscription_Auto_Renew_Toggle_validation" time="15.654"/>
  <system-out/>
  <testcase classname="Test_Suite.AGS_Test_Suite" name="TC07_Verify_tax_Non_US_Address" time="214.267"/>
  <system-out/>
  <testcase classname="Test_Suite.AGS_Test_Suite" name="TC01_Anonymous_User_Registration" time="211.383"/>
  <system-out/>
  <testcase classname="Test_Suite.AGS_Test_Suite" name="TC05_ResetPasswordFromLoginPage" time="67.601"/>
  <system-out/>
  <testcase classname="Test_Suite.AGS_Test_Suite" name="TC09_Place_Order_With_Existing_User" time="77.114"/>
  <system-out/>
  <testcase classname="Test_Suite.AGS_Test_Suite" name="TC06_Zero_Dollar_Flow" time="25.489"/>
  <system-out/>
</testsuite> <!-- Test_Suite.AGS_Test_Suite -->
