<?xml version="1.0" encoding="UTF-8"?>
<!-- Generated by org.testng.reporters.JUnitReportReporter -->
<testsuite hostname="ZAUSV-GSAHA" failures="0" tests="1" name="Test_Suite.Vet_Test_Suite" time="21.288" errors="0" timestamp="2023-02-15T15:40:41 IST" skipped="0">
  <testcase classname="Test_Suite.Vet_Test_Suite" name="TC03_StandaloneLogin" time="21.288"/>
  <system-out/>
</testsuite> <!-- Test_Suite.Vet_Test_Suite -->
