<?xml version="1.0" encoding="UTF-8"?>
<!-- Generated by org.testng.reporters.JUnitReportReporter -->
<testsuite hostname="ZAUSV-ARAKSHI" failures="0" tests="17" name="Test_Suite.Vet_Test_Suite" time="1353.710" errors="0" timestamp="2023-04-10T21:00:26 IST" skipped="0">
  <testcase classname="Test_Suite.Vet_Test_Suite" name="TC01_Anonymous_User_Registration" time="260.523"/>
  <system-out/>
  <testcase classname="Test_Suite.Vet_Test_Suite" name="TC02_Create_Account" time="9.778"/>
  <system-out/>
  <testcase classname="Test_Suite.Vet_Test_Suite" name="TC18_ZeroOrder" time="30.363"/>
  <system-out/>
  <testcase classname="Test_Suite.Vet_Test_Suite" name="TC05_Reset_Password_My_Account" time="15.174"/>
  <system-out/>
  <testcase classname="Test_Suite.Vet_Test_Suite" name="TC11_Place_Order_With_Promo_Code" time="256.322"/>
  <system-out/>
  <testcase classname="Test_Suite.Vet_Test_Suite" name="TC08_Eloqua_validation" time="68.371"/>
  <system-out/>
  <testcase classname="Test_Suite.Vet_Test_Suite" name="TC12_PlaceOrderwithNonUSAddress" time="74.948"/>
  <system-out/>
  <testcase classname="Test_Suite.Vet_Test_Suite" name="TC07_Verify_Tax" time="233.724"/>
  <system-out/>
  <testcase classname="Test_Suite.Vet_Test_Suite" name="TC06_ResetPasswordFromLoginPage" time="62.657"/>
  <system-out/>
  <testcase classname="Test_Suite.Vet_Test_Suite" name="TC16_Manage_Subscription" time="8.708"/>
  <system-out/>
  <testcase classname="Test_Suite.Vet_Test_Suite" name="TC04_Login_During_Checkout" time="56.224"/>
  <system-out/>
  <testcase classname="Test_Suite.Vet_Test_Suite" name="TC17_Auto_Renew_Toggle_validation" time="10.839"/>
  <system-out/>
  <testcase classname="Test_Suite.Vet_Test_Suite" name="TC19_Edit_Profile_from_my_account_page" time="14.156"/>
  <system-out/>
  <testcase classname="Test_Suite.Vet_Test_Suite" name="TC03_StandaloneLogin" time="9.728"/>
  <system-out/>
  <testcase classname="Test_Suite.Vet_Test_Suite" name="TC20_Edit_Billing_address_in_my_account" time="19.967"/>
  <system-out/>
  <testcase classname="Test_Suite.Vet_Test_Suite" name="Data_Preparation" time="84.291"/>
  <system-out/>
  <testcase classname="Test_Suite.Vet_Test_Suite" name="TC21_Riskified_Declined_Order" time="137.937"/>
  <system-out/>
</testsuite> <!-- Test_Suite.Vet_Test_Suite -->
