<?xml version="1.0" encoding="UTF-8"?>
<!-- Generated by org.testng.reporters.JUnitReportReporter -->
<testsuite hostname="ZAUSV-ARAKSHI" failures="0" tests="17" name="TestSuite.WileyPLUS_Prod_Test_Suite" time="1392.347" errors="0" timestamp="2023-05-17T12:40:25 IST" skipped="0">
  <testcase classname="TestSuite.WileyPLUS_Prod_Test_Suite" name="TC07_Verify_Additional_UI_Adjustments_WileyPLUS_PDP" time="95.878"/>
  <system-out/>
  <testcase classname="TestSuite.WileyPLUS_Prod_Test_Suite" name="TC09_PDP_UI_For_WileyPLUS" time="72.780"/>
  <system-out/>
  <testcase classname="TestSuite.WileyPLUS_Prod_Test_Suite" name="TC13_Global_Country_List_In_Shipping" time="115.585"/>
  <system-out/>
  <testcase classname="TestSuite.WileyPLUS_Prod_Test_Suite" name="TC10_WileyPLUS_Set_To_MultiTerm_Default" time="72.069"/>
  <system-out/>
  <testcase classname="TestSuite.WileyPLUS_Prod_Test_Suite" name="TC17_Standard_Shipping_Free_For_TextBook_Rental_Bundle" time="111.177"/>
  <system-out/>
  <testcase classname="TestSuite.WileyPLUS_Prod_Test_Suite" name="TC12_Add_WileyPLUS_Product_To_Cart" time="65.919"/>
  <system-out/>
  <testcase classname="TestSuite.WileyPLUS_Prod_Test_Suite" name="TC08_Validate_Percentage_In_Multiple_Term" time="73.851"/>
  <system-out/>
  <testcase classname="TestSuite.WileyPLUS_Prod_Test_Suite" name="TC16_Adding_Multiple_Wileyplus_Products_With_Coupon_Validating_Guest_User_Option" time="155.567"/>
  <system-out/>
  <testcase classname="TestSuite.WileyPLUS_Prod_Test_Suite" name="TC04_Bundle_Search_For_WileyPLUS" time="59.986"/>
  <system-out/>
  <testcase classname="TestSuite.WileyPLUS_Prod_Test_Suite" name="TC05_Check_If_URL_Not_Truncated_For_WileyPLUS" time="63.169"/>
  <system-out/>
  <testcase classname="TestSuite.WileyPLUS_Prod_Test_Suite" name="TC14_Global_Country_List_In_Billing" time="115.165"/>
  <system-out/>
  <testcase classname="TestSuite.WileyPLUS_Prod_Test_Suite" name="TC15_Check_ISBN_Not_Preset_In_WileyPLUS_PDP" time="65.850"/>
  <system-out/>
  <testcase classname="TestSuite.WileyPLUS_Prod_Test_Suite" name="TC01_SRP_For_WileyPLUS" time="58.750"/>
  <system-out/>
  <testcase classname="TestSuite.WileyPLUS_Prod_Test_Suite" name="TC11_New_Tab_Opened_After_Clicking_Login_To_WileyPLUS_Button" time="77.142"/>
  <system-out/>
  <testcase classname="TestSuite.WileyPLUS_Prod_Test_Suite" name="TC06_Format_Facet_WileyPLUS" time="55.863"/>
  <system-out/>
  <testcase classname="TestSuite.WileyPLUS_Prod_Test_Suite" name="TC03_EGRIP_Search_For_WileyPLUS" time="64.784"/>
  <system-out/>
  <testcase classname="TestSuite.WileyPLUS_Prod_Test_Suite" name="TC02_PLP_For_WileyPLUS" time="68.812"/>
  <system-out/>
</testsuite> <!-- TestSuite.WileyPLUS_Prod_Test_Suite -->
