<?xml version="1.0" encoding="UTF-8"?>
<!-- Generated by org.testng.reporters.JUnitReportReporter -->
<testsuite hostname="ZAUSV-ARAKSHI" failures="0" tests="1" name="Test_Suite.WEL_Test_Suite" time="51.220" errors="0" timestamp="2023-02-20T15:51:58 IST" skipped="0">
  <testcase classname="Test_Suite.WEL_Test_Suite" name="TC01_Standalone_UserRegistration" time="51.220"/>
  <system-out/>
</testsuite> <!-- Test_Suite.WEL_Test_Suite -->
