<?xml version="1.0" encoding="UTF-8"?>
<!-- Generated by org.testng.reporters.JUnitReportReporter -->
<testsuite hostname="ZAUSV-ARAKSHI" failures="0" tests="1" name="Test_Suite.AGS_Test_Suite" time="193.803" errors="0" timestamp="2023-03-13T10:14:38 IST" skipped="0">
  <testcase classname="Test_Suite.AGS_Test_Suite" name="TC07_Verify_tax_Non_US_Address" time="193.803"/>
  <system-out/>
</testsuite> <!-- Test_Suite.AGS_Test_Suite -->
