<?xml version="1.0" encoding="UTF-8"?>
<!-- Generated by org.testng.reporters.JUnitReportReporter -->
<testsuite hostname="ZAUSV-GSAHA" failures="0" tests="1" name="Test_Suite.ClientPortal_RegressionSuite" time="708.110" errors="0" timestamp="2023-05-02T20:32:31 IST" skipped="0">
  <testcase classname="Test_Suite.ClientPortal_RegressionSuite" name="TC05_PromoteToProd_WPSAdmin" time="708.110"/>
  <system-out/>
</testsuite> <!-- Test_Suite.ClientPortal_RegressionSuite -->
