<?xml version="1.0" encoding="UTF-8"?>
<!-- Generated by org.testng.reporters.JUnitReportReporter -->
<testsuite hostname="ZAUSV-ARAKSHI" failures="0" tests="1" name="Test_Suite.WEL_Test_Suite" time="23.700" errors="0" timestamp="2023-02-21T18:56:20 IST" skipped="0">
  <testcase classname="Test_Suite.WEL_Test_Suite" name="TC77_Verify_TheFreeTrail_FormForCMACPACFAProducts" time="23.700"/>
  <system-out/>
</testsuite> <!-- Test_Suite.WEL_Test_Suite -->
