<?xml version="1.0" encoding="UTF-8"?>
<!-- Generated by org.testng.reporters.JUnitReportReporter -->
<testsuite hostname="ZAUSV-ARAKSHI" failures="0" tests="1" name="Test_Suite.AGS_Test_Suite" time="200.801" errors="0" timestamp="2023-02-11T23:01:58 IST" skipped="0">
  <testcase classname="Test_Suite.AGS_Test_Suite" name="TC10_Place_Order_Non_US_Address" time="200.801"/>
  <system-out/>
</testsuite> <!-- Test_Suite.AGS_Test_Suite -->
