<?xml version="1.0" encoding="UTF-8"?>
<!-- Generated by org.testng.reporters.JUnitReportReporter -->
<testsuite hostname="ZAUSV-GSAHA" failures="0" tests="62" name="Test_Suite.WEL_Test_Suite" time="5961.103" errors="0" timestamp="2023-06-19T15:16:46 IST" skipped="0">
  <testcase classname="Test_Suite.WEL_Test_Suite" name="TC28_StudentVerification_ForDigitalCartofUSANDNonUS" time="71.004"/>
  <system-out/>
  <testcase classname="Test_Suite.WEL_Test_Suite" name="TC38_Multiple_To_And_Fro_Navigation_Between_Shipping_And_Billing" time="190.986"/>
  <system-out/>
  <testcase classname="Test_Suite.WEL_Test_Suite" name="TC20_PlaceOrder_OfOther_ProductsCIACAIAFor_NewUser" time="146.581"/>
  <system-out/>
  <testcase classname="Test_Suite.WEL_Test_Suite" name="TC15_PlaceOrder_CMACPACFA_DigitalProducts_ForNewUser" time="51.023"/>
  <system-out/>
  <testcase classname="Test_Suite.WEL_Test_Suite" name="TC51_PlaceOrder_IndiaAddress" time="91.929"/>
  <system-out/>
  <testcase classname="Test_Suite.WEL_Test_Suite" name="TC27_AddressSuggestion_ByAddressDoctorInShippingpage" time="140.474"/>
  <system-out/>
  <testcase classname="Test_Suite.WEL_Test_Suite" name="TC72_PlaceExistingUser_OrderForDigitalProduct_CPATestBank_AndValidatThetax" time="97.158"/>
  <system-out/>
  <testcase classname="Test_Suite.WEL_Test_Suite" name="TC36_PlaceOrder_withPaypalCredit_OptionForExistingUser" time="167.537"/>
  <system-out/>
  <testcase classname="Test_Suite.WEL_Test_Suite" name="TC23_PlaceOrder_OfOther_ProductsCIA_FreeTrailFor_NewUser" time="36.587"/>
  <system-out/>
  <testcase classname="Test_Suite.WEL_Test_Suite" name="TC18_PlaceOrderof_CPACMA_PhysitalProducts_And_CFAPhysicalReviewCourse_ProductForExistingUser" time="31.476"/>
  <system-out/>
  <testcase classname="Test_Suite.WEL_Test_Suite" name="TC42_Place_order_with_partner_product_having_price" time="103.825"/>
  <system-out/>
  <testcase classname="Test_Suite.WEL_Test_Suite" name="TC26_ShippingChargeFor_MultipleProducts" time="46.935"/>
  <system-out/>
  <testcase classname="Test_Suite.WEL_Test_Suite" name="TC71_PlaceNewUser_OrderForDigitalProduct_CPATestBank_AndValidatThetax" time="106.659"/>
  <system-out/>
  <testcase classname="Test_Suite.WEL_Test_Suite" name="TC69_PlaceNewUser_OrderForPhysicalProduct_CFALevelI_PlatinumAndValidateThetax" time="100.966"/>
  <system-out/>
  <testcase classname="Test_Suite.WEL_Test_Suite" name="TC01_Standalone_UserRegistration" time="68.558"/>
  <system-out/>
  <testcase classname="Test_Suite.WEL_Test_Suite" name="TC35_PlaceOrder_withPaypalPayment_OptionForExistingUser" time="156.118"/>
  <system-out/>
  <testcase classname="Test_Suite.WEL_Test_Suite" name="TC11_AddToCartFor_LoggedInUser" time="90.868"/>
  <system-out/>
  <testcase classname="Test_Suite.WEL_Test_Suite" name="TC05_UserLoginDuring_Checkout" time="126.760"/>
  <system-out/>
  <testcase classname="Test_Suite.WEL_Test_Suite" name="TC10_AddToCart_WithPromoCode_InAnonymousCart" time="52.377"/>
  <system-out/>
  <testcase classname="Test_Suite.WEL_Test_Suite" name="TC22_PlaceOrder_CPACMACFA_FreeTrailFor_ExistingUser" time="117.930"/>
  <system-out/>
  <testcase classname="Test_Suite.WEL_Test_Suite" name="TC09_AddToCart_WithStudentDiscount_InAnonymousCart" time="48.068"/>
  <system-out/>
  <testcase classname="Test_Suite.WEL_Test_Suite" name="TC14_ExtraDiscount_CouponCodeGOVT" time="51.426"/>
  <system-out/>
  <testcase classname="Test_Suite.WEL_Test_Suite" name="TC31_ShippingAndBilling_AddressSamefor_NewUser" time="112.811"/>
  <system-out/>
  <testcase classname="Test_Suite.WEL_Test_Suite" name="TC43_PlaceOrderwith_PartnerProduct_Having100Percent_Discount" time="48.203"/>
  <system-out/>
  <testcase classname="Test_Suite.WEL_Test_Suite" name="TC49_Place_Order_With_Some_Parts_New_User" time="95.664"/>
  <system-out/>
  <testcase classname="Test_Suite.WEL_Test_Suite" name="TC19_PlaceOrderOf_CPACMACFA_SupplementCourse_ForNewUser" time="167.221"/>
  <system-out/>
  <testcase classname="Test_Suite.WEL_Test_Suite" name="TC44_PlaceOrderFor_UniversityPartner_Product" time="114.470"/>
  <system-out/>
  <testcase classname="Test_Suite.WEL_Test_Suite" name="TC50_PlaceOrder_CanadaAddress" time="89.449"/>
  <system-out/>
  <testcase classname="Test_Suite.WEL_Test_Suite" name="TC08_UserRedirection_ToForgotORChangePassword_PageAfter3Failed_AttemptsToLogin" time="40.095"/>
  <system-out/>
  <testcase classname="Test_Suite.WEL_Test_Suite" name="TC70_PlaceExistingUser_OrderForPhysicalProduct_CFALevelI_PlatinumAndValidateThetax" time="101.565"/>
  <system-out/>
  <testcase classname="Test_Suite.WEL_Test_Suite" name="TC47_Tax_Recalculation_After_Editing_Shipping_Address" time="158.327"/>
  <system-out/>
  <testcase classname="Test_Suite.WEL_Test_Suite" name="TC75_Check_Add_To_Cart_Functionality_for_Heads_Up_Validation" time="82.122"/>
  <system-out/>
  <testcase classname="Test_Suite.WEL_Test_Suite" name="TC16_PlaceOrder_CMACPACFA_DigitalProducts_ForExistingUser" time="71.083"/>
  <system-out/>
  <testcase classname="Test_Suite.WEL_Test_Suite" name="TC64_Validate_Dont_Ship_To_PO_Box_Message" time="59.186"/>
  <system-out/>
  <testcase classname="Test_Suite.WEL_Test_Suite" name="TC52_PlaceOrder_ChinaAddress" time="89.738"/>
  <system-out/>
  <testcase classname="Test_Suite.WEL_Test_Suite" name="TC53_PlaceOrder_JapanAddress" time="91.787"/>
  <system-out/>
  <testcase classname="Test_Suite.WEL_Test_Suite" name="TC30_PlaceOrder_UsingSavedBillingAddress_ForExistingUser" time="117.547"/>
  <system-out/>
  <testcase classname="Test_Suite.WEL_Test_Suite" name="TC73_ValidateTaxin_IndiaForPhysicalOrder" time="91.011"/>
  <system-out/>
  <testcase classname="Test_Suite.WEL_Test_Suite" name="TC29_StudentVerification_ForPhysicalCartofUSANDNonUS" time="108.339"/>
  <system-out/>
  <testcase classname="Test_Suite.WEL_Test_Suite" name="TC48_Tax_Recalculation_After_Editing_Billing_Address" time="135.503"/>
  <system-out/>
  <testcase classname="Test_Suite.WEL_Test_Suite" name="TC34_PlaceOrder_withPaypalPayment_OptionForNewUser" time="138.737"/>
  <system-out/>
  <testcase classname="Test_Suite.WEL_Test_Suite" name="TC46_Tax_Recalculation_After_Editing_Shipping_Method" time="148.122"/>
  <system-out/>
  <testcase classname="Test_Suite.WEL_Test_Suite" name="TC77_Verify_TheFreeTrail_FormForCMACPACFAProducts" time="26.829"/>
  <system-out/>
  <testcase classname="Test_Suite.WEL_Test_Suite" name="TC62_Email_Verification_For__New_User" time="125.684"/>
  <system-out/>
  <testcase classname="Test_Suite.WEL_Test_Suite" name="TC02_UserRegistration_DuringCheckoutForPhysicalCart" time="76.225"/>
  <system-out/>
  <testcase classname="Test_Suite.WEL_Test_Suite" name="TC37_PlaceOrder_withPaypalCredit_OptionForNewUser" time="170.095"/>
  <system-out/>
  <testcase classname="Test_Suite.WEL_Test_Suite" name="TC04_LoginFor_NewlyRegisteredUser" time="38.378"/>
  <system-out/>
  <testcase classname="Test_Suite.WEL_Test_Suite" name="TC74_WEL_Cart_Upsells_Add_Summary_Line" time="48.064"/>
  <system-out/>
  <testcase classname="Test_Suite.WEL_Test_Suite" name="TC12_QunatityRestriction_ForPhysicalProduct" time="41.284"/>
  <system-out/>
  <testcase classname="Test_Suite.WEL_Test_Suite" name="TC24_PlaceOrder_UsingSavedShippingAddress_ForExistingUser" time="138.001"/>
  <system-out/>
  <testcase classname="Test_Suite.WEL_Test_Suite" name="TC79_Email_Format_Validation" time="132.957"/>
  <system-out/>
  <testcase classname="Test_Suite.WEL_Test_Suite" name="TC33_AddressSuggestion_ByAddressDoctorInBillingpage" time="120.501"/>
  <system-out/>
  <testcase classname="Test_Suite.WEL_Test_Suite" name="TC03_UserRegistration_DuringCheckoutForDigitalCartwith_NonUSBillingAddress" time="110.270"/>
  <system-out/>
  <testcase classname="Test_Suite.WEL_Test_Suite" name="TC32_ShippingAndBilling_AddressDifferentfor_NewUser" time="112.040"/>
  <system-out/>
  <testcase classname="Test_Suite.WEL_Test_Suite" name="TC17_PlaceOrderof_CPACMA_PhysitalProducts_And_CFAPhysicalReviewCourse_ProductForNewUser" time="33.553"/>
  <system-out/>
  <testcase classname="Test_Suite.WEL_Test_Suite" name="TC07_ForgotPasswordDuring_Checkout" time="83.874"/>
  <system-out/>
  <testcase classname="Test_Suite.WEL_Test_Suite" name="TC25_ShippingMethodfor_USUKAustralia_CanadaIndiaSingapore" time="151.945"/>
  <system-out/>
  <testcase classname="Test_Suite.WEL_Test_Suite" name="TC13_PlaceOrder_WithmultipleProducts_And_PromotionForExistingUser" time="61.336"/>
  <system-out/>
  <testcase classname="Test_Suite.WEL_Test_Suite" name="TC80_Validate_the_Email_Id_Format_In_Checkout_Login_And_Registration_Page" time="66.968"/>
  <system-out/>
  <testcase classname="Test_Suite.WEL_Test_Suite" name="TC06_Standalone_ForgotPassword" time="113.011"/>
  <system-out/>
  <testcase classname="Test_Suite.WEL_Test_Suite" name="TC21_PlaceOrder_CPACMACFA_FreeTrailFor_NewUser" time="100.010"/>
  <system-out/>
  <testcase classname="Test_Suite.WEL_Test_Suite" name="TC61_Validate_Cookie_Management" time="53.853"/>
  <system-out/>
</testsuite> <!-- Test_Suite.WEL_Test_Suite -->
