<?xml version="1.0" encoding="UTF-8"?>
<!-- Generated by org.testng.reporters.JUnitReportReporter -->
<testsuite hostname="ZAUSV-ARAKSHI" failures="0" tests="1" name="TestSuite.WileyPLUS_Prod_Test_Suite" time="72.755" errors="0" timestamp="2023-05-18T17:20:31 IST" skipped="0">
  <testcase classname="TestSuite.WileyPLUS_Prod_Test_Suite" name="TC15_Check_ISBN_Not_Preset_In_WileyPLUS_PDP" time="72.755"/>
  <system-out/>
</testsuite> <!-- TestSuite.WileyPLUS_Prod_Test_Suite -->
