<?xml version="1.0" encoding="UTF-8"?>
<!-- Generated by org.testng.reporters.JUnitReportReporter -->
<testsuite hostname="ZAUSV-GSAHA" failures="0" tests="15" name="Test_Suite.AGS_Test_Suite" time="1113.447" errors="0" timestamp="2023-01-11T16:01:18 IST" skipped="0">
  <testcase classname="Test_Suite.AGS_Test_Suite" name="TC09_Place_Order_With_Existing_User" time="79.191"/>
  <system-out/>
  <testcase classname="Test_Suite.AGS_Test_Suite" name="TC15_Riskified_Declined_Order" time="80.309"/>
  <system-out/>
  <testcase classname="Test_Suite.AGS_Test_Suite" name="TC07_Verify_tax_Non_US_Address" time="163.463"/>
  <system-out/>
  <testcase classname="Test_Suite.AGS_Test_Suite" name="TC12_Edit_Billing_Address" time="24.685"/>
  <system-out/>
  <testcase classname="Test_Suite.AGS_Test_Suite" name="TC13_Edit_Card_Details" time="28.087"/>
  <system-out/>
  <testcase classname="Test_Suite.AGS_Test_Suite" name="TC06_Zero_Dollar_Flow" time="24.637"/>
  <system-out/>
  <testcase classname="Test_Suite.AGS_Test_Suite" name="TC10_Place_Order_Non_US_Address" time="102.034"/>
  <system-out/>
  <testcase classname="Test_Suite.AGS_Test_Suite" name="TC04_Reset_Password_My_Account" time="18.506"/>
  <system-out/>
  <testcase classname="Test_Suite.AGS_Test_Suite" name="TC01_Anonymous_User_Registration" time="174.649"/>
  <system-out/>
  <testcase classname="Test_Suite.AGS_Test_Suite" name="TC05_ResetPasswordFromLoginPage" time="40.154"/>
  <system-out/>
  <testcase classname="Test_Suite.AGS_Test_Suite" name="TC11_Edit_Profile" time="21.653"/>
  <system-out/>
  <testcase classname="Test_Suite.AGS_Test_Suite" name="TC14_Manage_Subscription_Auto_Renew_Toggle_validation" time="15.219"/>
  <system-out/>
  <testcase classname="Test_Suite.AGS_Test_Suite" name="TC08_Place_Order_With_Discount_Code" time="157.164"/>
  <system-out/>
  <testcase classname="Test_Suite.AGS_Test_Suite" name="TC02_User_Submit_Order_Monthly" time="153.758"/>
  <system-out/>
  <testcase classname="Test_Suite.AGS_Test_Suite" name="TC03_Standalone_Registration_and_Login" time="29.938"/>
  <system-out/>
</testsuite> <!-- Test_Suite.AGS_Test_Suite -->
