<?xml version="1.0" encoding="UTF-8"?>
<!-- Generated by org.testng.reporters.JUnitReportReporter -->
<testsuite hostname="ZAUSV-GSAHA" failures="0" tests="1" name="Test_Suite.WEL_Test_Suite" time="110.267" errors="0" timestamp="2023-01-26T15:25:57 IST" skipped="0">
  <testcase classname="Test_Suite.WEL_Test_Suite" name="TC25_ShippingMethodfor_USUKAustralia_CanadaIndiaSingapore" time="110.267"/>
  <system-out/>
</testsuite> <!-- Test_Suite.WEL_Test_Suite -->
