<?xml version="1.0" encoding="UTF-8"?>
<!-- Generated by org.testng.reporters.JUnitReportReporter -->
<testsuite hostname="ZAUSV-ARAKSHI" failures="0" tests="1" name="TestSuite.Wiley_Prod_Test_Suite" time="108.320" errors="0" timestamp="2023-04-25T12:25:21 IST" skipped="0">
  <testcase classname="TestSuite.Wiley_Prod_Test_Suite" name="TC26_Sort_Functionality_In_SRP_With_Pagination" time="108.320"/>
  <system-out/>
</testsuite> <!-- TestSuite.Wiley_Prod_Test_Suite -->
