<?xml version="1.0" encoding="UTF-8"?>
<!-- Generated by org.testng.reporters.JUnitReportReporter -->
<testsuite hostname="ZAUSV-ARAKSHI" failures="0" tests="1" name="Test_Suite.WEL_Test_Suite" time="154.700" errors="0" timestamp="2023-03-01T19:17:34 IST" skipped="0">
  <testcase classname="Test_Suite.WEL_Test_Suite" name="TC51_PlaceOrder_IndiaAddress" time="154.700"/>
  <system-out/>
</testsuite> <!-- Test_Suite.WEL_Test_Suite -->
