<?xml version="1.0" encoding="UTF-8"?>
<!-- Generated by org.testng.reporters.JUnitReportReporter -->
<testsuite hostname="ZAUSV-ARAKSHI" failures="0" tests="5" name="TestSuite.Wiley_Prod_Test_Suite" time="281.064" errors="0" timestamp="2023-04-17T15:24:33 IST" skipped="0">
  <testcase classname="TestSuite.Wiley_Prod_Test_Suite" name="TC12_Content_Search_ResultPage" time="24.146"/>
  <system-out/>
  <testcase classname="TestSuite.Wiley_Prod_Test_Suite" name="TC07_ProductListPage" time="26.488"/>
  <system-out/>
  <testcase classname="TestSuite.Wiley_Prod_Test_Suite" name="TC17_Login_Page_Validation" time="107.577"/>
  <system-out/>
  <testcase classname="TestSuite.Wiley_Prod_Test_Suite" name="TC23_Add_Coupon_To_Cart" time="90.681"/>
  <system-out/>
  <testcase classname="TestSuite.Wiley_Prod_Test_Suite" name="TC15_Product_Search_Results_Page_Facet_Validation" time="32.172"/>
  <system-out/>
</testsuite> <!-- TestSuite.Wiley_Prod_Test_Suite -->
