<?xml version="1.0" encoding="UTF-8"?>
<!-- Generated by org.testng.reporters.JUnitReportReporter -->
<testsuite hostname="ZAUSV-ARAKSHI" failures="0" tests="1" name="Test_Suite.WileyPLUS_Test_Suite" time="226.201" errors="0" timestamp="2023-03-06T16:30:10 IST" skipped="0">
  <testcase classname="Test_Suite.WileyPLUS_Test_Suite" name="TC21_Place_WileyPLUS_USD_Order_From_Frontend" time="226.201"/>
  <system-out/>
</testsuite> <!-- Test_Suite.WileyPLUS_Test_Suite -->
