<?xml version="1.0" encoding="UTF-8"?>
<!-- Generated by org.testng.reporters.JUnitReportReporter -->
<testsuite hostname="ZAUSV-GSAHA" failures="0" tests="34" name="Test_Suite.Wiley_NA_Cart_Test_Suite" time="3690.667" errors="0" timestamp="2023-01-03T16:42:55 IST" skipped="0">
  <testcase classname="Test_Suite.Wiley_NA_Cart_Test_Suite" name="TC26_Login_Page_Validation" time="125.969"/>
  <system-out/>
  <testcase classname="Test_Suite.Wiley_NA_Cart_Test_Suite" name="TC13_eBook_Rental_product_Purchase" time="96.801"/>
  <system-out/>
  <testcase classname="Test_Suite.Wiley_NA_Cart_Test_Suite" name="TC23_Existing_User_Tax_for_Digital_Product" time="114.299"/>
  <system-out/>
  <testcase classname="Test_Suite.Wiley_NA_Cart_Test_Suite" name="TC12_Product_having_ADD_Promotion" time="119.171"/>
  <system-out/>
  <testcase classname="Test_Suite.Wiley_NA_Cart_Test_Suite" name="TC16_Higher_Education_Physical_product_purchase" time="127.135"/>
  <system-out/>
  <testcase classname="Test_Suite.Wiley_NA_Cart_Test_Suite" name="TC19_Country_Restriction_Validation" time="76.474"/>
  <system-out/>
  <testcase classname="Test_Suite.Wiley_NA_Cart_Test_Suite" name="TC33_Forgot_Password_Functionality" time="101.941"/>
  <system-out/>
  <testcase classname="Test_Suite.Wiley_NA_Cart_Test_Suite" name="TC06_Mixed_productpurchase_ForExistingUser" time="120.246"/>
  <system-out/>
  <testcase classname="Test_Suite.Wiley_NA_Cart_Test_Suite" name="TC14_Textbook_Rental_product_purchase" time="119.967"/>
  <system-out/>
  <testcase classname="Test_Suite.Wiley_NA_Cart_Test_Suite" name="TC17_Purchase_with_Coupon_Discount" time="123.617"/>
  <system-out/>
  <testcase classname="Test_Suite.Wiley_NA_Cart_Test_Suite" name="TC01_Digital_Product_Purchase_New_User" time="126.891"/>
  <system-out/>
  <testcase classname="Test_Suite.Wiley_NA_Cart_Test_Suite" name="TC04_Physical_Product_Purchase_Guest_User" time="106.678"/>
  <system-out/>
  <testcase classname="Test_Suite.Wiley_NA_Cart_Test_Suite" name="TC25_Searching_by_Keyword_Rguroo" time="19.118"/>
  <system-out/>
  <testcase classname="Test_Suite.Wiley_NA_Cart_Test_Suite" name="TC30_Cart_Merge_Functionality" time="131.504"/>
  <system-out/>
  <testcase classname="Test_Suite.Wiley_NA_Cart_Test_Suite" name="TC32_Preorder_Backorder_Flow_With_Print_Pdf_Page" time="202.574"/>
  <system-out/>
  <testcase classname="Test_Suite.Wiley_NA_Cart_Test_Suite" name="TC15_eBundle_product_purchase" time="116.098"/>
  <system-out/>
  <testcase classname="Test_Suite.Wiley_NA_Cart_Test_Suite" name="TC05_Physical_productpurchase_ForExistingUser" time="104.061"/>
  <system-out/>
  <testcase classname="Test_Suite.Wiley_NA_Cart_Test_Suite" name="TC18_Tax_Recalculation" time="94.803"/>
  <system-out/>
  <testcase classname="Test_Suite.Wiley_NA_Cart_Test_Suite" name="TC27_Validate_AEM_Header_Footer" time="12.982"/>
  <system-out/>
  <testcase classname="Test_Suite.Wiley_NA_Cart_Test_Suite" name="TC09_Higher_Education_Digitalproductpurchase_ForNewUser" time="111.599"/>
  <system-out/>
  <testcase classname="Test_Suite.Wiley_NA_Cart_Test_Suite" name="TC29_Cart_Page_UI_Validation" time="37.168"/>
  <system-out/>
  <testcase classname="Test_Suite.Wiley_NA_Cart_Test_Suite" name="TC34_Verify_VETCONSULT_Purchase_Option_on_PDPpage" time="58.106"/>
  <system-out/>
  <testcase classname="Test_Suite.Wiley_NA_Cart_Test_Suite" name="TC24_Verify_Shipping_Methods_for_POD_Products" time="69.584"/>
  <system-out/>
  <testcase classname="Test_Suite.Wiley_NA_Cart_Test_Suite" name="TC31_Zero_Dollar_Flow_For_Digital_Product" time="124.676"/>
  <system-out/>
  <testcase classname="Test_Suite.Wiley_NA_Cart_Test_Suite" name="TC10_Shipping_And_BillingAddresses_Same" time="103.023"/>
  <system-out/>
  <testcase classname="Test_Suite.Wiley_NA_Cart_Test_Suite" name="TC07_Mixed_Product_Some_Stock_New_User" time="145.865"/>
  <system-out/>
  <testcase classname="Test_Suite.Wiley_NA_Cart_Test_Suite" name="TC08_Mixed_Product_No_Stock_Guest_User" time="145.346"/>
  <system-out/>
  <testcase classname="Test_Suite.Wiley_NA_Cart_Test_Suite" name="TC20_New_user_tax_for_physical_product" time="119.410"/>
  <system-out/>
  <testcase classname="Test_Suite.Wiley_NA_Cart_Test_Suite" name="TC03_Physical_productpurchase_ForNewUser" time="116.809"/>
  <system-out/>
  <testcase classname="Test_Suite.Wiley_NA_Cart_Test_Suite" name="TC02_Digital_productpurchase_ForExistingUser" time="115.917"/>
  <system-out/>
  <testcase classname="Test_Suite.Wiley_NA_Cart_Test_Suite" name="TC22_New_User_Tax_for_Digital_product" time="123.643"/>
  <system-out/>
  <testcase classname="Test_Suite.Wiley_NA_Cart_Test_Suite" name="TC11_Shipping_And_BillingAddresses_different" time="119.952"/>
  <system-out/>
  <testcase classname="Test_Suite.Wiley_NA_Cart_Test_Suite" name="TC21_Existing_user_tax_for_physical_product" time="106.703"/>
  <system-out/>
  <testcase classname="Test_Suite.Wiley_NA_Cart_Test_Suite" name="TC28_Cart_Update_from_Digital_to_Phygital" time="152.537"/>
  <system-out/>
</testsuite> <!-- Test_Suite.Wiley_NA_Cart_Test_Suite -->
