<?xml version="1.0" encoding="UTF-8"?>
<!-- Generated by org.testng.reporters.JUnitReportReporter -->
<testsuite hostname="ZAUSV-GSAHA" failures="0" tests="2" name="Test_Suite.ClientPortal_RegressionSuite" time="103.700" errors="0" timestamp="2023-07-07T17:17:05 IST" skipped="0">
  <testcase classname="Test_Suite.ClientPortal_RegressionSuite" name="TC01_Login_WPSAdmin" time="46.752"/>
  <system-out/>
  <testcase classname="Test_Suite.ClientPortal_RegressionSuite" name="TC02_AddNewClientApp_WPSAdmin" time="56.948"/>
  <system-out/>
</testsuite> <!-- Test_Suite.ClientPortal_RegressionSuite -->
