<?xml version="1.0" encoding="UTF-8"?>
<!-- Generated by org.testng.reporters.JUnitReportReporter -->
<testsuite hostname="ZAUSV-JBISWAS" failures="0" tests="38" name="Test_Suite.TestHarness_RegressionSuite" time="1016.596" errors="0" timestamp="2023-03-17T14:20:24 IST" skipped="0">
  <testcase classname="Test_Suite.TestHarness_RegressionSuite" name="TC05_HTTP_Tokenise_Error_Message" time="28.772"/>
  <system-out/>
  <testcase classname="Test_Suite.TestHarness_RegressionSuite" name="TC19_HTTP_Validate_for_Token_Auth_Settle_Error_Message" time="25.433"/>
  <system-out/>
  <testcase classname="Test_Suite.TestHarness_RegressionSuite" name="TC34_HTTP_Embedded_AuthCapture_ES_Stripe_Validation" time="44.040"/>
  <system-out/>
  <testcase classname="Test_Suite.TestHarness_RegressionSuite" name="TC08_HTTP_Validate_ES_Stripe_Validation" time="26.235"/>
  <system-out/>
  <testcase classname="Test_Suite.TestHarness_RegressionSuite" name="TC14_HTTP_TokenAuth_ES_Stripe_Validation" time="29.440"/>
  <system-out/>
  <testcase classname="Test_Suite.TestHarness_RegressionSuite" name="TC07_HTTP_Validate_IFrame" time="10.043"/>
  <system-out/>
  <testcase classname="Test_Suite.TestHarness_RegressionSuite" name="TC13_HTTP_AuthSettle_Error_Message" time="18.498"/>
  <system-out/>
  <testcase classname="Test_Suite.TestHarness_RegressionSuite" name="TC11_HTTP_Authorise_Error_Message" time="15.294"/>
  <system-out/>
  <testcase classname="Test_Suite.TestHarness_RegressionSuite" name="TC18_HTTP_TokenAuthSettle_ES_Stripe_Validation" time="24.055"/>
  <system-out/>
  <testcase classname="Test_Suite.TestHarness_RegressionSuite" name="TC15_HTTP_Validate_for_Token_Auth_Error_Message" time="28.357"/>
  <system-out/>
  <testcase classname="Test_Suite.TestHarness_RegressionSuite" name="TC04_HTTP_Tokenise_ES_Stripe_Validation" time="31.454"/>
  <system-out/>
  <testcase classname="Test_Suite.TestHarness_RegressionSuite" name="TC36_HTTP_NonEmbedded_Auth_ES_Stripe_Validation" time="30.352"/>
  <system-out/>
  <testcase classname="Test_Suite.TestHarness_RegressionSuite" name="TC37_HTTP_NonEmbedded_AuthCapture_ES_Stripe_Validation" time="30.661"/>
  <system-out/>
  <testcase classname="Test_Suite.TestHarness_RegressionSuite" name="TC20_HTTP_VoidAuth_ES_Stripe_Validation" time="25.105"/>
  <system-out/>
  <testcase classname="Test_Suite.TestHarness_RegressionSuite" name="TC33_HTTP_Embedded_Auth_ES_Stripe_Validation" time="44.815"/>
  <system-out/>
  <testcase classname="Test_Suite.TestHarness_RegressionSuite" name="TC02_HTTP_Tokenise_Request_Response" time="33.567"/>
  <system-out/>
  <testcase classname="Test_Suite.TestHarness_RegressionSuite" name="TC22_SOAP_Probe_ES_Stripe_Validation" time="11.454"/>
  <system-out/>
  <testcase classname="Test_Suite.TestHarness_RegressionSuite" name="TC16_HTTP_TokenSettle_ES_Stripe_Validation" time="23.374"/>
  <system-out/>
  <testcase classname="Test_Suite.TestHarness_RegressionSuite" name="TC25_SOAP_TokenAuth_Error_Message_Validation" time="21.966"/>
  <system-out/>
  <testcase classname="Test_Suite.TestHarness_RegressionSuite" name="TC17_HTTP_Validate_for_Token_Settle_Error_Message" time="28.127"/>
  <system-out/>
  <testcase classname="Test_Suite.TestHarness_RegressionSuite" name="TC35_HTTP_Embedded_SaveCard_ES_Stripe_Validation" time="35.524"/>
  <system-out/>
  <testcase classname="Test_Suite.TestHarness_RegressionSuite" name="TC03_HTTP_Tokenise_IFrame" time="10.142"/>
  <system-out/>
  <testcase classname="Test_Suite.TestHarness_RegressionSuite" name="TC24_SOAP_TokenAuth_ES_Stripe_Validation" time="23.614"/>
  <system-out/>
  <testcase classname="Test_Suite.TestHarness_RegressionSuite" name="TC01_HTTP_Probe" time="5.152"/>
  <system-out/>
  <testcase classname="Test_Suite.TestHarness_RegressionSuite" name="TC32_SOAP_VoidAuth_Error_Message" time="9.499"/>
  <system-out/>
  <testcase classname="Test_Suite.TestHarness_RegressionSuite" name="TC38_HTTP_NonEmbedded_SaveCard_ES_Stripe_Validation" time="107.502"/>
  <system-out/>
  <testcase classname="Test_Suite.TestHarness_RegressionSuite" name="TC28_SOAP_TokenAuthSettle_ES_Stripe_Validation" time="21.016"/>
  <system-out/>
  <testcase classname="Test_Suite.TestHarness_RegressionSuite" name="TC09_HTTP_Validate_Error_Message" time="25.366"/>
  <system-out/>
  <testcase classname="Test_Suite.TestHarness_RegressionSuite" name="TC26_SOAP_TokenSettle_ES_Stripe_Validation" time="22.205"/>
  <system-out/>
  <testcase classname="Test_Suite.TestHarness_RegressionSuite" name="TC31_SOAP_VoidAuth_ES_Stripe_Validation" time="49.930"/>
  <system-out/>
  <testcase classname="Test_Suite.TestHarness_RegressionSuite" name="TC30_SOAP_TokenRefund_ES_Stripe_Validation" time="22.752"/>
  <system-out/>
  <testcase classname="Test_Suite.TestHarness_RegressionSuite" name="TC12_HTTP_AuthSettle_ES_Stripe_Validation" time="30.046"/>
  <system-out/>
  <testcase classname="Test_Suite.TestHarness_RegressionSuite" name="TC10_HTTP_Authorise_ES_Stripe_Validation" time="29.194"/>
  <system-out/>
  <testcase classname="Test_Suite.TestHarness_RegressionSuite" name="TC21_HTTP_Validate_for_Void_Auth_Error_Message" time="24.119"/>
  <system-out/>
  <testcase classname="Test_Suite.TestHarness_RegressionSuite" name="TC23_SOAP_Probe_Error_Message_Validation" time="10.908"/>
  <system-out/>
  <testcase classname="Test_Suite.TestHarness_RegressionSuite" name="TC27_SOAP_TokenSettle_Error_Message_Validation" time="21.832"/>
  <system-out/>
  <testcase classname="Test_Suite.TestHarness_RegressionSuite" name="TC06_HTTP_Validate_Request_Response" time="28.058"/>
  <system-out/>
  <testcase classname="Test_Suite.TestHarness_RegressionSuite" name="TC29_SOAP_TokenAuthSettle_Error_Message" time="8.695"/>
  <system-out/>
</testsuite> <!-- Test_Suite.TestHarness_RegressionSuite -->
