<?xml version="1.0" encoding="UTF-8"?>
<!-- Generated by org.testng.reporters.JUnitReportReporter -->
<testsuite hostname="ZAUSV-ARAKSHI" failures="0" tests="15" name="Test_Suite.AGS_Test_Suite" time="1661.813" errors="0" timestamp="2023-04-10T22:15:37 IST" skipped="0">
  <testcase classname="Test_Suite.AGS_Test_Suite" name="TC05_ResetPasswordFromLoginPage" time="67.032"/>
  <system-out/>
  <testcase classname="Test_Suite.AGS_Test_Suite" name="TC11_Edit_Profile" time="31.259"/>
  <system-out/>
  <testcase classname="Test_Suite.AGS_Test_Suite" name="TC03_Standalone_Registration_and_Login" time="22.566"/>
  <system-out/>
  <testcase classname="Test_Suite.AGS_Test_Suite" name="TC07_Verify_tax_Non_US_Address" time="239.627"/>
  <system-out/>
  <testcase classname="Test_Suite.AGS_Test_Suite" name="TC01_Anonymous_User_Registration" time="274.410"/>
  <system-out/>
  <testcase classname="Test_Suite.AGS_Test_Suite" name="TC02_User_Submit_Order_Monthly" time="243.195"/>
  <system-out/>
  <testcase classname="Test_Suite.AGS_Test_Suite" name="TC08_Place_Order_With_Discount_Code" time="208.931"/>
  <system-out/>
  <testcase classname="Test_Suite.AGS_Test_Suite" name="TC04_Reset_Password_My_Account" time="13.533"/>
  <system-out/>
  <testcase classname="Test_Suite.AGS_Test_Suite" name="TC06_Zero_Dollar_Flow" time="23.871"/>
  <system-out/>
  <testcase classname="Test_Suite.AGS_Test_Suite" name="TC12_Edit_Billing_Address" time="21.994"/>
  <system-out/>
  <testcase classname="Test_Suite.AGS_Test_Suite" name="TC13_Edit_Card_Details" time="25.870"/>
  <system-out/>
  <testcase classname="Test_Suite.AGS_Test_Suite" name="TC10_Place_Order_Non_US_Address" time="270.143"/>
  <system-out/>
  <testcase classname="Test_Suite.AGS_Test_Suite" name="TC14_Manage_Subscription_Auto_Renew_Toggle_validation" time="22.477"/>
  <system-out/>
  <testcase classname="Test_Suite.AGS_Test_Suite" name="TC09_Place_Order_With_Existing_User" time="82.427"/>
  <system-out/>
  <testcase classname="Test_Suite.AGS_Test_Suite" name="TC15_Riskified_Declined_Order" time="114.478"/>
  <system-out/>
</testsuite> <!-- Test_Suite.AGS_Test_Suite -->
