<?xml version="1.0" encoding="UTF-8"?>
<!-- Generated by org.testng.reporters.JUnitReportReporter -->
<testsuite hostname="ZAUSV-GSAHA" failures="0" tests="22" name="Test_Suite.WileyPLUS_Test_Suite" time="1508.021" errors="0" timestamp="2023-03-13T18:25:04 IST" skipped="0">
  <testcase classname="Test_Suite.WileyPLUS_Test_Suite" name="TC05_Check_If_URL_Not_Truncated_For_WileyPLUS" time="54.356"/>
  <system-out/>
  <testcase classname="Test_Suite.WileyPLUS_Test_Suite" name="TC11_New_Tab_Opened_After_Clicking_Login_To_WileyPLUS_Button" time="53.960"/>
  <system-out/>
  <testcase classname="Test_Suite.WileyPLUS_Test_Suite" name="TC21_Place_WileyPLUS_USD_Order_From_Frontend" time="78.080"/>
  <system-out/>
  <testcase classname="Test_Suite.WileyPLUS_Test_Suite" name="TC01_SRP_For_WileyPLUS" time="57.274"/>
  <system-out/>
  <testcase classname="Test_Suite.WileyPLUS_Test_Suite" name="TC07_Verify_Additional_UI_Adjustments_WileyPLUS_PDP" time="68.240"/>
  <system-out/>
  <testcase classname="Test_Suite.WileyPLUS_Test_Suite" name="TC15_Course_Details_During_WileyPLUS_Checkout" time="144.448"/>
  <system-out/>
  <testcase classname="Test_Suite.WileyPLUS_Test_Suite" name="TC20_Place_WileyPLUS_CAD_Order_From_Frontend" time="86.810"/>
  <system-out/>
  <testcase classname="Test_Suite.WileyPLUS_Test_Suite" name="TC06_Format_Facet_WileyPLUS" time="36.715"/>
  <system-out/>
  <testcase classname="Test_Suite.WileyPLUS_Test_Suite" name="TC17_Check_Global_Saved_Shipping_Address" time="134.783"/>
  <system-out/>
  <testcase classname="Test_Suite.WileyPLUS_Test_Suite" name="TC03_EGRIP_Search_For_WileyPLUS" time="48.458"/>
  <system-out/>
  <testcase classname="Test_Suite.WileyPLUS_Test_Suite" name="TC13_Global_Country_List_In_Shipping" time="60.477"/>
  <system-out/>
  <testcase classname="Test_Suite.WileyPLUS_Test_Suite" name="TC08_Validate_Percentage_In_Multiple_Term" time="49.043"/>
  <system-out/>
  <testcase classname="Test_Suite.WileyPLUS_Test_Suite" name="TC12_Add_WileyPLUS_Product_To_Cart" time="22.112"/>
  <system-out/>
  <testcase classname="Test_Suite.WileyPLUS_Test_Suite" name="TC22_Merge_Cart_Functionality" time="85.887"/>
  <system-out/>
  <testcase classname="Test_Suite.WileyPLUS_Test_Suite" name="TC19_Validate_Continue_Shopping_Link" time="86.143"/>
  <system-out/>
  <testcase classname="Test_Suite.WileyPLUS_Test_Suite" name="TC02_PLP_For_WileyPLUS" time="44.284"/>
  <system-out/>
  <testcase classname="Test_Suite.WileyPLUS_Test_Suite" name="TC09_PDP_UI_For_WileyPLUS" time="56.019"/>
  <system-out/>
  <testcase classname="Test_Suite.WileyPLUS_Test_Suite" name="TC18_Check_ISBN_Not_Preset_In_WileyPLUS_PDP" time="38.176"/>
  <system-out/>
  <testcase classname="Test_Suite.WileyPLUS_Test_Suite" name="TC10_WileyPLUS_Set_To_MultiTerm_Default" time="51.809"/>
  <system-out/>
  <testcase classname="Test_Suite.WileyPLUS_Test_Suite" name="TC16_Check_Global_Saved_Billing_Address" time="129.547"/>
  <system-out/>
  <testcase classname="Test_Suite.WileyPLUS_Test_Suite" name="TC04_Bundle_Search_For_WileyPLUS" time="50.652"/>
  <system-out/>
  <testcase classname="Test_Suite.WileyPLUS_Test_Suite" name="TC14_Global_Country_List_In_Billing" time="70.748"/>
  <system-out/>
</testsuite> <!-- Test_Suite.WileyPLUS_Test_Suite -->
