<?xml version="1.0" encoding="UTF-8"?>
<!-- Generated by org.testng.reporters.JUnitReportReporter -->
<testsuite hostname="ZAUSV-ARAKSHI" failures="0" tests="3" name="Test_Suite.Wiley_Test_Suite" time="251.255" errors="0" timestamp="2022-11-21T12:45:47 IST" skipped="0">
  <testcase classname="Test_Suite.Wiley_Test_Suite" name="TC34_MicroSites" time="12.952"/>
  <system-out/>
  <testcase classname="Test_Suite.Wiley_Test_Suite" name="TC33_Forgot_Password_Functionality" time="101.138"/>
  <system-out/>
  <testcase classname="Test_Suite.Wiley_Test_Suite" name="TC31_Zero_Dollar_Flow_For_Digital_Product" time="137.165"/>
  <system-out/>
</testsuite> <!-- Test_Suite.Wiley_Test_Suite -->
