<?xml version="1.0" encoding="UTF-8"?>
<!-- Generated by org.testng.reporters.JUnitReportReporter -->
<testsuite hostname="ZAUSV-GSAHA" failures="0" tests="1" name="Test_Suite.Vet_Test_Suite" time="28.468" errors="0" timestamp="2023-01-17T13:25:54 IST" skipped="0">
  <testcase classname="Test_Suite.Vet_Test_Suite" name="TC02_Create_Account" time="28.468"/>
  <system-out/>
</testsuite> <!-- Test_Suite.Vet_Test_Suite -->
