<?xml version="1.0" encoding="UTF-8"?>
<!-- Generated by org.testng.reporters.JUnitReportReporter -->
<testsuite hostname="ZAUSV-JBISWAS" failures="0" tests="1" name="Test_Suite.TestHarness_RegressionSuite" time="41.039" errors="0" timestamp="2023-03-02T15:27:00 IST" skipped="0">
  <testcase classname="Test_Suite.TestHarness_RegressionSuite" name="TC38_HTTP_NonEmbedded_SaveCard_ES_Stripe_Validation" time="41.039"/>
  <system-out/>
</testsuite> <!-- Test_Suite.TestHarness_RegressionSuite -->
