<?xml version="1.0" encoding="UTF-8"?>
<!-- Generated by org.testng.reporters.JUnitReportReporter -->
<testsuite hostname="ZAUSV-ARAKSHI" failures="0" tests="16" name="Test_Suite.AGS_Test_Suite" time="2053.157" errors="0" timestamp="2023-06-12T13:26:53 IST" skipped="0">
  <testcase classname="Test_Suite.AGS_Test_Suite" name="TC16_Open_Homepage" time="19.773"/>
  <system-out/>
  <testcase classname="Test_Suite.AGS_Test_Suite" name="TC04_Reset_Password_My_Account" time="26.298"/>
  <system-out/>
  <testcase classname="Test_Suite.AGS_Test_Suite" name="TC15_Riskified_Declined_Order" time="113.023"/>
  <system-out/>
  <testcase classname="Test_Suite.AGS_Test_Suite" name="TC08_Place_Order_With_Discount_Code" time="291.537"/>
  <system-out/>
  <testcase classname="Test_Suite.AGS_Test_Suite" name="TC13_Edit_Card_Details" time="35.521"/>
  <system-out/>
  <testcase classname="Test_Suite.AGS_Test_Suite" name="TC02_User_Submit_Order_Monthly" time="307.030"/>
  <system-out/>
  <testcase classname="Test_Suite.AGS_Test_Suite" name="TC12_Edit_Billing_Address" time="39.204"/>
  <system-out/>
  <testcase classname="Test_Suite.AGS_Test_Suite" name="TC01_Anonymous_User_Registration" time="310.047"/>
  <system-out/>
  <testcase classname="Test_Suite.AGS_Test_Suite" name="TC09_Place_Order_With_Existing_User" time="99.350"/>
  <system-out/>
  <testcase classname="Test_Suite.AGS_Test_Suite" name="TC07_Verify_tax_Non_US_Address" time="295.886"/>
  <system-out/>
  <testcase classname="Test_Suite.AGS_Test_Suite" name="TC06_Zero_Dollar_Flow" time="35.149"/>
  <system-out/>
  <testcase classname="Test_Suite.AGS_Test_Suite" name="TC11_Edit_Profile" time="25.233"/>
  <system-out/>
  <testcase classname="Test_Suite.AGS_Test_Suite" name="TC10_Place_Order_Non_US_Address" time="319.871"/>
  <system-out/>
  <testcase classname="Test_Suite.AGS_Test_Suite" name="TC03_Standalone_Registration_and_Login" time="37.870"/>
  <system-out/>
  <testcase classname="Test_Suite.AGS_Test_Suite" name="TC14_Manage_Subscription_Auto_Renew_Toggle_validation" time="43.388"/>
  <system-out/>
  <testcase classname="Test_Suite.AGS_Test_Suite" name="TC05_ResetPasswordFromLoginPage" time="53.977"/>
  <system-out/>
</testsuite> <!-- Test_Suite.AGS_Test_Suite -->
