<?xml version="1.0" encoding="UTF-8"?>
<!-- Generated by org.testng.reporters.JUnitReportReporter -->
<testsuite hostname="ZAUSV-ARAKSHI" failures="0" tests="1" name="Test_Suite.Wiley_NA_Cart_Test_Suite" time="195.405" errors="0" timestamp="2023-06-16T12:20:30 IST" skipped="0">
  <testcase classname="Test_Suite.Wiley_NA_Cart_Test_Suite" name="TC24_Verify_Shipping_Methods_for_POD_Products" time="195.405"/>
  <system-out/>
</testsuite> <!-- Test_Suite.Wiley_NA_Cart_Test_Suite -->
