<?xml version="1.0" encoding="UTF-8"?>
<!-- Generated by org.testng.reporters.JUnitReportReporter -->
<testsuite hostname="ZAUSV-ARAKSHI" failures="0" tests="6" name="TestSuite.VET_Prod_Test_Suite" time="183.926" errors="0" timestamp="2023-04-04T13:27:40 IST" skipped="0">
  <testcase classname="TestSuite.VET_Prod_Test_Suite" name="TC02_Register_a_New_User_And_Login" time="18.694"/>
  <system-out/>
  <testcase classname="TestSuite.VET_Prod_Test_Suite" name="TC03_Reset_Password_My_Account" time="23.351"/>
  <system-out/>
  <testcase classname="TestSuite.VET_Prod_Test_Suite" name="TC06_Provide_Billing_Information" time="62.153"/>
  <system-out/>
  <testcase classname="TestSuite.VET_Prod_Test_Suite" name="TC05_Edit_Profile" time="11.740"/>
  <system-out/>
  <testcase classname="TestSuite.VET_Prod_Test_Suite" name="TC01_Open_Homepage" time="10.352"/>
  <system-out/>
  <testcase classname="TestSuite.VET_Prod_Test_Suite" name="TC04_Reset_Password_From_Login_Page" time="57.636"/>
  <system-out/>
</testsuite> <!-- TestSuite.VET_Prod_Test_Suite -->
