<?xml version="1.0" encoding="UTF-8"?>
<!-- Generated by org.testng.reporters.JUnitReportReporter -->
<testsuite hostname="ZAUSV-ARAKSHI" failures="0" tests="1" name="Test_Suite.WEL_Test_Suite" time="59.086" errors="0" timestamp="2023-02-21T13:44:14 IST" skipped="0">
  <testcase classname="Test_Suite.WEL_Test_Suite" name="TC14_ExtraDiscount_CouponCodeGOVT" time="59.086"/>
  <system-out/>
</testsuite> <!-- Test_Suite.WEL_Test_Suite -->
