<?xml version="1.0" encoding="UTF-8"?>
<!-- Generated by org.testng.reporters.JUnitReportReporter -->
<testsuite hostname="ZAUSV-ARAKSHI" failures="0" tests="1" name="Test_Suite.Wiley_dot_com_Test_Suite" time="92.669" errors="0" timestamp="2023-04-27T17:42:06 IST" skipped="0">
  <testcase classname="Test_Suite.Wiley_dot_com_Test_Suite" name="TC17_Pagination_Functionality_In_Search_Result_Page" time="92.669"/>
  <system-out/>
</testsuite> <!-- Test_Suite.Wiley_dot_com_Test_Suite -->
