<?xml version="1.0" encoding="UTF-8"?>
<!-- Generated by org.testng.reporters.JUnitReportReporter -->
<testsuite hostname="ZAUSV-JBISWAS" failures="0" tests="1" name="Test_Suite.ClientPortal_RegressionSuite" time="56.449" errors="0" timestamp="2023-06-29T15:38:22 IST" skipped="0">
  <testcase classname="Test_Suite.ClientPortal_RegressionSuite" name="TC19_Login_ApplicationUser" time="56.449"/>
  <system-out/>
</testsuite> <!-- Test_Suite.ClientPortal_RegressionSuite -->
