<?xml version="1.0" encoding="UTF-8"?>
<!-- Generated by org.testng.reporters.JUnitReportReporter -->
<testsuite hostname="ZAUSV-ARAKSHI" failures="0" tests="1" name="Test_Suite.Vet_Test_Suite" time="1553.824" errors="0" timestamp="2023-05-03T15:55:11 IST" skipped="0">
  <testcase classname="Test_Suite.Vet_Test_Suite" name="TC06_ResetPasswordFromLoginPage" time="1553.824"/>
  <system-out/>
</testsuite> <!-- Test_Suite.Vet_Test_Suite -->
