<?xml version="1.0" encoding="UTF-8"?>
<!-- Generated by org.testng.reporters.JUnitReportReporter -->
<testsuite hostname="ZAUSV-ARAKSHI" failures="0" tests="1" name="Test_Suite.WEL_Test_Suite" time="137.378" errors="0" timestamp="2023-02-02T12:37:30 IST" skipped="0">
  <testcase classname="Test_Suite.WEL_Test_Suite" name="TC49_Place_Order_With_Some_Parts_New_User" time="137.378"/>
  <system-out/>
</testsuite> <!-- Test_Suite.WEL_Test_Suite -->
