<?xml version="1.0" encoding="UTF-8"?>
<!-- Generated by org.testng.reporters.JUnitReportReporter -->
<testsuite hostname="ZAUSV-ARAKSHI" failures="0" tests="16" name="Test_Suite.Wiley_dot_com_Test_Suite" time="320.324" errors="0" timestamp="2023-04-10T21:00:26 IST" skipped="0">
  <testcase classname="Test_Suite.Wiley_dot_com_Test_Suite" name="TC16_Sort_Functionality_In_SRP" time="32.120"/>
  <system-out/>
  <testcase classname="Test_Suite.Wiley_dot_com_Test_Suite" name="TC08_HomePage" time="4.994"/>
  <system-out/>
  <testcase classname="Test_Suite.Wiley_dot_com_Test_Suite" name="TC05_AboutUsPage" time="22.125"/>
  <system-out/>
  <testcase classname="Test_Suite.Wiley_dot_com_Test_Suite" name="TC09_SiteHeader" time="10.040"/>
  <system-out/>
  <testcase classname="Test_Suite.Wiley_dot_com_Test_Suite" name="TC13_Category_LandingPage" time="33.276"/>
  <system-out/>
  <testcase classname="Test_Suite.Wiley_dot_com_Test_Suite" name="TC11_Add_To_PopUp" time="15.074"/>
  <system-out/>
  <testcase classname="Test_Suite.Wiley_dot_com_Test_Suite" name="TC02_ProductDetailsPage" time="11.589"/>
  <system-out/>
  <testcase classname="Test_Suite.Wiley_dot_com_Test_Suite" name="TC14_SearchBox" time="41.469"/>
  <system-out/>
  <testcase classname="Test_Suite.Wiley_dot_com_Test_Suite" name="TC04_404_Errorpage" time="4.462"/>
  <system-out/>
  <testcase classname="Test_Suite.Wiley_dot_com_Test_Suite" name="TC12_Content_Search_ResultPage" time="34.374"/>
  <system-out/>
  <testcase classname="Test_Suite.Wiley_dot_com_Test_Suite" name="TC07_ProductListPage" time="15.982"/>
  <system-out/>
  <testcase classname="Test_Suite.Wiley_dot_com_Test_Suite" name="TC03_SiteFooter" time="8.982"/>
  <system-out/>
  <testcase classname="Test_Suite.Wiley_dot_com_Test_Suite" name="TC01_MicroSites" time="29.183"/>
  <system-out/>
  <testcase classname="Test_Suite.Wiley_dot_com_Test_Suite" name="TC06_SiteMap" time="11.412"/>
  <system-out/>
  <testcase classname="Test_Suite.Wiley_dot_com_Test_Suite" name="TC10_SearchResultEmptyPage" time="13.686"/>
  <system-out/>
  <testcase classname="Test_Suite.Wiley_dot_com_Test_Suite" name="TC15_Product_Search_Results_Page_Facet_Validation" time="31.556"/>
  <system-out/>
</testsuite> <!-- Test_Suite.Wiley_dot_com_Test_Suite -->
