<?xml version="1.0" encoding="UTF-8"?>
<!-- Generated by org.testng.reporters.JUnitReportReporter -->
<testsuite hostname="ZAUSV-ARAKSHI" failures="0" tests="1" name="Test_Suite.WEL_Test_Suite" time="58.920" errors="0" timestamp="2023-02-03T13:14:31 IST" skipped="0">
  <testcase classname="Test_Suite.WEL_Test_Suite" name="TC04_LoginFor_NewlyRegisteredUser" time="58.920"/>
  <system-out/>
</testsuite> <!-- Test_Suite.WEL_Test_Suite -->
