<?xml version="1.0" encoding="UTF-8"?>
<!-- Generated by org.testng.reporters.JUnitReportReporter -->
<testsuite hostname="ZAUSV-ARAKSHI" failures="0" tests="1" name="Test_Suite.AGS_Test_Suite" time="49.095" errors="0" timestamp="2023-04-28T10:54:58 IST" skipped="0">
  <testcase classname="Test_Suite.AGS_Test_Suite" name="TC03_Standalone_Registration_and_Login" time="49.095"/>
  <system-out/>
</testsuite> <!-- Test_Suite.AGS_Test_Suite -->
