<?xml version="1.0" encoding="UTF-8"?>
<!-- Generated by org.testng.reporters.JUnitReportReporter -->
<testsuite hostname="ZAUSV-ARAKSHI" failures="0" tests="1" name="Test_Suite.Vet_Test_Suite" time="127.227" errors="0" timestamp="2023-03-16T12:59:21 IST" skipped="0">
  <testcase classname="Test_Suite.Vet_Test_Suite" name="TC21_Riskified_Declined_Order" time="127.227"/>
  <system-out/>
</testsuite> <!-- Test_Suite.Vet_Test_Suite -->
