<?xml version="1.0" encoding="UTF-8"?>
<!-- Generated by org.testng.reporters.JUnitReportReporter -->
<testsuite hostname="ZAUSV-ARAKSHI" failures="0" tests="30" name="Test_Suite.WEL_Test_Suite" time="3834.268" errors="0" timestamp="2023-02-07T22:01:19 IST" skipped="0">
  <testcase classname="Test_Suite.WEL_Test_Suite" name="TC28_StudentVerification_ForDigitalCartofUSANDNonUS" time="134.363"/>
  <system-out/>
  <testcase classname="Test_Suite.WEL_Test_Suite" name="TC22_PlaceOrder_CPACMACFA_FreeTrailFor_ExistingUser" time="119.584"/>
  <system-out/>
  <testcase classname="Test_Suite.WEL_Test_Suite" name="TC38_Multiple_To_And_Fro_Navigation_Between_Shipping_And_Billing" time="180.356"/>
  <system-out/>
  <testcase classname="Test_Suite.WEL_Test_Suite" name="TC17_PlaceOrderof_CPACMA_PhysitalProducts_And_CFAPhysicalReviewCourse_ProductForNewUser" time="158.327"/>
  <system-out/>
  <testcase classname="Test_Suite.WEL_Test_Suite" name="TC80_Activatethe_PIN_Without_StartDate_AndEndDate_ForNewUser" time="85.462"/>
  <system-out/>
  <testcase classname="Test_Suite.WEL_Test_Suite" name="TC52_PlaceOrder_ChinaAddress" time="97.822"/>
  <system-out/>
  <testcase classname="Test_Suite.WEL_Test_Suite" name="TC18_PlaceOrderof_CPACMA_PhysitalProducts_And_CFAPhysicalReviewCourse_ProductForExistingUser" time="164.721"/>
  <system-out/>
  <testcase classname="Test_Suite.WEL_Test_Suite" name="TC72_PlaceExistingUser_OrderForDigitalProduct_CPATestBank_AndValidatThetax" time="91.233"/>
  <system-out/>
  <testcase classname="Test_Suite.WEL_Test_Suite" name="TC79_Email_Format_Validation" time="279.477"/>
  <system-out/>
  <testcase classname="Test_Suite.WEL_Test_Suite" name="TC70_PlaceExistingUser_OrderForPhysicalProduct_CFALevelI_PlatinumAndValidateThetax" time="90.805"/>
  <system-out/>
  <testcase classname="Test_Suite.WEL_Test_Suite" name="TC51_PlaceOrder_IndiaAddress" time="100.304"/>
  <system-out/>
  <testcase classname="Test_Suite.WEL_Test_Suite" name="TC69_PlaceNewUser_OrderForPhysicalProduct_CFALevelI_PlatinumAndValidateThetax" time="90.385"/>
  <system-out/>
  <testcase classname="Test_Suite.WEL_Test_Suite" name="TC40_PlaceOrderin_PINFlow_ForExistingUser" time="108.036"/>
  <system-out/>
  <testcase classname="Test_Suite.WEL_Test_Suite" name="TC61_Validate_Cookie_Management" time="61.652"/>
  <system-out/>
  <testcase classname="Test_Suite.WEL_Test_Suite" name="TC35_PlaceOrder_withPaypalPayment_OptionForExistingUser" time="166.719"/>
  <system-out/>
  <testcase classname="Test_Suite.WEL_Test_Suite" name="TC53_PlaceOrder_JapanAddress" time="124.289"/>
  <system-out/>
  <testcase classname="Test_Suite.WEL_Test_Suite" name="TC71_PlaceNewUser_OrderForDigitalProduct_CPATestBank_AndValidatThetax" time="101.219"/>
  <system-out/>
  <testcase classname="Test_Suite.WEL_Test_Suite" name="TC37_PlaceOrder_withPaypalCredit_OptionForNewUser" time="166.410"/>
  <system-out/>
  <testcase classname="Test_Suite.WEL_Test_Suite" name="TC81_Activatethe_PIN_Without_StartDate_AndEndDate_ForExistingUser" time="64.314"/>
  <system-out/>
  <testcase classname="Test_Suite.WEL_Test_Suite" name="TC24_PlaceOrder_UsingSavedShippingAddress_ForExistingUser" time="166.810"/>
  <system-out/>
  <testcase classname="Test_Suite.WEL_Test_Suite" name="TC15_PlaceOrder_CMACPACFA_DigitalProducts_ForNewUser" time="369.710"/>
  <system-out/>
  <testcase classname="Test_Suite.WEL_Test_Suite" name="TC44_PlaceOrderFor_UniversityPartner_Product" time="9.049"/>
  <system-out/>
  <testcase classname="Test_Suite.WEL_Test_Suite" name="TC34_PlaceOrder_withPaypalPayment_OptionForNewUser" time="183.419"/>
  <system-out/>
  <testcase classname="Test_Suite.WEL_Test_Suite" name="TC30_PlaceOrder_UsingSavedBillingAddress_ForExistingUser" time="116.982"/>
  <system-out/>
  <testcase classname="Test_Suite.WEL_Test_Suite" name="TC39_PlaceOrderin_PINFlow_ForNewUser" time="82.981"/>
  <system-out/>
  <testcase classname="Test_Suite.WEL_Test_Suite" name="TC43_PlaceOrderwith_PartnerProduct_Having100Percent_Discount" time="0.274"/>
  <system-out/>
  <testcase classname="Test_Suite.WEL_Test_Suite" name="TC29_StudentVerification_ForPhisicalCartofUSANDNonUS" time="110.219"/>
  <system-out/>
  <testcase classname="Test_Suite.WEL_Test_Suite" name="TC32_ShippingAndBilling_AddressDifferentfor_NewUser" time="84.578"/>
  <system-out/>
  <testcase classname="Test_Suite.WEL_Test_Suite" name="TC73_ValidateTaxin_IndiaForPhysicalOrder" time="123.932"/>
  <system-out/>
  <testcase classname="Test_Suite.WEL_Test_Suite" name="TC36_PlaceOrder_withPaypalCredit_OptionForExistingUser" time="200.836"/>
  <system-out/>
</testsuite> <!-- Test_Suite.WEL_Test_Suite -->
