<?xml version="1.0" encoding="UTF-8"?>
<!-- Generated by org.testng.reporters.JUnitReportReporter -->
<testsuite hostname="ZAUSV-ARAKSHI" failures="0" tests="6" name="TestSuite.AGS_Prod_Test_Suite" time="188.360" errors="0" timestamp="2023-04-04T13:27:40 IST" skipped="0">
  <testcase classname="TestSuite.AGS_Prod_Test_Suite" name="TC01_Open_Homepage" time="6.149"/>
  <system-out/>
  <testcase classname="TestSuite.AGS_Prod_Test_Suite" name="TC02_Register_a_New_User_And_Login" time="14.679"/>
  <system-out/>
  <testcase classname="TestSuite.AGS_Prod_Test_Suite" name="TC03_Reset_Password_My_Account" time="20.075"/>
  <system-out/>
  <testcase classname="TestSuite.AGS_Prod_Test_Suite" name="TC05_Edit_Profile" time="11.123"/>
  <system-out/>
  <testcase classname="TestSuite.AGS_Prod_Test_Suite" name="TC04_Reset_Password_From_Login_Page" time="54.313"/>
  <system-out/>
  <testcase classname="TestSuite.AGS_Prod_Test_Suite" name="TC06_Provide_Billing_Information" time="82.021"/>
  <system-out/>
</testsuite> <!-- TestSuite.AGS_Prod_Test_Suite -->
