<?xml version="1.0" encoding="UTF-8"?>
<!-- Generated by org.testng.reporters.JUnitReportReporter -->
<testsuite hostname="ZAUSV-ARAKSHI" failures="0" tests="2" name="Test_Suite.WEL_Test_Suite" time="170.621" errors="0" timestamp="2023-02-02T22:36:44 IST" skipped="0">
  <testcase classname="Test_Suite.WEL_Test_Suite" name="TC79_Email_Format_Validation" time="83.902"/>
  <system-out/>
  <testcase classname="Test_Suite.WEL_Test_Suite" name="TC75_Check_Add_To_Cart_Functionality_for_Heads_Up_Validation" time="86.719"/>
  <system-out/>
</testsuite> <!-- Test_Suite.WEL_Test_Suite -->
