<?xml version="1.0" encoding="UTF-8"?>
<!-- Generated by org.testng.reporters.JUnitReportReporter -->
<testsuite hostname="ZAUSV-ARAKSHI" failures="0" tests="1" name="Test_Suite.Wiley_NA_Cart_Test_Suite" time="81.843" errors="0" timestamp="2023-04-17T20:39:35 IST" skipped="0">
  <testcase classname="Test_Suite.Wiley_NA_Cart_Test_Suite" name="TC37_Generic_info_hover_text_EBook_EBookRental_PDP" time="81.843"/>
  <system-out/>
</testsuite> <!-- Test_Suite.Wiley_NA_Cart_Test_Suite -->
