<?xml version="1.0" encoding="UTF-8"?>
<!-- Generated by org.testng.reporters.JUnitReportReporter -->
<testsuite hostname="ZAUSV-ARAKSHI" failures="0" tests="1" name="Test_Suite.AGS_Test_Suite" time="49.778" errors="0" timestamp="2023-05-03T16:04:51 IST" skipped="0">
  <testcase classname="Test_Suite.AGS_Test_Suite" name="TC05_ResetPasswordFromLoginPage" time="49.778"/>
  <system-out/>
</testsuite> <!-- Test_Suite.AGS_Test_Suite -->
