<?xml version="1.0" encoding="UTF-8"?>
<!-- Generated by org.testng.reporters.JUnitReportReporter -->
<testsuite hostname="ZAUSV-JBISWAS" failures="0" tests="4" name="Test_Suite.TestHarness_RegressionSuite" time="89.493" errors="0" timestamp="2023-01-18T17:51:45 IST" skipped="0">
  <testcase classname="Test_Suite.TestHarness_RegressionSuite" name="TC10_HTTP_Authorise_ES_Stripe_Validation" time="36.729"/>
  <system-out/>
  <testcase classname="Test_Suite.TestHarness_RegressionSuite" name="TC20_HTTP_VoidAuth_ES_Stripe_Validation" time="17.146"/>
  <system-out/>
  <testcase classname="Test_Suite.TestHarness_RegressionSuite" name="TC21_HTTP_Validate_for_Void_Auth_Error_Message" time="17.047"/>
  <system-out/>
  <testcase classname="Test_Suite.TestHarness_RegressionSuite" name="TC14_HTTP_TokenAuth_ES_Stripe_Validation" time="18.571"/>
  <system-out/>
</testsuite> <!-- Test_Suite.TestHarness_RegressionSuite -->
