<?xml version="1.0" encoding="UTF-8"?>
<!-- Generated by org.testng.reporters.JUnitReportReporter -->
<testsuite hostname="ZAUSV-ARAKSHI" failures="0" tests="1" name="Test_Suite.WEL_Test_Suite" time="86.067" errors="0" timestamp="2023-04-18T15:27:58 IST" skipped="0">
  <testcase classname="Test_Suite.WEL_Test_Suite" name="TC80_Validate_the_Email_Id_Format_In_Checkout_Login_And_Registration_Page" time="86.067"/>
  <system-out/>
</testsuite> <!-- Test_Suite.WEL_Test_Suite -->
