<?xml version="1.0" encoding="UTF-8"?>
<!-- Generated by org.testng.reporters.JUnitReportReporter -->
<testsuite hostname="ZAUSV-ARAKSHI" failures="0" tests="18" name="Test_Suite.Vet_Test_Suite" time="1232.825" errors="0" timestamp="2023-05-07T13:41:57 IST" skipped="0">
  <testcase classname="Test_Suite.Vet_Test_Suite" name="TC04_Login_During_Checkout" time="39.255"/>
  <system-out/>
  <testcase classname="Test_Suite.Vet_Test_Suite" name="TC07_Verify_Tax" time="183.047"/>
  <system-out/>
  <testcase classname="Test_Suite.Vet_Test_Suite" name="TC03_StandaloneLogin" time="7.604"/>
  <system-out/>
  <testcase classname="Test_Suite.Vet_Test_Suite" name="TC22_Open_Homepage" time="6.499"/>
  <system-out/>
  <testcase classname="Test_Suite.Vet_Test_Suite" name="TC18_ZeroOrder" time="65.485"/>
  <system-out/>
  <testcase classname="Test_Suite.Vet_Test_Suite" name="TC06_ResetPasswordFromLoginPage" time="50.770"/>
  <system-out/>
  <testcase classname="Test_Suite.Vet_Test_Suite" name="TC11_Place_Order_With_Promo_Code" time="195.762"/>
  <system-out/>
  <testcase classname="Test_Suite.Vet_Test_Suite" name="TC20_Edit_Billing_address_in_my_account" time="29.822"/>
  <system-out/>
  <testcase classname="Test_Suite.Vet_Test_Suite" name="Data_Preparation" time="62.585"/>
  <system-out/>
  <testcase classname="Test_Suite.Vet_Test_Suite" name="TC17_Auto_Renew_Toggle_validation" time="12.673"/>
  <system-out/>
  <testcase classname="Test_Suite.Vet_Test_Suite" name="TC19_Edit_Profile_from_my_account_page" time="14.788"/>
  <system-out/>
  <testcase classname="Test_Suite.Vet_Test_Suite" name="TC16_Manage_Subscription" time="15.690"/>
  <system-out/>
  <testcase classname="Test_Suite.Vet_Test_Suite" name="TC01_Anonymous_User_Registration" time="172.492"/>
  <system-out/>
  <testcase classname="Test_Suite.Vet_Test_Suite" name="TC02_Create_Account" time="9.506"/>
  <system-out/>
  <testcase classname="Test_Suite.Vet_Test_Suite" name="TC08_Eloqua_validation" time="75.997"/>
  <system-out/>
  <testcase classname="Test_Suite.Vet_Test_Suite" name="TC12_PlaceOrderwithNonUSAddress" time="42.909"/>
  <system-out/>
  <testcase classname="Test_Suite.Vet_Test_Suite" name="TC05_Reset_Password_My_Account" time="15.649"/>
  <system-out/>
  <testcase classname="Test_Suite.Vet_Test_Suite" name="TC21_Riskified_Declined_Order" time="232.292"/>
  <system-out/>
</testsuite> <!-- Test_Suite.Vet_Test_Suite -->
