<?xml version="1.0" encoding="UTF-8"?>
<!-- Generated by org.testng.reporters.JUnitReportReporter -->
<testsuite hostname="ZAUSV-GSAHA" failures="0" tests="1" name="Test_Suite.AGS_Test_Suite" time="304.390" errors="0" timestamp="2023-07-04T16:20:01 IST" skipped="0">
  <testcase classname="Test_Suite.AGS_Test_Suite" name="TC01_Anonymous_User_Registration" time="304.390"/>
  <system-out/>
</testsuite> <!-- Test_Suite.AGS_Test_Suite -->
