<?xml version="1.0" encoding="UTF-8"?>
<!-- Generated by org.testng.reporters.JUnitReportReporter -->
<testsuite hostname="ZAUSV-ARAKSHI" failures="0" tests="1" name="Test_Suite.Wiley_dot_com_Test_Suite" time="57.824" errors="0" timestamp="2023-04-05T15:49:54 IST" skipped="0">
  <testcase classname="Test_Suite.Wiley_dot_com_Test_Suite" name="TC16_Sort_Functionality_In_SRP" time="57.824"/>
  <system-out/>
</testsuite> <!-- Test_Suite.Wiley_dot_com_Test_Suite -->
