<?xml version="1.0" encoding="UTF-8"?>
<!-- Generated by org.testng.reporters.JUnitReportReporter -->
<testsuite hostname="ZAUSV-GSAHA" failures="0" tests="1" name="Test_Suite.StoreFront_Validate_CLP" time="31.824" errors="0" timestamp="2023-06-13T13:16:38 IST" skipped="0">
  <testcase classname="Test_Suite.StoreFront_Validate_CLP" name="TC01_CategoryLandingPage" time="31.824"/>
  <system-out/>
</testsuite> <!-- Test_Suite.StoreFront_Validate_CLP -->
