<?xml version="1.0" encoding="UTF-8"?>
<!-- Generated by org.testng.reporters.JUnitReportReporter -->
<testsuite hostname="ZAUSV-ARAKSHI" failures="0" tests="1" name="Test_Suite.AGS_Test_Suite" time="284.871" errors="0" timestamp="2023-03-16T11:55:13 IST" skipped="0">
  <testcase classname="Test_Suite.AGS_Test_Suite" name="TC01_Anonymous_User_Registration" time="284.871"/>
  <system-out/>
</testsuite> <!-- Test_Suite.AGS_Test_Suite -->
