<?xml version="1.0" encoding="UTF-8"?>
<!-- Generated by org.testng.reporters.JUnitReportReporter -->
<testsuite hostname="ZAUSV-ARAKSHI" failures="0" tests="41" name="Test_Suite.Wiley_NA_Cart_Test_Suite" time="6457.657" errors="0" timestamp="2023-03-21T14:05:42 IST" skipped="0">
  <testcase classname="Test_Suite.Wiley_NA_Cart_Test_Suite" name="TC02_Digital_productpurchase_ForExistingUser" time="157.051"/>
  <system-out/>
  <testcase classname="Test_Suite.Wiley_NA_Cart_Test_Suite" name="TC07_Mixed_Product_Some_Stock_New_User" time="285.783"/>
  <system-out/>
  <testcase classname="Test_Suite.Wiley_NA_Cart_Test_Suite" name="TC05_Physical_productpurchase_ForExistingUser" time="140.565"/>
  <system-out/>
  <testcase classname="Test_Suite.Wiley_NA_Cart_Test_Suite" name="TC11_Shipping_And_BillingAddresses_different" time="199.308"/>
  <system-out/>
  <testcase classname="Test_Suite.Wiley_NA_Cart_Test_Suite" name="TC33_Forgot_Password_Functionality" time="158.933"/>
  <system-out/>
  <testcase classname="Test_Suite.Wiley_NA_Cart_Test_Suite" name="TC04_Physical_Product_Purchase_Guest_User" time="203.119"/>
  <system-out/>
  <testcase classname="Test_Suite.Wiley_NA_Cart_Test_Suite" name="TC32_Preorder_Backorder_Flow_With_Print_Pdf_Page" time="288.869"/>
  <system-out/>
  <testcase classname="Test_Suite.Wiley_NA_Cart_Test_Suite" name="TC18_Tax_Recalculation" time="220.119"/>
  <system-out/>
  <testcase classname="Test_Suite.Wiley_NA_Cart_Test_Suite" name="TC40_Shipping_Charge_For_Multiple_Products" time="12.805"/>
  <system-out/>
  <testcase classname="Test_Suite.Wiley_NA_Cart_Test_Suite" name="TC26_Login_Page_Validation" time="142.269"/>
  <system-out/>
  <testcase classname="Test_Suite.Wiley_NA_Cart_Test_Suite" name="TC35_EMEA_Catalog_Updates" time="262.349"/>
  <system-out/>
  <testcase classname="Test_Suite.Wiley_NA_Cart_Test_Suite" name="TC14_Textbook_Rental_product_purchase" time="194.554"/>
  <system-out/>
  <testcase classname="Test_Suite.Wiley_NA_Cart_Test_Suite" name="TC13_eBook_Rental_product_Purchase" time="195.916"/>
  <system-out/>
  <testcase classname="Test_Suite.Wiley_NA_Cart_Test_Suite" name="TC08_Mixed_Product_No_Stock_Guest_User" time="271.493"/>
  <system-out/>
  <testcase classname="Test_Suite.Wiley_NA_Cart_Test_Suite" name="TC39_Riskified_Declined_Order_With_Last_Name_Decline" time="12.428"/>
  <system-out/>
  <testcase classname="Test_Suite.Wiley_NA_Cart_Test_Suite" name="TC24_Verify_Shipping_Methods_for_POD_Products" time="86.404"/>
  <system-out/>
  <testcase classname="Test_Suite.Wiley_NA_Cart_Test_Suite" name="TC20_New_user_tax_for_physical_product" time="170.345"/>
  <system-out/>
  <testcase classname="Test_Suite.Wiley_NA_Cart_Test_Suite" name="TC19_Country_Restriction_Validation" time="116.065"/>
  <system-out/>
  <testcase classname="Test_Suite.Wiley_NA_Cart_Test_Suite" name="TC30_Cart_Merge_Functionality" time="135.175"/>
  <system-out/>
  <testcase classname="Test_Suite.Wiley_NA_Cart_Test_Suite" name="TC15_eBundle_product_purchase" time="179.796"/>
  <system-out/>
  <testcase classname="Test_Suite.Wiley_NA_Cart_Test_Suite" name="TC25_Searching_by_Keyword_Rguroo" time="15.938"/>
  <system-out/>
  <testcase classname="Test_Suite.Wiley_NA_Cart_Test_Suite" name="TC27_Validate_AEM_Header_Footer" time="39.462"/>
  <system-out/>
  <testcase classname="Test_Suite.Wiley_NA_Cart_Test_Suite" name="TC38_Validate_Payment_Status_For_Declined_card" time="149.823"/>
  <system-out/>
  <testcase classname="Test_Suite.Wiley_NA_Cart_Test_Suite" name="TC41_Create_Account_Funtionality_With_Wrong_Password_Formats" time="56.643"/>
  <system-out/>
  <testcase classname="Test_Suite.Wiley_NA_Cart_Test_Suite" name="TC03_Physical_productpurchase_ForNewUser" time="246.426"/>
  <system-out/>
  <testcase classname="Test_Suite.Wiley_NA_Cart_Test_Suite" name="TC12_Product_having_ADD_Promotion" time="193.335"/>
  <system-out/>
  <testcase classname="Test_Suite.Wiley_NA_Cart_Test_Suite" name="TC10_Shipping_And_BillingAddresses_Same" time="171.277"/>
  <system-out/>
  <testcase classname="Test_Suite.Wiley_NA_Cart_Test_Suite" name="TC31_Zero_Dollar_Flow_For_Digital_Product" time="150.550"/>
  <system-out/>
  <testcase classname="Test_Suite.Wiley_NA_Cart_Test_Suite" name="TC34_Verify_VETCONSULT_Purchase_Option_on_PDPpage" time="99.209"/>
  <system-out/>
  <testcase classname="Test_Suite.Wiley_NA_Cart_Test_Suite" name="TC17_Purchase_with_Coupon_Discount" time="180.699"/>
  <system-out/>
  <testcase classname="Test_Suite.Wiley_NA_Cart_Test_Suite" name="TC23_Existing_User_Tax_for_Digital_Product" time="159.879"/>
  <system-out/>
  <testcase classname="Test_Suite.Wiley_NA_Cart_Test_Suite" name="TC22_New_User_Tax_for_Digital_product" time="169.579"/>
  <system-out/>
  <testcase classname="Test_Suite.Wiley_NA_Cart_Test_Suite" name="TC06_Mixed_productpurchase_ForExistingUser" time="164.478"/>
  <system-out/>
  <testcase classname="Test_Suite.Wiley_NA_Cart_Test_Suite" name="TC09_Higher_Education_Digitalproductpurchase_ForNewUser" time="188.969"/>
  <system-out/>
  <testcase classname="Test_Suite.Wiley_NA_Cart_Test_Suite" name="TC16_Higher_Education_Physical_product_purchase" time="183.192"/>
  <system-out/>
  <testcase classname="Test_Suite.Wiley_NA_Cart_Test_Suite" name="TC36_Change_of_Hyperlink_for_comp_access_on_US_CA_wiley_PDP" time="139.598"/>
  <system-out/>
  <testcase classname="Test_Suite.Wiley_NA_Cart_Test_Suite" name="TC01_Digital_Product_Purchase_New_User" time="247.672"/>
  <system-out/>
  <testcase classname="Test_Suite.Wiley_NA_Cart_Test_Suite" name="TC21_Existing_user_tax_for_physical_product" time="164.338"/>
  <system-out/>
  <testcase classname="Test_Suite.Wiley_NA_Cart_Test_Suite" name="TC37_Generic_info_hover_text_EBook_PDP" time="85.035"/>
  <system-out/>
  <testcase classname="Test_Suite.Wiley_NA_Cart_Test_Suite" name="TC28_Cart_Update_from_Digital_to_Phygital" time="158.900"/>
  <system-out/>
  <testcase classname="Test_Suite.Wiley_NA_Cart_Test_Suite" name="TC29_Cart_Page_UI_Validation" time="59.309"/>
  <system-out/>
</testsuite> <!-- Test_Suite.Wiley_NA_Cart_Test_Suite -->
