<?xml version="1.0" encoding="UTF-8"?>
<!-- Generated by org.testng.reporters.JUnitReportReporter -->
<testsuite hostname="ZAUSV-GSAHA" failures="0" tests="1" name="Test_Suite.Vet_Test_Suite" time="54.109" errors="0" timestamp="2023-03-20T19:23:53 IST" skipped="0">
  <testcase classname="Test_Suite.Vet_Test_Suite" name="TC01_Anonymous_User_Registration" time="54.109"/>
  <system-out/>
</testsuite> <!-- Test_Suite.Vet_Test_Suite -->
