<?xml version="1.0" encoding="UTF-8"?>
<!-- Generated by org.testng.reporters.JUnitReportReporter -->
<testsuite hostname="ZAUSV-ARAKSHI" failures="0" tests="1" name="Test_Suite.Vet_Test_Suite" time="66.912" errors="0" timestamp="2023-03-22T16:28:23 IST" skipped="0">
  <testcase classname="Test_Suite.Vet_Test_Suite" name="TC01_Anonymous_User_Registration" time="66.912"/>
  <system-out/>
</testsuite> <!-- Test_Suite.Vet_Test_Suite -->
