<?xml version="1.0" encoding="UTF-8"?>
<!-- Generated by org.testng.reporters.JUnitReportReporter -->
<testsuite hostname="ZAUSV-ARAKSHI" failures="0" tests="1" name="TestSuite.WileyPLUS_Prod_Test_Suite" time="54.663" errors="0" timestamp="2023-04-28T15:14:47 IST" skipped="0">
  <testcase classname="TestSuite.WileyPLUS_Prod_Test_Suite" name="TC07_Verify_Additional_UI_Adjustments_WileyPLUS_PDP" time="54.663"/>
  <system-out/>
</testsuite> <!-- TestSuite.WileyPLUS_Prod_Test_Suite -->
