<?xml version="1.0" encoding="UTF-8"?>
<!-- Generated by org.testng.reporters.JUnitReportReporter -->
<testsuite hostname="ZAUSV-GSAHA" failures="0" tests="2" name="Test_Suite.TestHarness_RegressionSuite" time="83.596" errors="0" timestamp="2023-07-07T17:07:44 IST" skipped="0">
  <testcase classname="Test_Suite.TestHarness_RegressionSuite" name="TC01_HTTP_Probe" time="17.512"/>
  <system-out/>
  <testcase classname="Test_Suite.TestHarness_RegressionSuite" name="TC22_SOAP_Probe_ES_Stripe_Validation" time="66.084"/>
  <system-out/>
</testsuite> <!-- Test_Suite.TestHarness_RegressionSuite -->
