<?xml version="1.0" encoding="UTF-8"?>
<!-- Generated by org.testng.reporters.JUnitReportReporter -->
<testsuite hostname="ZAUSV-JBISWAS" failures="0" tests="1" name="Test_Suite.TestHarness_RegressionSuite" time="37.716" errors="0" timestamp="2023-01-17T12:19:17 IST" skipped="0">
  <testcase classname="Test_Suite.TestHarness_RegressionSuite" name="TC02_HTTP_Tokenise_Request_Response" time="37.716"/>
  <system-out/>
</testsuite> <!-- Test_Suite.TestHarness_RegressionSuite -->
