<?xml version="1.0" encoding="UTF-8"?>
<!-- Generated by org.testng.reporters.JUnitReportReporter -->
<testsuite hostname="ZAUSV-ARAKSHI" failures="0" tests="1" name="Test_Suite.WEL_Test_Suite" time="118.046" errors="0" timestamp="2023-03-10T15:34:05 IST" skipped="0">
  <testcase classname="Test_Suite.WEL_Test_Suite" name="TC70_PlaceExistingUser_OrderForPhysicalProduct_CFALevelI_PlatinumAndValidateThetax" time="118.046"/>
  <system-out/>
</testsuite> <!-- Test_Suite.WEL_Test_Suite -->
