<?xml version="1.0" encoding="UTF-8"?>
<!-- Generated by org.testng.reporters.JUnitReportReporter -->
<testsuite hostname="ZAUSV-ARAKSHI" failures="0" tests="9" name="Test_Suite.Wiley_NA_Cart_Test_Suite" time="1613.623" errors="0" timestamp="2023-04-12T10:47:08 IST" skipped="0">
  <testcase classname="Test_Suite.Wiley_NA_Cart_Test_Suite" name="TC32_Preorder_Backorder_Flow_With_Print_Pdf_Page" time="201.889"/>
  <system-out/>
  <testcase classname="Test_Suite.Wiley_NA_Cart_Test_Suite" name="TC39_Riskified_Declined_Order_With_Last_Name_Decline" time="131.048"/>
  <system-out/>
  <testcase classname="Test_Suite.Wiley_NA_Cart_Test_Suite" name="TC42_Purchase_with_Order_Level_Discount" time="192.190"/>
  <system-out/>
  <testcase classname="Test_Suite.Wiley_NA_Cart_Test_Suite" name="TC43_Forgot_Password_Page_Password_Criteria_Negative_Scenarios" time="351.771"/>
  <system-out/>
  <testcase classname="Test_Suite.Wiley_NA_Cart_Test_Suite" name="TC38_Validate_Payment_Status_For_Declined_card" time="116.186"/>
  <system-out/>
  <testcase classname="Test_Suite.Wiley_NA_Cart_Test_Suite" name="TC17_Purchase_with_Coupon_Discount" time="184.279"/>
  <system-out/>
  <testcase classname="Test_Suite.Wiley_NA_Cart_Test_Suite" name="TC06_Mixed_productpurchase_ForExistingUser" time="149.767"/>
  <system-out/>
  <testcase classname="Test_Suite.Wiley_NA_Cart_Test_Suite" name="TC09_Higher_Education_Digitalproductpurchase_ForNewUser" time="135.953"/>
  <system-out/>
  <testcase classname="Test_Suite.Wiley_NA_Cart_Test_Suite" name="TC14_Textbook_Rental_product_purchase" time="150.540"/>
  <system-out/>
</testsuite> <!-- Test_Suite.Wiley_NA_Cart_Test_Suite -->
