<?xml version="1.0" encoding="UTF-8"?>
<!-- Generated by org.testng.reporters.JUnitReportReporter -->
<testsuite hostname="ZAUSV-ARAKSHI" failures="0" tests="1" name="Test_Suite.AGS_Test_Suite" time="12.216" errors="0" timestamp="2023-04-21T11:21:57 IST" skipped="0">
  <testcase classname="Test_Suite.AGS_Test_Suite" name="TC16_Open_Homepage" time="12.216"/>
  <system-out/>
</testsuite> <!-- Test_Suite.AGS_Test_Suite -->
