<?xml version="1.0" encoding="UTF-8"?>
<!-- Generated by org.testng.reporters.JUnitReportReporter -->
<testsuite hostname="ZAUSV-GSAHA" failures="0" tests="15" name="Test_Suite.Wiley_dot_com_Test_Suite" time="308.488" errors="0" timestamp="2023-01-03T17:54:30 IST" skipped="0">
  <testcase classname="Test_Suite.Wiley_dot_com_Test_Suite" name="TC02_ProductDetailsPage" time="20.899"/>
  <system-out/>
  <testcase classname="Test_Suite.Wiley_dot_com_Test_Suite" name="TC14_SearchBox" time="30.416"/>
  <system-out/>
  <testcase classname="Test_Suite.Wiley_dot_com_Test_Suite" name="TC08_HomePage" time="12.688"/>
  <system-out/>
  <testcase classname="Test_Suite.Wiley_dot_com_Test_Suite" name="TC10_SearchResultEmptyPage" time="21.089"/>
  <system-out/>
  <testcase classname="Test_Suite.Wiley_dot_com_Test_Suite" name="TC12_Content_Search_ResultPage" time="33.928"/>
  <system-out/>
  <testcase classname="Test_Suite.Wiley_dot_com_Test_Suite" name="TC03_SiteFooter" time="15.062"/>
  <system-out/>
  <testcase classname="Test_Suite.Wiley_dot_com_Test_Suite" name="TC09_SiteHeader" time="13.309"/>
  <system-out/>
  <testcase classname="Test_Suite.Wiley_dot_com_Test_Suite" name="TC11_Add_To_PopUp" time="18.631"/>
  <system-out/>
  <testcase classname="Test_Suite.Wiley_dot_com_Test_Suite" name="TC05_AboutUsPage" time="18.869"/>
  <system-out/>
  <testcase classname="Test_Suite.Wiley_dot_com_Test_Suite" name="TC13_Category_LandingPage" time="22.231"/>
  <system-out/>
  <testcase classname="Test_Suite.Wiley_dot_com_Test_Suite" name="TC15_Product_Search_Results_Page" time="25.012"/>
  <system-out/>
  <testcase classname="Test_Suite.Wiley_dot_com_Test_Suite" name="TC01_MicroSites" time="25.435"/>
  <system-out/>
  <testcase classname="Test_Suite.Wiley_dot_com_Test_Suite" name="TC07_ProductListPage" time="23.032"/>
  <system-out/>
  <testcase classname="Test_Suite.Wiley_dot_com_Test_Suite" name="TC06_SiteMap" time="14.324"/>
  <system-out/>
  <testcase classname="Test_Suite.Wiley_dot_com_Test_Suite" name="TC04_404_Errorpage" time="13.563"/>
  <system-out/>
</testsuite> <!-- Test_Suite.Wiley_dot_com_Test_Suite -->
