<?xml version="1.0" encoding="UTF-8"?>
<!-- Generated by org.testng.reporters.JUnitReportReporter -->
<testsuite hostname="ZAUSV-ARAKSHI" failures="0" tests="1" name="Test_Suite.WileyPLUS_Test_Suite" time="170.764" errors="0" timestamp="2023-05-03T17:59:03 IST" skipped="0">
  <testcase classname="Test_Suite.WileyPLUS_Test_Suite" name="TC23_Adding_Multiple_Wileyplus_Products_With_Coupon" time="170.764"/>
  <system-out/>
</testsuite> <!-- Test_Suite.WileyPLUS_Test_Suite -->
