<?xml version="1.0" encoding="UTF-8"?>
<!-- Generated by org.testng.reporters.JUnitReportReporter -->
<testsuite hostname="ZAUSV-GSAHA" failures="0" tests="17" name="Test_Suite.Vet_Test_Suite" time="1133.190" errors="0" timestamp="2023-03-14T09:46:11 IST" skipped="0">
  <testcase classname="Test_Suite.Vet_Test_Suite" name="TC11_Place_Order_With_Promo_Code" time="105.729"/>
  <system-out/>
  <testcase classname="Test_Suite.Vet_Test_Suite" name="TC01_Anonymous_User_Registration" time="248.747"/>
  <system-out/>
  <testcase classname="Test_Suite.Vet_Test_Suite" name="TC06_ResetPasswordFromLoginPage" time="52.944"/>
  <system-out/>
  <testcase classname="Test_Suite.Vet_Test_Suite" name="TC05_Reset_Password_My_Account" time="14.426"/>
  <system-out/>
  <testcase classname="Test_Suite.Vet_Test_Suite" name="TC04_Login_During_Checkout" time="42.644"/>
  <system-out/>
  <testcase classname="Test_Suite.Vet_Test_Suite" name="TC16_Manage_Subscription" time="9.678"/>
  <system-out/>
  <testcase classname="Test_Suite.Vet_Test_Suite" name="TC17_Auto_Renew_Toggle_validation" time="12.504"/>
  <system-out/>
  <testcase classname="Test_Suite.Vet_Test_Suite" name="TC08_Eloqua_validation" time="66.590"/>
  <system-out/>
  <testcase classname="Test_Suite.Vet_Test_Suite" name="TC20_Edit_Billing_address_in_my_account" time="25.237"/>
  <system-out/>
  <testcase classname="Test_Suite.Vet_Test_Suite" name="Data_Preparation" time="123.571"/>
  <system-out/>
  <testcase classname="Test_Suite.Vet_Test_Suite" name="TC21_Riskified_Declined_Order" time="102.978"/>
  <system-out/>
  <testcase classname="Test_Suite.Vet_Test_Suite" name="TC07_Verify_Tax" time="225.036"/>
  <system-out/>
  <testcase classname="Test_Suite.Vet_Test_Suite" name="TC12_PlaceOrderwithNonUSAddress" time="49.261"/>
  <system-out/>
  <testcase classname="Test_Suite.Vet_Test_Suite" name="TC02_Create_Account" time="9.300"/>
  <system-out/>
  <testcase classname="Test_Suite.Vet_Test_Suite" name="TC03_StandaloneLogin" time="10.070"/>
  <system-out/>
  <testcase classname="Test_Suite.Vet_Test_Suite" name="TC18_ZeroOrder" time="22.673"/>
  <system-out/>
  <testcase classname="Test_Suite.Vet_Test_Suite" name="TC19_Edit_Profile_from_my_account_page" time="11.802"/>
  <system-out/>
</testsuite> <!-- Test_Suite.Vet_Test_Suite -->
