<?xml version="1.0" encoding="UTF-8"?>
<!-- Generated by org.testng.reporters.JUnitReportReporter -->
<testsuite hostname="ZAUSV-GSAHA" failures="0" tests="4" name="Test_Suite.TestHarness_RegressionSuite" time="134.939" errors="0" timestamp="2023-06-16T12:47:11 IST" skipped="0">
  <testcase classname="Test_Suite.TestHarness_RegressionSuite" name="TC02_HTTP_Tokenise_Request_Response" time="36.122"/>
  <system-out/>
  <testcase classname="Test_Suite.TestHarness_RegressionSuite" name="TC02_HTTP_Tokenise_Request_Response" time="83.727"/>
  <system-out/>
  <testcase classname="Test_Suite.TestHarness_RegressionSuite" name="TC01_HTTP_Probe" time="5.856"/>
  <system-out/>
  <testcase classname="Test_Suite.TestHarness_RegressionSuite" name="TC01_HTTP_Probe" time="9.234"/>
  <system-out/>
</testsuite> <!-- Test_Suite.TestHarness_RegressionSuite -->
