<?xml version="1.0" encoding="UTF-8"?>
<!-- Generated by org.testng.reporters.JUnitReportReporter -->
<testsuite hostname="ZAUSV-ARAKSHI" failures="0" tests="1" name="Test_Suite.WEL_Test_Suite" time="329.094" errors="0" timestamp="2023-01-10T17:34:07 IST" skipped="0">
  <testcase classname="Test_Suite.WEL_Test_Suite" name="TC15_PlaceOrder_CMACPACFA_DigitalProducts_ForNewUser" time="329.094"/>
  <system-out/>
</testsuite> <!-- Test_Suite.WEL_Test_Suite -->
