<?xml version="1.0" encoding="UTF-8"?>
<!-- Generated by org.testng.reporters.JUnitReportReporter -->
<testsuite hostname="ZAUSV-ARAKSHI" failures="0" tests="26" name="TestSuite.Wiley_Prod_Test_Suite" time="1851.931" errors="0" timestamp="2023-05-18T12:01:50 IST" skipped="0">
  <testcase classname="TestSuite.Wiley_Prod_Test_Suite" name="TC07_ProductListPage" time="34.532"/>
  <system-out/>
  <testcase classname="TestSuite.Wiley_Prod_Test_Suite" name="TC05_AboutUsPage" time="16.182"/>
  <system-out/>
  <testcase classname="TestSuite.Wiley_Prod_Test_Suite" name="TC10_SearchResultEmptyPage" time="12.709"/>
  <system-out/>
  <testcase classname="TestSuite.Wiley_Prod_Test_Suite" name="TC03_SiteFooter" time="8.724"/>
  <system-out/>
  <testcase classname="TestSuite.Wiley_Prod_Test_Suite" name="TC18_Add_Digital_Product_to_cart_for_New_User" time="103.377"/>
  <system-out/>
  <testcase classname="TestSuite.Wiley_Prod_Test_Suite" name="TC15_Product_Search_Results_Page_Facet_Validation" time="80.184"/>
  <system-out/>
  <testcase classname="TestSuite.Wiley_Prod_Test_Suite" name="TC16_Cart_Page_UI_Validation" time="60.482"/>
  <system-out/>
  <testcase classname="TestSuite.Wiley_Prod_Test_Suite" name="TC21_Shipping_Charge_For_Multiple_Products" time="231.684"/>
  <system-out/>
  <testcase classname="TestSuite.Wiley_Prod_Test_Suite" name="TC14_SearchBox" time="21.391"/>
  <system-out/>
  <testcase classname="TestSuite.Wiley_Prod_Test_Suite" name="TC25_Generic_info_hover_text_EBook_PDP" time="92.602"/>
  <system-out/>
  <testcase classname="TestSuite.Wiley_Prod_Test_Suite" name="TC02_ProductDetailsPage" time="16.980"/>
  <system-out/>
  <testcase classname="TestSuite.Wiley_Prod_Test_Suite" name="TC17_Login_Page_Validation" time="147.403"/>
  <system-out/>
  <testcase classname="TestSuite.Wiley_Prod_Test_Suite" name="TC04_404_Errorpage" time="5.745"/>
  <system-out/>
  <testcase classname="TestSuite.Wiley_Prod_Test_Suite" name="TC06_SiteMap" time="14.069"/>
  <system-out/>
  <testcase classname="TestSuite.Wiley_Prod_Test_Suite" name="TC22_Shipping_And_BillingAddresses_different" time="226.104"/>
  <system-out/>
  <testcase classname="TestSuite.Wiley_Prod_Test_Suite" name="TC01_MicroSites" time="13.779"/>
  <system-out/>
  <testcase classname="TestSuite.Wiley_Prod_Test_Suite" name="TC24_VAT_Tooltip_For_Asian_Countries" time="38.015"/>
  <system-out/>
  <testcase classname="TestSuite.Wiley_Prod_Test_Suite" name="TC12_Content_Search_ResultPage" time="41.592"/>
  <system-out/>
  <testcase classname="TestSuite.Wiley_Prod_Test_Suite" name="TC26_Sort_Functionality_In_SRP_With_Pagination" time="161.603"/>
  <system-out/>
  <testcase classname="TestSuite.Wiley_Prod_Test_Suite" name="TC13_Category_LandingPage" time="13.726"/>
  <system-out/>
  <testcase classname="TestSuite.Wiley_Prod_Test_Suite" name="TC19_Add_Physical_Product_With_Guest_User" time="123.697"/>
  <system-out/>
  <testcase classname="TestSuite.Wiley_Prod_Test_Suite" name="TC11_Add_To_Cart_PopUp" time="39.776"/>
  <system-out/>
  <testcase classname="TestSuite.Wiley_Prod_Test_Suite" name="TC23_Add_Coupon_To_Cart" time="171.916"/>
  <system-out/>
  <testcase classname="TestSuite.Wiley_Prod_Test_Suite" name="TC08_HomePage" time="5.330"/>
  <system-out/>
  <testcase classname="TestSuite.Wiley_Prod_Test_Suite" name="TC20_Add_Physical_product_ForExistingUser" time="160.005"/>
  <system-out/>
  <testcase classname="TestSuite.Wiley_Prod_Test_Suite" name="TC09_SiteHeader" time="10.324"/>
  <system-out/>
</testsuite> <!-- TestSuite.Wiley_Prod_Test_Suite -->
