<?xml version="1.0" encoding="UTF-8"?>
<!-- Generated by org.testng.reporters.JUnitReportReporter -->
<testsuite hostname="ZAUSV-ARAKSHI" failures="0" tests="16" name="Test_Suite.Wiley_dot_com_Test_Suite" time="285.486" errors="0" timestamp="2023-03-13T09:36:40 IST" skipped="0">
  <testcase classname="Test_Suite.Wiley_dot_com_Test_Suite" name="TC06_SiteMap" time="17.418"/>
  <system-out/>
  <testcase classname="Test_Suite.Wiley_dot_com_Test_Suite" name="TC13_Category_LandingPage" time="33.140"/>
  <system-out/>
  <testcase classname="Test_Suite.Wiley_dot_com_Test_Suite" name="TC09_SiteHeader" time="9.071"/>
  <system-out/>
  <testcase classname="Test_Suite.Wiley_dot_com_Test_Suite" name="TC05_AboutUsPage" time="18.050"/>
  <system-out/>
  <testcase classname="Test_Suite.Wiley_dot_com_Test_Suite" name="TC12_Content_Search_ResultPage" time="27.155"/>
  <system-out/>
  <testcase classname="Test_Suite.Wiley_dot_com_Test_Suite" name="TC11_Add_To_PopUp" time="11.346"/>
  <system-out/>
  <testcase classname="Test_Suite.Wiley_dot_com_Test_Suite" name="TC03_SiteFooter" time="11.923"/>
  <system-out/>
  <testcase classname="Test_Suite.Wiley_dot_com_Test_Suite" name="TC04_404_Errorpage" time="6.852"/>
  <system-out/>
  <testcase classname="Test_Suite.Wiley_dot_com_Test_Suite" name="TC01_MicroSites" time="27.674"/>
  <system-out/>
  <testcase classname="Test_Suite.Wiley_dot_com_Test_Suite" name="TC15_Product_Search_Results_Page_Facet_Validation" time="38.430"/>
  <system-out/>
  <testcase classname="Test_Suite.Wiley_dot_com_Test_Suite" name="TC10_SearchResultEmptyPage" time="13.269"/>
  <system-out/>
  <testcase classname="Test_Suite.Wiley_dot_com_Test_Suite" name="TC14_SearchBox" time="21.716"/>
  <system-out/>
  <testcase classname="Test_Suite.Wiley_dot_com_Test_Suite" name="TC07_ProductListPage" time="16.933"/>
  <system-out/>
  <testcase classname="Test_Suite.Wiley_dot_com_Test_Suite" name="TC16_Sort_Functionality_In_SRP" time="17.348"/>
  <system-out/>
  <testcase classname="Test_Suite.Wiley_dot_com_Test_Suite" name="TC08_HomePage" time="5.054"/>
  <system-out/>
  <testcase classname="Test_Suite.Wiley_dot_com_Test_Suite" name="TC02_ProductDetailsPage" time="10.107"/>
  <system-out/>
</testsuite> <!-- Test_Suite.Wiley_dot_com_Test_Suite -->
