<?xml version="1.0" encoding="UTF-8"?>
<!-- Generated by org.testng.reporters.JUnitReportReporter -->
<testsuite hostname="ZAUSV-ARAKSHI" failures="0" tests="1" name="Test_Suite.AGS_Test_Suite" time="131.469" errors="0" timestamp="2023-03-29T18:18:54 IST" skipped="0">
  <testcase classname="Test_Suite.AGS_Test_Suite" name="TC10_Place_Order_Non_US_Address" time="131.469"/>
  <system-out/>
</testsuite> <!-- Test_Suite.AGS_Test_Suite -->
