<?xml version="1.0" encoding="UTF-8"?>
<!-- Generated by org.testng.reporters.JUnitReportReporter -->
<testsuite hostname="ZAUSV-ARAKSHI" failures="0" tests="1" name="Test_Suite.Vet_Test_Suite" time="74.439" errors="0" timestamp="2023-03-21T19:15:37 IST" skipped="0">
  <testcase classname="Test_Suite.Vet_Test_Suite" name="TC06_ResetPasswordFromLoginPage" time="74.439"/>
  <system-out/>
</testsuite> <!-- Test_Suite.Vet_Test_Suite -->
