<?xml version="1.0" encoding="UTF-8"?>
<!-- Generated by org.testng.reporters.JUnitReportReporter -->
<testsuite hostname="ZAUSV-ARAKSHI" failures="0" tests="61" name="Test_Suite.WEL_Test_Suite" time="5713.149" errors="0" timestamp="2023-02-22T14:34:39 IST" skipped="0">
  <testcase classname="Test_Suite.WEL_Test_Suite" name="TC08_UserRedirection_ToForgotORChangePassword_PageAfter3Failed_AttemptsToLogin" time="41.257"/>
  <system-out/>
  <testcase classname="Test_Suite.WEL_Test_Suite" name="TC28_StudentVerification_ForDigitalCartofUSANDNonUS" time="116.910"/>
  <system-out/>
  <testcase classname="Test_Suite.WEL_Test_Suite" name="TC75_Check_Add_To_Cart_Functionality_for_Heads_Up_Validation" time="49.131"/>
  <system-out/>
  <testcase classname="Test_Suite.WEL_Test_Suite" name="TC06_Standalone_ForgotPassword" time="27.961"/>
  <system-out/>
  <testcase classname="Test_Suite.WEL_Test_Suite" name="TC52_PlaceOrder_ChinaAddress" time="86.754"/>
  <system-out/>
  <testcase classname="Test_Suite.WEL_Test_Suite" name="TC46_Tax_Recalculation_After_Editing_Shipping_Method" time="132.326"/>
  <system-out/>
  <testcase classname="Test_Suite.WEL_Test_Suite" name="TC17_PlaceOrderof_CPACMA_PhysitalProducts_And_CFAPhysicalReviewCourse_ProductForNewUser" time="134.104"/>
  <system-out/>
  <testcase classname="Test_Suite.WEL_Test_Suite" name="TC27_AddressSuggestion_ByAddressDoctorInShippingpage" time="110.588"/>
  <system-out/>
  <testcase classname="Test_Suite.WEL_Test_Suite" name="TC77_Verify_TheFreeTrail_FormForCMACPACFAProducts" time="17.006"/>
  <system-out/>
  <testcase classname="Test_Suite.WEL_Test_Suite" name="TC01_Standalone_UserRegistration" time="58.548"/>
  <system-out/>
  <testcase classname="Test_Suite.WEL_Test_Suite" name="TC34_PlaceOrder_withPaypalPayment_OptionForNewUser" time="105.700"/>
  <system-out/>
  <testcase classname="Test_Suite.WEL_Test_Suite" name="TC31_ShippingAndBilling_AddressSamefor_NewUser" time="89.634"/>
  <system-out/>
  <testcase classname="Test_Suite.WEL_Test_Suite" name="TC24_PlaceOrder_UsingSavedShippingAddress_ForExistingUser" time="60.134"/>
  <system-out/>
  <testcase classname="Test_Suite.WEL_Test_Suite" name="TC44_PlaceOrderFor_UniversityPartner_Product" time="92.100"/>
  <system-out/>
  <testcase classname="Test_Suite.WEL_Test_Suite" name="TC73_ValidateTaxin_IndiaForPhysicalOrder" time="103.958"/>
  <system-out/>
  <testcase classname="Test_Suite.WEL_Test_Suite" name="TC09_AddToCart_WithStudentDiscount_InAnonymousCart" time="55.195"/>
  <system-out/>
  <testcase classname="Test_Suite.WEL_Test_Suite" name="TC79_Email_Format_Validation" time="261.011"/>
  <system-out/>
  <testcase classname="Test_Suite.WEL_Test_Suite" name="TC04_LoginFor_NewlyRegisteredUser" time="37.761"/>
  <system-out/>
  <testcase classname="Test_Suite.WEL_Test_Suite" name="TC48_Tax_Recalculation_After_Editing_Billing_Address" time="109.375"/>
  <system-out/>
  <testcase classname="Test_Suite.WEL_Test_Suite" name="TC61_Validate_Cookie_Management" time="42.932"/>
  <system-out/>
  <testcase classname="Test_Suite.WEL_Test_Suite" name="TC13_PlaceOrder_WithmultipleProducts_And_PromotionForExistingUser" time="134.654"/>
  <system-out/>
  <testcase classname="Test_Suite.WEL_Test_Suite" name="TC10_AddToCart_WithPromoCode_InAnonymousCart" time="59.909"/>
  <system-out/>
  <testcase classname="Test_Suite.WEL_Test_Suite" name="TC47_Tax_Recalculation_After_Editing_Shipping_Address" time="138.198"/>
  <system-out/>
  <testcase classname="Test_Suite.WEL_Test_Suite" name="TC07_ForgotPasswordDuring_Checkout" time="76.332"/>
  <system-out/>
  <testcase classname="Test_Suite.WEL_Test_Suite" name="TC33_AddressSuggestion_ByAddressDoctorInBillingpage" time="104.981"/>
  <system-out/>
  <testcase classname="Test_Suite.WEL_Test_Suite" name="TC21_PlaceOrder_CPACMACFA_FreeTrailFor_NewUser" time="48.658"/>
  <system-out/>
  <testcase classname="Test_Suite.WEL_Test_Suite" name="TC36_PlaceOrder_withPaypalCredit_OptionForExistingUser" time="162.939"/>
  <system-out/>
  <testcase classname="Test_Suite.WEL_Test_Suite" name="TC15_PlaceOrder_CMACPACFA_DigitalProducts_ForNewUser" time="134.835"/>
  <system-out/>
  <testcase classname="Test_Suite.WEL_Test_Suite" name="TC19_PlaceOrderOf_CPACMACFA_SupplementCourse_ForNewUser" time="107.502"/>
  <system-out/>
  <testcase classname="Test_Suite.WEL_Test_Suite" name="TC69_PlaceNewUser_OrderForPhysicalProduct_CFALevelI_PlatinumAndValidateThetax" time="69.488"/>
  <system-out/>
  <testcase classname="Test_Suite.WEL_Test_Suite" name="TC64_Validate_Dont_Ship_To_PO_Box_Message" time="45.727"/>
  <system-out/>
  <testcase classname="Test_Suite.WEL_Test_Suite" name="TC26_ShippingChargeFor_MultipleProducts" time="84.152"/>
  <system-out/>
  <testcase classname="Test_Suite.WEL_Test_Suite" name="TC74_WEL_Cart_Upsells_Add_Summary_Line" time="37.713"/>
  <system-out/>
  <testcase classname="Test_Suite.WEL_Test_Suite" name="TC25_ShippingMethodfor_USUKAustralia_CanadaIndiaSingapore" time="156.208"/>
  <system-out/>
  <testcase classname="Test_Suite.WEL_Test_Suite" name="TC38_Multiple_To_And_Fro_Navigation_Between_Shipping_And_Billing" time="173.406"/>
  <system-out/>
  <testcase classname="Test_Suite.WEL_Test_Suite" name="TC71_PlaceNewUser_OrderForDigitalProduct_CPATestBank_AndValidatThetax" time="68.205"/>
  <system-out/>
  <testcase classname="Test_Suite.WEL_Test_Suite" name="TC03_UserRegistration_DuringCheckoutForDigitalCartwith_NonUSBillingAddress" time="47.093"/>
  <system-out/>
  <testcase classname="Test_Suite.WEL_Test_Suite" name="TC16_PlaceOrder_CMACPACFA_DigitalProducts_ForExistingUser" time="135.739"/>
  <system-out/>
  <testcase classname="Test_Suite.WEL_Test_Suite" name="TC32_ShippingAndBilling_AddressDifferentfor_NewUser" time="82.974"/>
  <system-out/>
  <testcase classname="Test_Suite.WEL_Test_Suite" name="TC22_PlaceOrder_CPACMACFA_FreeTrailFor_ExistingUser" time="61.759"/>
  <system-out/>
  <testcase classname="Test_Suite.WEL_Test_Suite" name="TC05_UserLoginDuring_Checkout" time="144.643"/>
  <system-out/>
  <testcase classname="Test_Suite.WEL_Test_Suite" name="TC72_PlaceExistingUser_OrderForDigitalProduct_CPATestBank_AndValidatThetax" time="66.152"/>
  <system-out/>
  <testcase classname="Test_Suite.WEL_Test_Suite" name="TC43_PlaceOrderwith_PartnerProduct_Having100Percent_Discount" time="87.616"/>
  <system-out/>
  <testcase classname="Test_Suite.WEL_Test_Suite" name="TC49_Place_Order_With_Some_Parts_New_User" time="98.129"/>
  <system-out/>
  <testcase classname="Test_Suite.WEL_Test_Suite" name="TC62_Email_Verification_For__New_User" time="254.108"/>
  <system-out/>
  <testcase classname="Test_Suite.WEL_Test_Suite" name="TC30_PlaceOrder_UsingSavedBillingAddress_ForExistingUser" time="95.591"/>
  <system-out/>
  <testcase classname="Test_Suite.WEL_Test_Suite" name="TC50_PlaceOrder_CanadaAddress" time="72.883"/>
  <system-out/>
  <testcase classname="Test_Suite.WEL_Test_Suite" name="TC51_PlaceOrder_IndiaAddress" time="104.681"/>
  <system-out/>
  <testcase classname="Test_Suite.WEL_Test_Suite" name="TC35_PlaceOrder_withPaypalPayment_OptionForExistingUser" time="139.520"/>
  <system-out/>
  <testcase classname="Test_Suite.WEL_Test_Suite" name="TC42_Place_order_with_partner_product_having_price" time="85.162"/>
  <system-out/>
  <testcase classname="Test_Suite.WEL_Test_Suite" name="TC70_PlaceExistingUser_OrderForPhysicalProduct_CFALevelI_PlatinumAndValidateThetax" time="70.346"/>
  <system-out/>
  <testcase classname="Test_Suite.WEL_Test_Suite" name="TC18_PlaceOrderof_CPACMA_PhysitalProducts_And_CFAPhysicalReviewCourse_ProductForExistingUser" time="137.393"/>
  <system-out/>
  <testcase classname="Test_Suite.WEL_Test_Suite" name="TC29_StudentVerification_ForPhysicalCartofUSANDNonUS" time="107.478"/>
  <system-out/>
  <testcase classname="Test_Suite.WEL_Test_Suite" name="TC20_PlaceOrder_OfOther_ProductsCIACAIAFor_NewUser" time="67.345"/>
  <system-out/>
  <testcase classname="Test_Suite.WEL_Test_Suite" name="TC14_ExtraDiscount_CouponCodeGOVT" time="40.150"/>
  <system-out/>
  <testcase classname="Test_Suite.WEL_Test_Suite" name="TC23_PlaceOrder_OfOther_ProductsCIA_FreeTrailFor_NewUser" time="29.362"/>
  <system-out/>
  <testcase classname="Test_Suite.WEL_Test_Suite" name="TC37_PlaceOrder_withPaypalCredit_OptionForNewUser" time="141.289"/>
  <system-out/>
  <testcase classname="Test_Suite.WEL_Test_Suite" name="TC02_UserRegistration_DuringCheckoutForPhysicalCart" time="98.936"/>
  <system-out/>
  <testcase classname="Test_Suite.WEL_Test_Suite" name="TC11_AddToCartFor_LoggedInUser" time="93.224"/>
  <system-out/>
  <testcase classname="Test_Suite.WEL_Test_Suite" name="TC12_QunatityRestriction_ForPhysicalProduct" time="32.344"/>
  <system-out/>
  <testcase classname="Test_Suite.WEL_Test_Suite" name="TC53_PlaceOrder_JapanAddress" time="83.940"/>
  <system-out/>
</testsuite> <!-- Test_Suite.WEL_Test_Suite -->
