<?xml version="1.0" encoding="UTF-8"?>
<!-- Generated by org.testng.reporters.JUnitReportReporter -->
<testsuite hostname="ZAUSV-ARAKSHI" failures="0" tests="1" name="Test_Suite.WEL_Test_Suite" time="178.468" errors="0" timestamp="2023-03-01T21:52:52 IST" skipped="0">
  <testcase classname="Test_Suite.WEL_Test_Suite" name="TC50_PlaceOrder_CanadaAddress" time="178.468"/>
  <system-out/>
</testsuite> <!-- Test_Suite.WEL_Test_Suite -->
