<?xml version="1.0" encoding="UTF-8"?>
<!-- Generated by org.testng.reporters.JUnitReportReporter -->
<testsuite hostname="ZAUSV-ARAKSHI" failures="0" tests="1" name="Test_Suite.WEL_Test_Suite" time="238.190" errors="0" timestamp="2023-02-07T19:32:11 IST" skipped="0">
  <testcase classname="Test_Suite.WEL_Test_Suite" name="TC22_PlaceOrder_CPACMACFA_FreeTrailFor_ExistingUser" time="238.190"/>
  <system-out/>
</testsuite> <!-- Test_Suite.WEL_Test_Suite -->
