<?xml version="1.0" encoding="UTF-8"?>
<!-- Generated by org.testng.reporters.JUnitReportReporter -->
<testsuite hostname="ZAUSV-ARAKSHI" failures="0" tests="1" name="Test_Suite.WEL_Test_Suite" time="72.633" errors="0" timestamp="2023-01-31T20:43:35 IST" skipped="0">
  <testcase classname="Test_Suite.WEL_Test_Suite" name="TC75_Check_Add_To_Cart_Functionality_for_Heads_Up_Validation" time="72.633"/>
  <system-out/>
</testsuite> <!-- Test_Suite.WEL_Test_Suite -->
