<?xml version="1.0" encoding="UTF-8"?>
<!-- Generated by org.testng.reporters.JUnitReportReporter -->
<testsuite hostname="ZAUSV-ARAKSHI" failures="0" tests="1" name="Test_Suite.WEL_Test_Suite" time="204.320" errors="0" timestamp="2023-02-01T17:54:10 IST" skipped="0">
  <testcase classname="Test_Suite.WEL_Test_Suite" name="TC38_Multiple_To_And_Fro_Navigation_Between_Shipping_And_Billing" time="204.320"/>
  <system-out/>
</testsuite> <!-- Test_Suite.WEL_Test_Suite -->
