<?xml version="1.0" encoding="UTF-8"?>
<!-- Generated by org.testng.reporters.JUnitReportReporter -->
<testsuite hostname="ZAUSV-CBINDUS" failures="0" tests="1" name="Test_Suite.StoreFront_Validate_CLP" time="22.144" errors="0" timestamp="2023-06-12T14:01:41 IST" skipped="0">
  <testcase classname="Test_Suite.StoreFront_Validate_CLP" name="TC01_CategoryLandingPage" time="22.144"/>
  <system-out/>
</testsuite> <!-- Test_Suite.StoreFront_Validate_CLP -->
