<?xml version="1.0" encoding="UTF-8"?>
<!-- Generated by org.testng.reporters.JUnitReportReporter -->
<testsuite hostname="ZAUSV-GSAHA" failures="0" tests="18" name="Test_Suite.Vet_Test_Suite" time="984.833" errors="0" timestamp="2023-01-11T16:19:31 IST" skipped="0">
  <testcase classname="Test_Suite.Vet_Test_Suite" name="TC19_Edit_Profile_from_my_account_page" time="17.359"/>
  <system-out/>
  <testcase classname="Test_Suite.Vet_Test_Suite" name="TC16_Manage_Subscription" time="25.334"/>
  <system-out/>
  <testcase classname="Test_Suite.Vet_Test_Suite" name="Data_Preparation" time="78.930"/>
  <system-out/>
  <testcase classname="Test_Suite.Vet_Test_Suite" name="TC17_Auto_Renew_Toggle_validation" time="13.483"/>
  <system-out/>
  <testcase classname="Test_Suite.Vet_Test_Suite" name="TC21_Riskified_Declined_Order" time="120.859"/>
  <system-out/>
  <testcase classname="Test_Suite.Vet_Test_Suite" name="TC04_Login_During_Checkout" time="43.518"/>
  <system-out/>
  <testcase classname="Test_Suite.Vet_Test_Suite" name="TC03_StandaloneLogin" time="10.548"/>
  <system-out/>
  <testcase classname="Test_Suite.Vet_Test_Suite" name="TC20_Edit_Billing_address_in_my_account" time="20.993"/>
  <system-out/>
  <testcase classname="Test_Suite.Vet_Test_Suite" name="TC12_PlaceOrderwithNonUSAddress" time="41.490"/>
  <system-out/>
  <testcase classname="Test_Suite.Vet_Test_Suite" name="TC15_ValidationOrdersinBO" time="40.662"/>
  <system-out/>
  <testcase classname="Test_Suite.Vet_Test_Suite" name="TC05_Reset_Password_My_Account" time="14.455"/>
  <system-out/>
  <testcase classname="Test_Suite.Vet_Test_Suite" name="TC11_Place_Order_With_Promo_Code" time="174.867"/>
  <system-out/>
  <testcase classname="Test_Suite.Vet_Test_Suite" name="TC06_ResetPasswordFromLoginPage" time="36.859"/>
  <system-out/>
  <testcase classname="Test_Suite.Vet_Test_Suite" name="TC02_Create_Account" time="11.604"/>
  <system-out/>
  <testcase classname="Test_Suite.Vet_Test_Suite" name="TC08_Eloqua_validation" time="77.584"/>
  <system-out/>
  <testcase classname="Test_Suite.Vet_Test_Suite" name="TC07_Verify_Tax" time="149.010"/>
  <system-out/>
  <testcase classname="Test_Suite.Vet_Test_Suite" name="TC18_ZeroOrder" time="37.117"/>
  <system-out/>
  <testcase classname="Test_Suite.Vet_Test_Suite" name="TC01_Anonymous_User_Registration" time="70.161"/>
  <system-out/>
</testsuite> <!-- Test_Suite.Vet_Test_Suite -->
