<?xml version="1.0" encoding="UTF-8"?>
<!-- Generated by org.testng.reporters.JUnitReportReporter -->
<testsuite hostname="ZAUSV-GSAHA" failures="0" tests="3" name="Test_Suite.StoreFront_Validate_CLP" time="13.301" errors="1" timestamp="2023-06-14T17:48:26 IST" skipped="2">
  <testcase classname="Test_Suite.StoreFront_Validate_CLP" name="TC02_ProductDisplayPage" time="0.001">
    <skipped/>
  </testcase> <!-- TC02_ProductDisplayPage -->
  <system-out/>
  <testcase classname="Test_Suite.StoreFront_Validate_CLP" name="initiate" time="13.300">
    <error message="Unresolved compilation problem: 
	The method getUserName() is undefined for the type SystemUtils
" type="java.lang.Error">
      <![CDATA[java.lang.Error: Unresolved compilation problem: 
The method getUserName() is undefined for the type SystemUtils

at utilities.Reporting.summaryReportdesign(Reporting.java:70)
at utilities.DriverModule.initiate(DriverModule.java:75)
at java.base/jdk.internal.reflect.DirectMethodHandleAccessor.invoke(DirectMethodHandleAccessor.java:104)
at java.base/java.lang.reflect.Method.invoke(Method.java:577)
at org.testng.internal.invokers.MethodInvocationHelper.invokeMethod(MethodInvocationHelper.java:139)
at org.testng.internal.invokers.MethodInvocationHelper.invokeMethodConsideringTimeout(MethodInvocationHelper.java:69)
at org.testng.internal.invokers.ConfigInvoker.invokeConfigurationMethod(ConfigInvoker.java:361)
at org.testng.internal.invokers.ConfigInvoker.invokeConfigurations(ConfigInvoker.java:296)
at org.testng.TestRunner.invokeTestConfigurations(TestRunner.java:643)
at org.testng.TestRunner.beforeRun(TestRunner.java:632)
at org.testng.TestRunner.run(TestRunner.java:594)
at org.testng.SuiteRunner.runTest(SuiteRunner.java:433)
at org.testng.SuiteRunner.runSequentially(SuiteRunner.java:427)
at org.testng.SuiteRunner.privateRun(SuiteRunner.java:387)
at org.testng.SuiteRunner.run(SuiteRunner.java:330)
at org.testng.SuiteRunnerWorker.runSuite(SuiteRunnerWorker.java:52)
at org.testng.SuiteRunnerWorker.run(SuiteRunnerWorker.java:95)
at org.testng.TestNG.runSuitesSequentially(TestNG.java:1256)
at org.testng.TestNG.runSuitesLocally(TestNG.java:1176)
at org.testng.TestNG.runSuites(TestNG.java:1099)
at org.testng.TestNG.run(TestNG.java:1067)
at org.testng.remote.AbstractRemoteTestNG.run(AbstractRemoteTestNG.java:115)
at org.testng.remote.RemoteTestNG.initAndRun(RemoteTestNG.java:251)
at org.testng.remote.RemoteTestNG.main(RemoteTestNG.java:77)
]]>
    </error>
  </testcase> <!-- initiate -->
  <system-out/>
  <testcase classname="Test_Suite.StoreFront_Validate_CLP" name="TC01_CategoryLandingPage">
    <skipped/>
  </testcase> <!-- TC01_CategoryLandingPage -->
  <system-out/>
</testsuite> <!-- Test_Suite.StoreFront_Validate_CLP -->
