<?xml version="1.0" encoding="UTF-8"?>
<!-- Generated by org.testng.reporters.JUnitReportReporter -->
<testsuite hostname="ZAUSV-JBISWAS" failures="0" tests="1" name="Test_Suite.TestHarness_RegressionSuite" time="48.263" errors="0" timestamp="2023-03-01T16:11:04 IST" skipped="0">
  <testcase classname="Test_Suite.TestHarness_RegressionSuite" name="TC33_HTTP_Embedded_Auth_ES_Stripe_Validation" time="48.263"/>
  <system-out/>
</testsuite> <!-- Test_Suite.TestHarness_RegressionSuite -->
