<?xml version="1.0" encoding="UTF-8"?>
<!-- Generated by org.testng.reporters.JUnitReportReporter -->
<testsuite hostname="ZAUSV-ARAKSHI" failures="0" tests="22" name="Test_Suite.WileyPLUS_Test_Suite" time="1497.116" errors="0" timestamp="2023-03-22T16:00:12 IST" skipped="0">
  <testcase classname="Test_Suite.WileyPLUS_Test_Suite" name="TC12_Add_WileyPLUS_Product_To_Cart" time="14.669"/>
  <system-out/>
  <testcase classname="Test_Suite.WileyPLUS_Test_Suite" name="TC07_Verify_Additional_UI_Adjustments_WileyPLUS_PDP" time="54.367"/>
  <system-out/>
  <testcase classname="Test_Suite.WileyPLUS_Test_Suite" name="TC04_Bundle_Search_For_WileyPLUS" time="30.840"/>
  <system-out/>
  <testcase classname="Test_Suite.WileyPLUS_Test_Suite" name="TC20_Place_WileyPLUS_CAD_Order_From_Frontend" time="238.635"/>
  <system-out/>
  <testcase classname="Test_Suite.WileyPLUS_Test_Suite" name="TC15_Course_Details_During_WileyPLUS_Checkout" time="97.782"/>
  <system-out/>
  <testcase classname="Test_Suite.WileyPLUS_Test_Suite" name="TC01_SRP_For_WileyPLUS" time="34.593"/>
  <system-out/>
  <testcase classname="Test_Suite.WileyPLUS_Test_Suite" name="TC02_PLP_For_WileyPLUS" time="34.036"/>
  <system-out/>
  <testcase classname="Test_Suite.WileyPLUS_Test_Suite" name="TC08_Validate_Percentage_In_Multiple_Term" time="33.833"/>
  <system-out/>
  <testcase classname="Test_Suite.WileyPLUS_Test_Suite" name="TC13_Global_Country_List_In_Shipping" time="48.681"/>
  <system-out/>
  <testcase classname="Test_Suite.WileyPLUS_Test_Suite" name="TC16_Check_Global_Saved_Billing_Address" time="100.026"/>
  <system-out/>
  <testcase classname="Test_Suite.WileyPLUS_Test_Suite" name="TC11_New_Tab_Opened_After_Clicking_Login_To_WileyPLUS_Button" time="36.280"/>
  <system-out/>
  <testcase classname="Test_Suite.WileyPLUS_Test_Suite" name="TC18_Check_ISBN_Not_Preset_In_WileyPLUS_PDP" time="30.479"/>
  <system-out/>
  <testcase classname="Test_Suite.WileyPLUS_Test_Suite" name="TC06_Format_Facet_WileyPLUS" time="24.699"/>
  <system-out/>
  <testcase classname="Test_Suite.WileyPLUS_Test_Suite" name="TC10_WileyPLUS_Set_To_MultiTerm_Default" time="33.853"/>
  <system-out/>
  <testcase classname="Test_Suite.WileyPLUS_Test_Suite" name="TC19_Validate_Continue_Shopping_Link" time="79.243"/>
  <system-out/>
  <testcase classname="Test_Suite.WileyPLUS_Test_Suite" name="TC22_Merge_Cart_Functionality" time="123.709"/>
  <system-out/>
  <testcase classname="Test_Suite.WileyPLUS_Test_Suite" name="TC14_Global_Country_List_In_Billing" time="50.934"/>
  <system-out/>
  <testcase classname="Test_Suite.WileyPLUS_Test_Suite" name="TC21_Place_WileyPLUS_USD_Order_From_Frontend" time="223.269"/>
  <system-out/>
  <testcase classname="Test_Suite.WileyPLUS_Test_Suite" name="TC17_Check_Global_Saved_Shipping_Address" time="102.205"/>
  <system-out/>
  <testcase classname="Test_Suite.WileyPLUS_Test_Suite" name="TC03_EGRIP_Search_For_WileyPLUS" time="33.975"/>
  <system-out/>
  <testcase classname="Test_Suite.WileyPLUS_Test_Suite" name="TC09_PDP_UI_For_WileyPLUS" time="38.887"/>
  <system-out/>
  <testcase classname="Test_Suite.WileyPLUS_Test_Suite" name="TC05_Check_If_URL_Not_Truncated_For_WileyPLUS" time="32.121"/>
  <system-out/>
</testsuite> <!-- Test_Suite.WileyPLUS_Test_Suite -->
