<?xml version="1.0" encoding="UTF-8"?>
<!-- Generated by org.testng.reporters.JUnitReportReporter -->
<testsuite hostname="ZAUSV-ARAKSHI" failures="0" tests="26" name="TestSuite.Wiley_Prod_Test_Suite" time="1788.791" errors="0" timestamp="2023-05-30T19:45:25 IST" skipped="0">
  <testcase classname="TestSuite.Wiley_Prod_Test_Suite" name="TC10_SearchResultEmptyPage" time="20.245"/>
  <system-out/>
  <testcase classname="TestSuite.Wiley_Prod_Test_Suite" name="TC14_SearchBox" time="22.191"/>
  <system-out/>
  <testcase classname="TestSuite.Wiley_Prod_Test_Suite" name="TC11_Add_To_Cart_PopUp" time="46.246"/>
  <system-out/>
  <testcase classname="TestSuite.Wiley_Prod_Test_Suite" name="TC07_ProductListPage" time="36.210"/>
  <system-out/>
  <testcase classname="TestSuite.Wiley_Prod_Test_Suite" name="TC05_AboutUsPage" time="20.713"/>
  <system-out/>
  <testcase classname="TestSuite.Wiley_Prod_Test_Suite" name="TC12_Content_Search_ResultPage" time="46.544"/>
  <system-out/>
  <testcase classname="TestSuite.Wiley_Prod_Test_Suite" name="TC21_Shipping_Charge_For_Multiple_Products" time="164.333"/>
  <system-out/>
  <testcase classname="TestSuite.Wiley_Prod_Test_Suite" name="TC22_Shipping_And_BillingAddresses_different" time="154.088"/>
  <system-out/>
  <testcase classname="TestSuite.Wiley_Prod_Test_Suite" name="TC03_SiteFooter" time="18.397"/>
  <system-out/>
  <testcase classname="TestSuite.Wiley_Prod_Test_Suite" name="TC18_Add_Digital_Product_to_cart_for_New_User" time="122.223"/>
  <system-out/>
  <testcase classname="TestSuite.Wiley_Prod_Test_Suite" name="TC08_HomePage" time="5.695"/>
  <system-out/>
  <testcase classname="TestSuite.Wiley_Prod_Test_Suite" name="TC02_ProductDetailsPage" time="21.271"/>
  <system-out/>
  <testcase classname="TestSuite.Wiley_Prod_Test_Suite" name="TC01_MicroSites" time="19.299"/>
  <system-out/>
  <testcase classname="TestSuite.Wiley_Prod_Test_Suite" name="TC09_SiteHeader" time="11.139"/>
  <system-out/>
  <testcase classname="TestSuite.Wiley_Prod_Test_Suite" name="TC23_Add_Coupon_To_Cart" time="159.808"/>
  <system-out/>
  <testcase classname="TestSuite.Wiley_Prod_Test_Suite" name="TC16_Cart_Page_UI_Validation" time="61.604"/>
  <system-out/>
  <testcase classname="TestSuite.Wiley_Prod_Test_Suite" name="TC26_Sort_Functionality_In_SRP_With_Pagination" time="158.774"/>
  <system-out/>
  <testcase classname="TestSuite.Wiley_Prod_Test_Suite" name="TC25_Generic_info_hover_text_EBook_PDP" time="90.295"/>
  <system-out/>
  <testcase classname="TestSuite.Wiley_Prod_Test_Suite" name="TC13_Category_LandingPage" time="13.900"/>
  <system-out/>
  <testcase classname="TestSuite.Wiley_Prod_Test_Suite" name="TC04_404_Errorpage" time="8.240"/>
  <system-out/>
  <testcase classname="TestSuite.Wiley_Prod_Test_Suite" name="TC17_Login_Page_Validation" time="179.525"/>
  <system-out/>
  <testcase classname="TestSuite.Wiley_Prod_Test_Suite" name="TC15_Product_Search_Results_Page_Facet_Validation" time="82.172"/>
  <system-out/>
  <testcase classname="TestSuite.Wiley_Prod_Test_Suite" name="TC06_SiteMap" time="15.431"/>
  <system-out/>
  <testcase classname="TestSuite.Wiley_Prod_Test_Suite" name="TC19_Add_Physical_Product_With_Guest_User" time="129.686"/>
  <system-out/>
  <testcase classname="TestSuite.Wiley_Prod_Test_Suite" name="TC24_VAT_Tooltip_For_Asian_Countries" time="32.949"/>
  <system-out/>
  <testcase classname="TestSuite.Wiley_Prod_Test_Suite" name="TC20_Add_Physical_product_ForExistingUser" time="147.813"/>
  <system-out/>
</testsuite> <!-- TestSuite.Wiley_Prod_Test_Suite -->
