<?xml version="1.0" encoding="UTF-8"?>
<!-- Generated by org.testng.reporters.JUnitReportReporter -->
<testsuite hostname="ZAUSV-ARAKSHI" failures="0" tests="23" name="Test_Suite.WileyPLUS_Test_Suite" time="1882.473" errors="0" timestamp="2023-04-11T21:41:25 IST" skipped="0">
  <testcase classname="Test_Suite.WileyPLUS_Test_Suite" name="TC16_Check_Global_Saved_Billing_Address" time="133.795"/>
  <system-out/>
  <testcase classname="Test_Suite.WileyPLUS_Test_Suite" name="TC19_Validate_Continue_Shopping_Link" time="152.038"/>
  <system-out/>
  <testcase classname="Test_Suite.WileyPLUS_Test_Suite" name="TC04_Bundle_Search_For_WileyPLUS" time="38.276"/>
  <system-out/>
  <testcase classname="Test_Suite.WileyPLUS_Test_Suite" name="TC23_Adding_Multiple_Wileyplus_Products_With_Coupon" time="102.987"/>
  <system-out/>
  <testcase classname="Test_Suite.WileyPLUS_Test_Suite" name="TC08_Validate_Percentage_In_Multiple_Term" time="60.355"/>
  <system-out/>
  <testcase classname="Test_Suite.WileyPLUS_Test_Suite" name="TC10_WileyPLUS_Set_To_MultiTerm_Default" time="42.156"/>
  <system-out/>
  <testcase classname="Test_Suite.WileyPLUS_Test_Suite" name="TC13_Global_Country_List_In_Shipping" time="81.967"/>
  <system-out/>
  <testcase classname="Test_Suite.WileyPLUS_Test_Suite" name="TC11_New_Tab_Opened_After_Clicking_Login_To_WileyPLUS_Button" time="44.967"/>
  <system-out/>
  <testcase classname="Test_Suite.WileyPLUS_Test_Suite" name="TC21_Place_WileyPLUS_USD_Order_From_Frontend" time="84.724"/>
  <system-out/>
  <testcase classname="Test_Suite.WileyPLUS_Test_Suite" name="TC03_EGRIP_Search_For_WileyPLUS" time="41.003"/>
  <system-out/>
  <testcase classname="Test_Suite.WileyPLUS_Test_Suite" name="TC15_Course_Details_During_WileyPLUS_Checkout" time="251.975"/>
  <system-out/>
  <testcase classname="Test_Suite.WileyPLUS_Test_Suite" name="TC05_Check_If_URL_Not_Truncated_For_WileyPLUS" time="40.509"/>
  <system-out/>
  <testcase classname="Test_Suite.WileyPLUS_Test_Suite" name="TC12_Add_WileyPLUS_Product_To_Cart" time="37.644"/>
  <system-out/>
  <testcase classname="Test_Suite.WileyPLUS_Test_Suite" name="TC14_Global_Country_List_In_Billing" time="82.851"/>
  <system-out/>
  <testcase classname="Test_Suite.WileyPLUS_Test_Suite" name="TC06_Format_Facet_WileyPLUS" time="34.183"/>
  <system-out/>
  <testcase classname="Test_Suite.WileyPLUS_Test_Suite" name="TC09_PDP_UI_For_WileyPLUS" time="54.788"/>
  <system-out/>
  <testcase classname="Test_Suite.WileyPLUS_Test_Suite" name="TC02_PLP_For_WileyPLUS" time="62.492"/>
  <system-out/>
  <testcase classname="Test_Suite.WileyPLUS_Test_Suite" name="TC20_Place_WileyPLUS_CAD_Order_From_Frontend" time="140.715"/>
  <system-out/>
  <testcase classname="Test_Suite.WileyPLUS_Test_Suite" name="TC01_SRP_For_WileyPLUS" time="33.173"/>
  <system-out/>
  <testcase classname="Test_Suite.WileyPLUS_Test_Suite" name="TC17_Check_Global_Saved_Shipping_Address" time="150.705"/>
  <system-out/>
  <testcase classname="Test_Suite.WileyPLUS_Test_Suite" name="TC18_Check_ISBN_Not_Preset_In_WileyPLUS_PDP" time="34.596"/>
  <system-out/>
  <testcase classname="Test_Suite.WileyPLUS_Test_Suite" name="TC22_Merge_Cart_Functionality" time="106.444"/>
  <system-out/>
  <testcase classname="Test_Suite.WileyPLUS_Test_Suite" name="TC07_Verify_Additional_UI_Adjustments_WileyPLUS_PDP" time="70.130"/>
  <system-out/>
</testsuite> <!-- Test_Suite.WileyPLUS_Test_Suite -->
