<?xml version="1.0" encoding="UTF-8"?>
<!-- Generated by org.testng.reporters.JUnitReportReporter -->
<testsuite hostname="ZAUSV-ARAKSHI" failures="0" tests="1" name="Test_Suite.Vet_Test_Suite" time="35.062" errors="0" timestamp="2023-04-20T12:06:10 IST" skipped="0">
  <testcase classname="Test_Suite.Vet_Test_Suite" name="TC01_Anonymous_User_Registration" time="35.062"/>
  <system-out/>
</testsuite> <!-- Test_Suite.Vet_Test_Suite -->
