<?xml version="1.0" encoding="UTF-8"?>
<!-- Generated by org.testng.reporters.JUnitReportReporter -->
<testsuite hostname="ZAUSV-SVARISA" failures="0" tests="8" name="Test_Suite.TestHarness_RegressionSuite" time="236.076" errors="0" timestamp="2023-02-23T03:50:48 PST" skipped="0">
  <testcase classname="Test_Suite.TestHarness_RegressionSuite" name="TC02_HTTP_Tokenise_Request_Response" time="43.640"/>
  <system-out/>
  <testcase classname="Test_Suite.TestHarness_RegressionSuite" name="TC14_HTTP_TokenAuth_ES_Stripe_Validation" time="24.448"/>
  <system-out/>
  <testcase classname="Test_Suite.TestHarness_RegressionSuite" name="TC16_HTTP_TokenSettle_ES_Stripe_Validation" time="23.767"/>
  <system-out/>
  <testcase classname="Test_Suite.TestHarness_RegressionSuite" name="TC06_HTTP_Validate_Request_Response" time="32.363"/>
  <system-out/>
  <testcase classname="Test_Suite.TestHarness_RegressionSuite" name="TC20_HTTP_VoidAuth_ES_Stripe_Validation" time="22.601"/>
  <system-out/>
  <testcase classname="Test_Suite.TestHarness_RegressionSuite" name="TC18_HTTP_TokenAuthSettle_ES_Stripe_Validation" time="22.025"/>
  <system-out/>
  <testcase classname="Test_Suite.TestHarness_RegressionSuite" name="TC10_HTTP_Authorise_ES_Stripe_Validation" time="32.998"/>
  <system-out/>
  <testcase classname="Test_Suite.TestHarness_RegressionSuite" name="TC12_HTTP_AuthSettle_ES_Stripe_Validation" time="34.234"/>
  <system-out/>
</testsuite> <!-- Test_Suite.TestHarness_RegressionSuite -->
