<?xml version="1.0" encoding="UTF-8"?>
<!-- Generated by org.testng.reporters.JUnitReportReporter -->
<testsuite hostname="ZAUSV-GSAHA" failures="0" tests="1" name="Test_Suite.TestHarness_RegressionSuite" time="9.503" errors="0" timestamp="2023-04-06T15:35:59 IST" skipped="0">
  <testcase classname="Test_Suite.TestHarness_RegressionSuite" name="TC01_HTTP_Probe" time="9.503"/>
  <system-out/>
</testsuite> <!-- Test_Suite.TestHarness_RegressionSuite -->
