<?xml version="1.0" encoding="UTF-8"?>
<!-- Generated by org.testng.reporters.JUnitReportReporter -->
<testsuite hostname="ZAUSV-ARAKSHI" failures="0" tests="12" name="Test_Suite.WEL_Test_Suite" time="2031.641" errors="0" timestamp="2023-03-10T22:06:45 IST" skipped="0">
  <testcase classname="Test_Suite.WEL_Test_Suite" name="TC18_PlaceOrderof_CPACMA_PhysitalProducts_And_CFAPhysicalReviewCourse_ProductForExistingUser" time="157.263"/>
  <system-out/>
  <testcase classname="Test_Suite.WEL_Test_Suite" name="TC24_PlaceOrder_UsingSavedShippingAddress_ForExistingUser" time="221.770"/>
  <system-out/>
  <testcase classname="Test_Suite.WEL_Test_Suite" name="TC44_PlaceOrderFor_UniversityPartner_Product" time="125.566"/>
  <system-out/>
  <testcase classname="Test_Suite.WEL_Test_Suite" name="TC53_PlaceOrder_JapanAddress" time="118.437"/>
  <system-out/>
  <testcase classname="Test_Suite.WEL_Test_Suite" name="TC29_StudentVerification_ForPhysicalCartofUSANDNonUS" time="98.911"/>
  <system-out/>
  <testcase classname="Test_Suite.WEL_Test_Suite" name="TC46_Tax_Recalculation_After_Editing_Shipping_Method" time="141.997"/>
  <system-out/>
  <testcase classname="Test_Suite.WEL_Test_Suite" name="TC16_PlaceOrder_CMACPACFA_DigitalProducts_ForExistingUser" time="94.150"/>
  <system-out/>
  <testcase classname="Test_Suite.WEL_Test_Suite" name="TC28_StudentVerification_ForDigitalCartofUSANDNonUS" time="111.804"/>
  <system-out/>
  <testcase classname="Test_Suite.WEL_Test_Suite" name="TC36_PlaceOrder_withPaypalCredit_OptionForExistingUser" time="134.608"/>
  <system-out/>
  <testcase classname="Test_Suite.WEL_Test_Suite" name="TC79_Email_Format_Validation" time="326.235"/>
  <system-out/>
  <testcase classname="Test_Suite.WEL_Test_Suite" name="TC73_ValidateTaxin_IndiaForPhysicalOrder" time="158.679"/>
  <system-out/>
  <testcase classname="Test_Suite.WEL_Test_Suite" name="TC62_Email_Verification_For__New_User" time="342.221"/>
  <system-out/>
</testsuite> <!-- Test_Suite.WEL_Test_Suite -->
