<?xml version="1.0" encoding="UTF-8"?>
<!-- Generated by org.testng.reporters.JUnitReportReporter -->
<testsuite hostname="ZAUSV-ARAKSHI" failures="0" tests="1" name="Test_Suite.AGS_Test_Suite" time="107.630" errors="0" timestamp="2023-02-14T17:14:47 IST" skipped="0">
  <testcase classname="Test_Suite.AGS_Test_Suite" name="TC09_Place_Order_With_Existing_User" time="107.630"/>
  <system-out/>
</testsuite> <!-- Test_Suite.AGS_Test_Suite -->
