<?xml version="1.0" encoding="UTF-8"?>
<!-- Generated by org.testng.reporters.JUnitReportReporter -->
<testsuite hostname="ZAUSV-ARAKSHI" failures="0" tests="1" name="Test_Suite.Wiley_NA_Cart_Test_Suite" time="101.780" errors="0" timestamp="2023-02-22T18:49:31 IST" skipped="0">
  <testcase classname="Test_Suite.Wiley_NA_Cart_Test_Suite" name="TC30_Cart_Merge_Functionality" time="101.780"/>
  <system-out/>
</testsuite> <!-- Test_Suite.Wiley_NA_Cart_Test_Suite -->
