<?xml version="1.0" encoding="UTF-8"?>
<!-- Generated by org.testng.reporters.JUnitReportReporter -->
<testsuite hostname="ZAUSV-ARAKSHI" failures="0" tests="15" name="Test_Suite.AGS_Test_Suite" time="1348.640" errors="0" timestamp="2023-03-29T18:07:06 IST" skipped="0">
  <testcase classname="Test_Suite.AGS_Test_Suite" name="TC02_User_Submit_Order_Monthly" time="185.254"/>
  <system-out/>
  <testcase classname="Test_Suite.AGS_Test_Suite" name="TC13_Edit_Card_Details" time="27.209"/>
  <system-out/>
  <testcase classname="Test_Suite.AGS_Test_Suite" name="TC08_Place_Order_With_Discount_Code" time="202.189"/>
  <system-out/>
  <testcase classname="Test_Suite.AGS_Test_Suite" name="TC15_Riskified_Declined_Order" time="115.224"/>
  <system-out/>
  <testcase classname="Test_Suite.AGS_Test_Suite" name="TC12_Edit_Billing_Address" time="41.929"/>
  <system-out/>
  <testcase classname="Test_Suite.AGS_Test_Suite" name="TC14_Manage_Subscription_Auto_Renew_Toggle_validation" time="25.123"/>
  <system-out/>
  <testcase classname="Test_Suite.AGS_Test_Suite" name="TC04_Reset_Password_My_Account" time="15.761"/>
  <system-out/>
  <testcase classname="Test_Suite.AGS_Test_Suite" name="TC07_Verify_tax_Non_US_Address" time="224.501"/>
  <system-out/>
  <testcase classname="Test_Suite.AGS_Test_Suite" name="TC03_Standalone_Registration_and_Login" time="53.618"/>
  <system-out/>
  <testcase classname="Test_Suite.AGS_Test_Suite" name="TC01_Anonymous_User_Registration" time="199.897"/>
  <system-out/>
  <testcase classname="Test_Suite.AGS_Test_Suite" name="TC10_Place_Order_Non_US_Address" time="97.971"/>
  <system-out/>
  <testcase classname="Test_Suite.AGS_Test_Suite" name="TC09_Place_Order_With_Existing_User" time="79.643"/>
  <system-out/>
  <testcase classname="Test_Suite.AGS_Test_Suite" name="TC06_Zero_Dollar_Flow" time="24.425"/>
  <system-out/>
  <testcase classname="Test_Suite.AGS_Test_Suite" name="TC11_Edit_Profile" time="15.435"/>
  <system-out/>
  <testcase classname="Test_Suite.AGS_Test_Suite" name="TC05_ResetPasswordFromLoginPage" time="40.461"/>
  <system-out/>
</testsuite> <!-- Test_Suite.AGS_Test_Suite -->
