<?xml version="1.0" encoding="UTF-8"?>
<!-- Generated by org.testng.reporters.JUnitReportReporter -->
<testsuite hostname="ZAUSV-JBISWAS" failures="0" tests="39" name="Test_Suite.TestHarness_RegressionSuite" time="2276.385" errors="0" timestamp="2023-06-29T11:58:51 IST" skipped="0">
  <testcase classname="Test_Suite.TestHarness_RegressionSuite" name="TC04_HTTP_Tokenise_ES_Stripe_Validation" time="74.263"/>
  <system-out/>
  <testcase classname="Test_Suite.TestHarness_RegressionSuite" name="TC20_HTTP_VoidAuth_ES_Stripe_Validation" time="60.767"/>
  <system-out/>
  <testcase classname="Test_Suite.TestHarness_RegressionSuite" name="TC11_HTTP_Authorise_Error_Message" time="41.021"/>
  <system-out/>
  <testcase classname="Test_Suite.TestHarness_RegressionSuite" name="TC14_HTTP_TokenAuth_ES_Stripe_Validation" time="64.447"/>
  <system-out/>
  <testcase classname="Test_Suite.TestHarness_RegressionSuite" name="TC21_HTTP_Validate_for_Void_Auth_Error_Message" time="59.426"/>
  <system-out/>
  <testcase classname="Test_Suite.TestHarness_RegressionSuite" name="TC33_HTTP_Embedded_Auth_ES_Stripe_Validation" time="83.271"/>
  <system-out/>
  <testcase classname="Test_Suite.TestHarness_RegressionSuite" name="TC19_HTTP_Validate_for_Token_Auth_Settle_Error_Message" time="61.025"/>
  <system-out/>
  <testcase classname="Test_Suite.TestHarness_RegressionSuite" name="TC32_SOAP_VoidAuth_Error_Message" time="32.835"/>
  <system-out/>
  <testcase classname="Test_Suite.TestHarness_RegressionSuite" name="TC34_HTTP_Embedded_AuthCapture_ES_Stripe_Validation" time="85.253"/>
  <system-out/>
  <testcase classname="Test_Suite.TestHarness_RegressionSuite" name="TC02_HTTP_Tokenise_Request_Response" time="71.219"/>
  <system-out/>
  <testcase classname="Test_Suite.TestHarness_RegressionSuite" name="TC13_HTTP_AuthSettle_Error_Message" time="41.339"/>
  <system-out/>
  <testcase classname="Test_Suite.TestHarness_RegressionSuite" name="TC01_HTTP_Probe" time="8.523"/>
  <system-out/>
  <testcase classname="Test_Suite.TestHarness_RegressionSuite" name="TC09_HTTP_Validate_Error_Message" time="67.542"/>
  <system-out/>
  <testcase classname="Test_Suite.TestHarness_RegressionSuite" name="TC07_HTTP_Validate_IFrame" time="28.785"/>
  <system-out/>
  <testcase classname="Test_Suite.TestHarness_RegressionSuite" name="TC16_HTTP_TokenSettle_ES_Stripe_Validation" time="64.684"/>
  <system-out/>
  <testcase classname="Test_Suite.TestHarness_RegressionSuite" name="TC38_HTTP_NonEmbedded_SaveCard_ES_Stripe_Validation" time="59.804"/>
  <system-out/>
  <testcase classname="Test_Suite.TestHarness_RegressionSuite" name="TC05_HTTP_Tokenise_Error_Message" time="73.959"/>
  <system-out/>
  <testcase classname="Test_Suite.TestHarness_RegressionSuite" name="TC17_HTTP_Validate_for_Token_Settle_Error_Message" time="62.983"/>
  <system-out/>
  <testcase classname="Test_Suite.TestHarness_RegressionSuite" name="TC25_SOAP_TokenAuth_Error_Message_Validation" time="53.252"/>
  <system-out/>
  <testcase classname="Test_Suite.TestHarness_RegressionSuite" name="TC22_SOAP_Probe_ES_Stripe_Validation" time="22.583"/>
  <system-out/>
  <testcase classname="Test_Suite.TestHarness_RegressionSuite" name="TC08_HTTP_Validate_ES_Stripe_Validation" time="68.363"/>
  <system-out/>
  <testcase classname="Test_Suite.TestHarness_RegressionSuite" name="TC30_SOAP_TokenRefund_ES_Stripe_Validation" time="61.233"/>
  <system-out/>
  <testcase classname="Test_Suite.TestHarness_RegressionSuite" name="TC35_HTTP_Embedded_SaveCard_ES_Stripe_Validation" time="71.938"/>
  <system-out/>
  <testcase classname="Test_Suite.TestHarness_RegressionSuite" name="TC36_HTTP_NonEmbedded_Auth_ES_Stripe_Validation" time="67.953"/>
  <system-out/>
  <testcase classname="Test_Suite.TestHarness_RegressionSuite" name="TC39_HTTP_TokenRefund_ES_Stripe_Validation" time="60.486"/>
  <system-out/>
  <testcase classname="Test_Suite.TestHarness_RegressionSuite" name="TC28_SOAP_TokenAuthSettle_ES_Stripe_Validation" time="59.517"/>
  <system-out/>
  <testcase classname="Test_Suite.TestHarness_RegressionSuite" name="TC15_HTTP_Validate_for_Token_Auth_Error_Message" time="66.816"/>
  <system-out/>
  <testcase classname="Test_Suite.TestHarness_RegressionSuite" name="TC12_HTTP_AuthSettle_ES_Stripe_Validation" time="73.423"/>
  <system-out/>
  <testcase classname="Test_Suite.TestHarness_RegressionSuite" name="TC03_HTTP_Tokenise_IFrame" time="30.329"/>
  <system-out/>
  <testcase classname="Test_Suite.TestHarness_RegressionSuite" name="TC06_HTTP_Validate_Request_Response" time="68.535"/>
  <system-out/>
  <testcase classname="Test_Suite.TestHarness_RegressionSuite" name="TC37_HTTP_NonEmbedded_AuthCapture_ES_Stripe_Validation" time="67.092"/>
  <system-out/>
  <testcase classname="Test_Suite.TestHarness_RegressionSuite" name="TC10_HTTP_Authorise_ES_Stripe_Validation" time="81.288"/>
  <system-out/>
  <testcase classname="Test_Suite.TestHarness_RegressionSuite" name="TC29_SOAP_TokenAuthSettle_Error_Message" time="35.894"/>
  <system-out/>
  <testcase classname="Test_Suite.TestHarness_RegressionSuite" name="TC24_SOAP_TokenAuth_ES_Stripe_Validation" time="50.848"/>
  <system-out/>
  <testcase classname="Test_Suite.TestHarness_RegressionSuite" name="TC27_SOAP_TokenSettle_Error_Message_Validation" time="53.875"/>
  <system-out/>
  <testcase classname="Test_Suite.TestHarness_RegressionSuite" name="TC18_HTTP_TokenAuthSettle_ES_Stripe_Validation" time="60.271"/>
  <system-out/>
  <testcase classname="Test_Suite.TestHarness_RegressionSuite" name="TC31_SOAP_VoidAuth_ES_Stripe_Validation" time="96.477"/>
  <system-out/>
  <testcase classname="Test_Suite.TestHarness_RegressionSuite" name="TC26_SOAP_TokenSettle_ES_Stripe_Validation" time="55.702"/>
  <system-out/>
  <testcase classname="Test_Suite.TestHarness_RegressionSuite" name="TC23_SOAP_Probe_Error_Message_Validation" time="29.364"/>
  <system-out/>
</testsuite> <!-- Test_Suite.TestHarness_RegressionSuite -->
