<?xml version="1.0" encoding="UTF-8"?>
<!-- Generated by org.testng.reporters.JUnitReportReporter -->
<testsuite hostname="ZAUSV-JBISWAS" failures="0" tests="38" name="Test_Suite.TestHarness_RegressionSuite" time="1028.038" errors="0" timestamp="2023-03-17T11:42:38 IST" skipped="0">
  <testcase classname="Test_Suite.TestHarness_RegressionSuite" name="TC22_SOAP_Probe_ES_Stripe_Validation" time="6.071"/>
  <system-out/>
  <testcase classname="Test_Suite.TestHarness_RegressionSuite" name="TC01_HTTP_Probe" time="6.661"/>
  <system-out/>
  <testcase classname="Test_Suite.TestHarness_RegressionSuite" name="TC19_HTTP_Validate_for_Token_Auth_Settle_Error_Message" time="19.928"/>
  <system-out/>
  <testcase classname="Test_Suite.TestHarness_RegressionSuite" name="TC35_HTTP_Embedded_SaveCard_ES_Stripe_Validation" time="31.608"/>
  <system-out/>
  <testcase classname="Test_Suite.TestHarness_RegressionSuite" name="TC31_SOAP_VoidAuth_ES_Stripe_Validation" time="48.840"/>
  <system-out/>
  <testcase classname="Test_Suite.TestHarness_RegressionSuite" name="TC23_SOAP_Probe_Error_Message_Validation" time="6.355"/>
  <system-out/>
  <testcase classname="Test_Suite.TestHarness_RegressionSuite" name="TC06_HTTP_Validate_Request_Response" time="33.586"/>
  <system-out/>
  <testcase classname="Test_Suite.TestHarness_RegressionSuite" name="TC27_SOAP_TokenSettle_Error_Message_Validation" time="17.882"/>
  <system-out/>
  <testcase classname="Test_Suite.TestHarness_RegressionSuite" name="TC32_SOAP_VoidAuth_Error_Message" time="10.041"/>
  <system-out/>
  <testcase classname="Test_Suite.TestHarness_RegressionSuite" name="TC37_HTTP_NonEmbedded_AuthCapture_ES_Stripe_Validation" time="27.970"/>
  <system-out/>
  <testcase classname="Test_Suite.TestHarness_RegressionSuite" name="TC04_HTTP_Tokenise_ES_Stripe_Validation" time="32.100"/>
  <system-out/>
  <testcase classname="Test_Suite.TestHarness_RegressionSuite" name="TC16_HTTP_TokenSettle_ES_Stripe_Validation" time="22.541"/>
  <system-out/>
  <testcase classname="Test_Suite.TestHarness_RegressionSuite" name="TC18_HTTP_TokenAuthSettle_ES_Stripe_Validation" time="20.027"/>
  <system-out/>
  <testcase classname="Test_Suite.TestHarness_RegressionSuite" name="TC17_HTTP_Validate_for_Token_Settle_Error_Message" time="21.057"/>
  <system-out/>
  <testcase classname="Test_Suite.TestHarness_RegressionSuite" name="TC36_HTTP_NonEmbedded_Auth_ES_Stripe_Validation" time="104.792"/>
  <system-out/>
  <testcase classname="Test_Suite.TestHarness_RegressionSuite" name="TC14_HTTP_TokenAuth_ES_Stripe_Validation" time="21.544"/>
  <system-out/>
  <testcase classname="Test_Suite.TestHarness_RegressionSuite" name="TC21_HTTP_Validate_for_Void_Auth_Error_Message" time="19.615"/>
  <system-out/>
  <testcase classname="Test_Suite.TestHarness_RegressionSuite" name="TC30_SOAP_TokenRefund_ES_Stripe_Validation" time="18.027"/>
  <system-out/>
  <testcase classname="Test_Suite.TestHarness_RegressionSuite" name="TC38_HTTP_NonEmbedded_SaveCard_ES_Stripe_Validation" time="103.642"/>
  <system-out/>
  <testcase classname="Test_Suite.TestHarness_RegressionSuite" name="TC02_HTTP_Tokenise_Request_Response" time="38.878"/>
  <system-out/>
  <testcase classname="Test_Suite.TestHarness_RegressionSuite" name="TC28_SOAP_TokenAuthSettle_ES_Stripe_Validation" time="19.282"/>
  <system-out/>
  <testcase classname="Test_Suite.TestHarness_RegressionSuite" name="TC33_HTTP_Embedded_Auth_ES_Stripe_Validation" time="36.956"/>
  <system-out/>
  <testcase classname="Test_Suite.TestHarness_RegressionSuite" name="TC20_HTTP_VoidAuth_ES_Stripe_Validation" time="19.995"/>
  <system-out/>
  <testcase classname="Test_Suite.TestHarness_RegressionSuite" name="TC34_HTTP_Embedded_AuthCapture_ES_Stripe_Validation" time="37.390"/>
  <system-out/>
  <testcase classname="Test_Suite.TestHarness_RegressionSuite" name="TC03_HTTP_Tokenise_IFrame" time="13.347"/>
  <system-out/>
  <testcase classname="Test_Suite.TestHarness_RegressionSuite" name="TC10_HTTP_Authorise_ES_Stripe_Validation" time="37.604"/>
  <system-out/>
  <testcase classname="Test_Suite.TestHarness_RegressionSuite" name="TC12_HTTP_AuthSettle_ES_Stripe_Validation" time="36.696"/>
  <system-out/>
  <testcase classname="Test_Suite.TestHarness_RegressionSuite" name="TC11_HTTP_Authorise_Error_Message" time="16.360"/>
  <system-out/>
  <testcase classname="Test_Suite.TestHarness_RegressionSuite" name="TC08_HTTP_Validate_ES_Stripe_Validation" time="25.944"/>
  <system-out/>
  <testcase classname="Test_Suite.TestHarness_RegressionSuite" name="TC15_HTTP_Validate_for_Token_Auth_Error_Message" time="24.270"/>
  <system-out/>
  <testcase classname="Test_Suite.TestHarness_RegressionSuite" name="TC29_SOAP_TokenAuthSettle_Error_Message" time="9.450"/>
  <system-out/>
  <testcase classname="Test_Suite.TestHarness_RegressionSuite" name="TC09_HTTP_Validate_Error_Message" time="29.089"/>
  <system-out/>
  <testcase classname="Test_Suite.TestHarness_RegressionSuite" name="TC13_HTTP_AuthSettle_Error_Message" time="13.974"/>
  <system-out/>
  <testcase classname="Test_Suite.TestHarness_RegressionSuite" name="TC26_SOAP_TokenSettle_ES_Stripe_Validation" time="18.400"/>
  <system-out/>
  <testcase classname="Test_Suite.TestHarness_RegressionSuite" name="TC05_HTTP_Tokenise_Error_Message" time="35.220"/>
  <system-out/>
  <testcase classname="Test_Suite.TestHarness_RegressionSuite" name="TC07_HTTP_Validate_IFrame" time="10.001"/>
  <system-out/>
  <testcase classname="Test_Suite.TestHarness_RegressionSuite" name="TC24_SOAP_TokenAuth_ES_Stripe_Validation" time="16.103"/>
  <system-out/>
  <testcase classname="Test_Suite.TestHarness_RegressionSuite" name="TC25_SOAP_TokenAuth_Error_Message_Validation" time="16.792"/>
  <system-out/>
</testsuite> <!-- Test_Suite.TestHarness_RegressionSuite -->
