<?xml version="1.0" encoding="UTF-8"?>
<!-- Generated by org.testng.reporters.JUnitReportReporter -->
<testsuite hostname="ZAUSV-JBISWAS" failures="0" tests="1" name="Test_Suite.TestHarness_RegressionSuite" time="5.457" errors="0" timestamp="2023-03-03T17:12:42 IST" skipped="0">
  <testcase classname="Test_Suite.TestHarness_RegressionSuite" name="TC01_HTTP_Probe" time="5.457"/>
  <system-out/>
</testsuite> <!-- Test_Suite.TestHarness_RegressionSuite -->
