<?xml version="1.0" encoding="UTF-8"?>
<!-- Generated by org.testng.reporters.JUnitReportReporter -->
<testsuite hostname="ZAUSV-ARAKSHI" failures="0" tests="2" name="TestSuite.Wiley_Prod_Test_Suite" time="310.706" errors="0" timestamp="2023-04-04T14:53:13 IST" skipped="0">
  <testcase classname="TestSuite.Wiley_Prod_Test_Suite" name="TC25_Generic_info_hover_text_EBook_PDP" time="156.550"/>
  <system-out/>
  <testcase classname="TestSuite.Wiley_Prod_Test_Suite" name="TC23_Add_Coupon_To_Cart" time="154.156"/>
  <system-out/>
</testsuite> <!-- TestSuite.Wiley_Prod_Test_Suite -->
