<?xml version="1.0" encoding="UTF-8"?>
<!-- Generated by org.testng.reporters.JUnitReportReporter -->
<testsuite hostname="ZAUSV-JBISWAS" failures="0" tests="1" name="Test_Suite.TestHarness_RegressionSuite" time="38.725" errors="0" timestamp="2023-03-02T13:45:43 IST" skipped="0">
  <testcase classname="Test_Suite.TestHarness_RegressionSuite" name="TC35_HTTP_Embedded_SaveCard_ES_Stripe_Validation" time="38.725"/>
  <system-out/>
</testsuite> <!-- Test_Suite.TestHarness_RegressionSuite -->
