<?xml version="1.0" encoding="UTF-8"?>
<!-- Generated by org.testng.reporters.JUnitReportReporter -->
<testsuite hostname="ZAUSV-ARAKSHI" failures="0" tests="15" name="TestSuite.WileyPLUS_Prod_Test_Suite" time="778.638" errors="0" timestamp="2023-04-05T12:01:02 IST" skipped="0">
  <testcase classname="TestSuite.WileyPLUS_Prod_Test_Suite" name="TC09_PDP_UI_For_WileyPLUS" time="44.566"/>
  <system-out/>
  <testcase classname="TestSuite.WileyPLUS_Prod_Test_Suite" name="TC11_New_Tab_Opened_After_Clicking_Login_To_WileyPLUS_Button" time="41.540"/>
  <system-out/>
  <testcase classname="TestSuite.WileyPLUS_Prod_Test_Suite" name="TC13_Global_Country_List_In_Shipping" time="85.381"/>
  <system-out/>
  <testcase classname="TestSuite.WileyPLUS_Prod_Test_Suite" name="TC07_Verify_Additional_UI_Adjustments_WileyPLUS_PDP" time="64.025"/>
  <system-out/>
  <testcase classname="TestSuite.WileyPLUS_Prod_Test_Suite" name="TC05_Check_If_URL_Not_Truncated_For_WileyPLUS" time="37.241"/>
  <system-out/>
  <testcase classname="TestSuite.WileyPLUS_Prod_Test_Suite" name="TC08_Validate_Percentage_In_Multiple_Term" time="40.520"/>
  <system-out/>
  <testcase classname="TestSuite.WileyPLUS_Prod_Test_Suite" name="TC15_Check_ISBN_Not_Preset_In_WileyPLUS_PDP" time="29.102"/>
  <system-out/>
  <testcase classname="TestSuite.WileyPLUS_Prod_Test_Suite" name="TC02_PLP_For_WileyPLUS" time="36.709"/>
  <system-out/>
  <testcase classname="TestSuite.WileyPLUS_Prod_Test_Suite" name="TC03_EGRIP_Search_For_WileyPLUS" time="41.500"/>
  <system-out/>
  <testcase classname="TestSuite.WileyPLUS_Prod_Test_Suite" name="TC14_Global_Country_List_In_Billing" time="178.192"/>
  <system-out/>
  <testcase classname="TestSuite.WileyPLUS_Prod_Test_Suite" name="TC10_WileyPLUS_Set_To_MultiTerm_Default" time="39.709"/>
  <system-out/>
  <testcase classname="TestSuite.WileyPLUS_Prod_Test_Suite" name="TC06_Format_Facet_WileyPLUS" time="32.985"/>
  <system-out/>
  <testcase classname="TestSuite.WileyPLUS_Prod_Test_Suite" name="TC04_Bundle_Search_For_WileyPLUS" time="38.845"/>
  <system-out/>
  <testcase classname="TestSuite.WileyPLUS_Prod_Test_Suite" name="TC01_SRP_For_WileyPLUS" time="32.312"/>
  <system-out/>
  <testcase classname="TestSuite.WileyPLUS_Prod_Test_Suite" name="TC12_Add_WileyPLUS_Product_To_Cart" time="36.011"/>
  <system-out/>
</testsuite> <!-- TestSuite.WileyPLUS_Prod_Test_Suite -->
