<?xml version="1.0" encoding="UTF-8"?>
<!-- Generated by org.testng.reporters.JUnitReportReporter -->
<testsuite hostname="ZAUSV-ARAKSHI" failures="0" tests="2" name="Test_Suite.Vet_Test_Suite" time="182.239" errors="0" timestamp="2023-02-11T23:01:58 IST" skipped="0">
  <testcase classname="Test_Suite.Vet_Test_Suite" name="TC21_Riskified_Declined_Order" time="96.960"/>
  <system-out/>
  <testcase classname="Test_Suite.Vet_Test_Suite" name="TC20_Edit_Billing_address_in_my_account" time="85.279"/>
  <system-out/>
</testsuite> <!-- Test_Suite.Vet_Test_Suite -->
