<?xml version="1.0" encoding="UTF-8"?>
<!-- Generated by org.testng.reporters.JUnitReportReporter -->
<testsuite hostname="ZAUSV-ARAKSHI" failures="0" tests="1" name="Test_Suite.WEL_Test_Suite" time="140.953" errors="0" timestamp="2023-03-10T22:30:55 IST" skipped="0">
  <testcase classname="Test_Suite.WEL_Test_Suite" name="TC28_StudentVerification_ForDigitalCartofUSANDNonUS" time="140.953"/>
  <system-out/>
</testsuite> <!-- Test_Suite.WEL_Test_Suite -->
