<?xml version="1.0" encoding="UTF-8"?>
<!-- Generated by org.testng.reporters.JUnitReportReporter -->
<testsuite hostname="ZAUSV-ARAKSHI" failures="0" tests="1" name="Test_Suite.WEL_Test_Suite" time="80.445" errors="0" timestamp="2023-01-02T19:26:03 IST" skipped="0">
  <testcase classname="Test_Suite.WEL_Test_Suite" name="TC02_UserRegistration_DuringCheckoutForPhysicalCart" time="80.445"/>
  <system-out/>
</testsuite> <!-- Test_Suite.WEL_Test_Suite -->
