<?xml version="1.0" encoding="UTF-8"?>
<!-- Generated by org.testng.reporters.JUnitReportReporter -->
<testsuite hostname="ZAUSV-ARAKSHI" failures="0" tests="1" name="TestSuite.Wiley_Prod_Test_Suite" time="44.540" errors="0" timestamp="2023-04-21T12:49:13 IST" skipped="0">
  <testcase classname="TestSuite.Wiley_Prod_Test_Suite" name="TC15_Product_Search_Results_Page_Facet_Validation" time="44.540"/>
  <system-out/>
</testsuite> <!-- TestSuite.Wiley_Prod_Test_Suite -->
