<?xml version="1.0" encoding="UTF-8"?>
<!-- Generated by org.testng.reporters.JUnitReportReporter -->
<testsuite hostname="ZAUSV-GSAHA" failures="0" tests="1" name="Test_Suite.Vet_Test_Suite" time="232.819" errors="0" timestamp="2023-01-18T19:22:44 IST" skipped="0">
  <testcase classname="Test_Suite.Vet_Test_Suite" name="TC04_Login_During_Checkout" time="232.819"/>
  <system-out/>
</testsuite> <!-- Test_Suite.Vet_Test_Suite -->
