<?xml version="1.0" encoding="UTF-8"?>
<!-- Generated by org.testng.reporters.JUnitReportReporter -->
<testsuite hostname="ZAUSV-ARAKSHI" failures="0" tests="17" name="Test_Suite.Vet_Test_Suite" time="1313.110" errors="0" timestamp="2023-04-10T22:15:37 IST" skipped="0">
  <testcase classname="Test_Suite.Vet_Test_Suite" name="TC18_ZeroOrder" time="21.902"/>
  <system-out/>
  <testcase classname="Test_Suite.Vet_Test_Suite" name="TC20_Edit_Billing_address_in_my_account" time="19.236"/>
  <system-out/>
  <testcase classname="Test_Suite.Vet_Test_Suite" name="TC16_Manage_Subscription" time="29.767"/>
  <system-out/>
  <testcase classname="Test_Suite.Vet_Test_Suite" name="TC06_ResetPasswordFromLoginPage" time="70.506"/>
  <system-out/>
  <testcase classname="Test_Suite.Vet_Test_Suite" name="TC03_StandaloneLogin" time="9.241"/>
  <system-out/>
  <testcase classname="Test_Suite.Vet_Test_Suite" name="TC17_Auto_Renew_Toggle_validation" time="13.595"/>
  <system-out/>
  <testcase classname="Test_Suite.Vet_Test_Suite" name="TC21_Riskified_Declined_Order" time="124.392"/>
  <system-out/>
  <testcase classname="Test_Suite.Vet_Test_Suite" name="TC19_Edit_Profile_from_my_account_page" time="19.569"/>
  <system-out/>
  <testcase classname="Test_Suite.Vet_Test_Suite" name="Data_Preparation" time="66.077"/>
  <system-out/>
  <testcase classname="Test_Suite.Vet_Test_Suite" name="TC01_Anonymous_User_Registration" time="233.296"/>
  <system-out/>
  <testcase classname="Test_Suite.Vet_Test_Suite" name="TC08_Eloqua_validation" time="66.803"/>
  <system-out/>
  <testcase classname="Test_Suite.Vet_Test_Suite" name="TC11_Place_Order_With_Promo_Code" time="249.293"/>
  <system-out/>
  <testcase classname="Test_Suite.Vet_Test_Suite" name="TC02_Create_Account" time="16.904"/>
  <system-out/>
  <testcase classname="Test_Suite.Vet_Test_Suite" name="TC04_Login_During_Checkout" time="71.818"/>
  <system-out/>
  <testcase classname="Test_Suite.Vet_Test_Suite" name="TC07_Verify_Tax" time="236.995"/>
  <system-out/>
  <testcase classname="Test_Suite.Vet_Test_Suite" name="TC05_Reset_Password_My_Account" time="16.930"/>
  <system-out/>
  <testcase classname="Test_Suite.Vet_Test_Suite" name="TC12_PlaceOrderwithNonUSAddress" time="46.786"/>
  <system-out/>
</testsuite> <!-- Test_Suite.Vet_Test_Suite -->
