<?xml version="1.0" encoding="UTF-8"?>
<!-- Generated by org.testng.reporters.JUnitReportReporter -->
<testsuite hostname="ZAUSV-ARAKSHI" failures="0" tests="1" name="Test_Suite.WEL_Test_Suite" time="91.354" errors="0" timestamp="2023-04-14T19:37:23 IST" skipped="0">
  <testcase classname="Test_Suite.WEL_Test_Suite" name="TC21_PlaceOrder_CPACMACFA_FreeTrailFor_NewUser" time="91.354"/>
  <system-out/>
</testsuite> <!-- Test_Suite.WEL_Test_Suite -->
