<?xml version="1.0" encoding="UTF-8"?>
<!-- Generated by org.testng.reporters.JUnitReportReporter -->
<testsuite hostname="ZAUSV-ARAKSHI" failures="0" tests="13" name="Test_Suite.Wiley_NA_Cart_Test_Suite" time="1643.792" errors="0" timestamp="2023-02-11T23:01:58 IST" skipped="0">
  <testcase classname="Test_Suite.Wiley_NA_Cart_Test_Suite" name="TC36_Change_of_Hyperlink_for_comp_access_on_US_CA_wiley_PDP" time="93.428"/>
  <system-out/>
  <testcase classname="Test_Suite.Wiley_NA_Cart_Test_Suite" name="TC03_Physical_productpurchase_ForNewUser" time="162.635"/>
  <system-out/>
  <testcase classname="Test_Suite.Wiley_NA_Cart_Test_Suite" name="TC01_Digital_Product_Purchase_New_User" time="160.995"/>
  <system-out/>
  <testcase classname="Test_Suite.Wiley_NA_Cart_Test_Suite" name="TC22_New_User_Tax_for_Digital_product" time="102.583"/>
  <system-out/>
  <testcase classname="Test_Suite.Wiley_NA_Cart_Test_Suite" name="TC21_Existing_user_tax_for_physical_product" time="88.779"/>
  <system-out/>
  <testcase classname="Test_Suite.Wiley_NA_Cart_Test_Suite" name="TC24_Verify_Shipping_Methods_for_POD_Products" time="55.765"/>
  <system-out/>
  <testcase classname="Test_Suite.Wiley_NA_Cart_Test_Suite" name="TC18_Tax_Recalculation" time="128.863"/>
  <system-out/>
  <testcase classname="Test_Suite.Wiley_NA_Cart_Test_Suite" name="TC28_Cart_Update_from_Digital_to_Phygital" time="51.133"/>
  <system-out/>
  <testcase classname="Test_Suite.Wiley_NA_Cart_Test_Suite" name="TC20_New_user_tax_for_physical_product" time="97.909"/>
  <system-out/>
  <testcase classname="Test_Suite.Wiley_NA_Cart_Test_Suite" name="TC23_Existing_User_Tax_for_Digital_Product" time="165.314"/>
  <system-out/>
  <testcase classname="Test_Suite.Wiley_NA_Cart_Test_Suite" name="TC26_Login_Page_Validation" time="110.442"/>
  <system-out/>
  <testcase classname="Test_Suite.Wiley_NA_Cart_Test_Suite" name="TC32_Preorder_Backorder_Flow_With_Print_Pdf_Page" time="160.694"/>
  <system-out/>
  <testcase classname="Test_Suite.Wiley_NA_Cart_Test_Suite" name="TC35_EMEA_Catalog_Updates" time="265.252"/>
  <system-out/>
</testsuite> <!-- Test_Suite.Wiley_NA_Cart_Test_Suite -->
