<?xml version="1.0" encoding="UTF-8"?>
<!-- Generated by org.testng.reporters.JUnitReportReporter -->
<testsuite hostname="ZAUSV-ARAKSHI" failures="0" tests="1" name="Test_Suite.WEL_Test_Suite" time="44.749" errors="0" timestamp="2023-01-09T12:17:10 IST" skipped="0">
  <testcase classname="Test_Suite.WEL_Test_Suite" name="TC12_QunatityRestriction_ForPhysicalProduct" time="44.749"/>
  <system-out/>
</testsuite> <!-- Test_Suite.WEL_Test_Suite -->
