<?xml version="1.0" encoding="UTF-8"?>
<!-- Generated by org.testng.reporters.JUnitReportReporter -->
<testsuite hostname="ZAUSV-GSAHA" failures="0" tests="23" name="Test_Suite.WileyPLUS_Test_Suite" time="1802.534" errors="0" timestamp="2023-06-20T12:11:22 IST" skipped="0">
  <testcase classname="Test_Suite.WileyPLUS_Test_Suite" name="TC10_WileyPLUS_Set_To_MultiTerm_Default" time="35.630"/>
  <system-out/>
  <testcase classname="Test_Suite.WileyPLUS_Test_Suite" name="TC17_Check_Global_Saved_Shipping_Address" time="137.374"/>
  <system-out/>
  <testcase classname="Test_Suite.WileyPLUS_Test_Suite" name="TC08_Validate_Percentage_In_Multiple_Term" time="35.065"/>
  <system-out/>
  <testcase classname="Test_Suite.WileyPLUS_Test_Suite" name="TC22_Merge_Cart_Functionality" time="99.183"/>
  <system-out/>
  <testcase classname="Test_Suite.WileyPLUS_Test_Suite" name="TC14_Global_Country_List_In_Billing" time="80.418"/>
  <system-out/>
  <testcase classname="Test_Suite.WileyPLUS_Test_Suite" name="TC11_New_Tab_Opened_After_Clicking_Login_To_WileyPLUS_Button" time="40.083"/>
  <system-out/>
  <testcase classname="Test_Suite.WileyPLUS_Test_Suite" name="TC19_Validate_Continue_Shopping_Link" time="96.768"/>
  <system-out/>
  <testcase classname="Test_Suite.WileyPLUS_Test_Suite" name="TC23_Adding_Multiple_Wileyplus_Products_With_Coupon" time="322.506"/>
  <system-out/>
  <testcase classname="Test_Suite.WileyPLUS_Test_Suite" name="TC01_SRP_For_WileyPLUS" time="43.097"/>
  <system-out/>
  <testcase classname="Test_Suite.WileyPLUS_Test_Suite" name="TC03_EGRIP_Search_For_WileyPLUS" time="37.115"/>
  <system-out/>
  <testcase classname="Test_Suite.WileyPLUS_Test_Suite" name="TC05_Check_If_URL_Not_Truncated_For_WileyPLUS" time="35.630"/>
  <system-out/>
  <testcase classname="Test_Suite.WileyPLUS_Test_Suite" name="TC06_Format_Facet_WileyPLUS" time="33.713"/>
  <system-out/>
  <testcase classname="Test_Suite.WileyPLUS_Test_Suite" name="TC18_Check_ISBN_Not_Preset_In_WileyPLUS_PDP" time="26.974"/>
  <system-out/>
  <testcase classname="Test_Suite.WileyPLUS_Test_Suite" name="TC16_Check_Global_Saved_Billing_Address" time="101.597"/>
  <system-out/>
  <testcase classname="Test_Suite.WileyPLUS_Test_Suite" name="TC13_Global_Country_List_In_Shipping" time="79.810"/>
  <system-out/>
  <testcase classname="Test_Suite.WileyPLUS_Test_Suite" name="TC15_Course_Details_During_WileyPLUS_Checkout" time="150.622"/>
  <system-out/>
  <testcase classname="Test_Suite.WileyPLUS_Test_Suite" name="TC09_PDP_UI_For_WileyPLUS" time="57.064"/>
  <system-out/>
  <testcase classname="Test_Suite.WileyPLUS_Test_Suite" name="TC07_Verify_Additional_UI_Adjustments_WileyPLUS_PDP" time="57.868"/>
  <system-out/>
  <testcase classname="Test_Suite.WileyPLUS_Test_Suite" name="TC20_Place_WileyPLUS_CAD_Order_From_Frontend" time="108.519"/>
  <system-out/>
  <testcase classname="Test_Suite.WileyPLUS_Test_Suite" name="TC21_Place_WileyPLUS_USD_Order_From_Frontend" time="103.324"/>
  <system-out/>
  <testcase classname="Test_Suite.WileyPLUS_Test_Suite" name="TC02_PLP_For_WileyPLUS" time="47.057"/>
  <system-out/>
  <testcase classname="Test_Suite.WileyPLUS_Test_Suite" name="TC04_Bundle_Search_For_WileyPLUS" time="36.428"/>
  <system-out/>
  <testcase classname="Test_Suite.WileyPLUS_Test_Suite" name="TC12_Add_WileyPLUS_Product_To_Cart" time="36.689"/>
  <system-out/>
</testsuite> <!-- Test_Suite.WileyPLUS_Test_Suite -->
