<?xml version="1.0" encoding="UTF-8"?>
<!-- Generated by org.testng.reporters.JUnitReportReporter -->
<testsuite hostname="ZAUSV-ARAKSHI" failures="0" tests="1" name="Test_Suite.Vet_Test_Suite" time="9.639" errors="0" timestamp="2023-04-21T11:22:45 IST" skipped="0">
  <testcase classname="Test_Suite.Vet_Test_Suite" name="TC22_Open_Homepage" time="9.639"/>
  <system-out/>
</testsuite> <!-- Test_Suite.Vet_Test_Suite -->
