<?xml version="1.0" encoding="UTF-8"?>
<!-- Generated by org.testng.reporters.JUnitReportReporter -->
<testsuite hostname="ZAUSV-ARAKSHI" failures="0" tests="5" name="Test_Suite.WEL_Test_Suite" time="488.804" errors="0" timestamp="2023-02-22T15:54:24 IST" skipped="0">
  <testcase classname="Test_Suite.WEL_Test_Suite" name="TC50_PlaceOrder_CanadaAddress" time="100.445"/>
  <system-out/>
  <testcase classname="Test_Suite.WEL_Test_Suite" name="TC24_PlaceOrder_UsingSavedShippingAddress_ForExistingUser" time="93.019"/>
  <system-out/>
  <testcase classname="Test_Suite.WEL_Test_Suite" name="TC20_PlaceOrder_OfOther_ProductsCIACAIAFor_NewUser" time="126.731"/>
  <system-out/>
  <testcase classname="Test_Suite.WEL_Test_Suite" name="TC03_UserRegistration_DuringCheckoutForDigitalCartwith_NonUSBillingAddress" time="53.655"/>
  <system-out/>
  <testcase classname="Test_Suite.WEL_Test_Suite" name="TC36_PlaceOrder_withPaypalCredit_OptionForExistingUser" time="114.954"/>
  <system-out/>
</testsuite> <!-- Test_Suite.WEL_Test_Suite -->
