<?xml version="1.0" encoding="UTF-8"?>
<!-- Generated by org.testng.reporters.JUnitReportReporter -->
<testsuite hostname="ZAUSV-ARAKSHI" failures="0" tests="1" name="Test_Suite.Vet_Test_Suite" time="57.388" errors="0" timestamp="2023-01-16T16:22:16 IST" skipped="0">
  <testcase classname="Test_Suite.Vet_Test_Suite" name="TC21_Riskified_Declined_Order" time="57.388"/>
  <system-out/>
</testsuite> <!-- Test_Suite.Vet_Test_Suite -->
