<?xml version="1.0" encoding="UTF-8"?>
<!-- Generated by org.testng.reporters.JUnitReportReporter -->
<testsuite hostname="ZAUSV-GSAHA" failures="0" tests="32" name="Test_Suite.TestHarness_RegressionSuite" time="704.351" errors="0" timestamp="2023-01-18T19:03:36 IST" skipped="0">
  <testcase classname="Test_Suite.TestHarness_RegressionSuite" name="TC08_HTTP_Validate_ES_Stripe_Validation" time="27.112"/>
  <system-out/>
  <testcase classname="Test_Suite.TestHarness_RegressionSuite" name="TC24_SOAP_TokenAuth_ES_Stripe_Validation" time="19.823"/>
  <system-out/>
  <testcase classname="Test_Suite.TestHarness_RegressionSuite" name="TC29_SOAP_TokenAuthSettle_Error_Message" time="10.717"/>
  <system-out/>
  <testcase classname="Test_Suite.TestHarness_RegressionSuite" name="TC20_HTTP_VoidAuth_ES_Stripe_Validation" time="22.149"/>
  <system-out/>
  <testcase classname="Test_Suite.TestHarness_RegressionSuite" name="TC26_SOAP_TokenSettle_ES_Stripe_Validation" time="20.319"/>
  <system-out/>
  <testcase classname="Test_Suite.TestHarness_RegressionSuite" name="TC05_HTTP_Tokenise_Error_Message" time="28.111"/>
  <system-out/>
  <testcase classname="Test_Suite.TestHarness_RegressionSuite" name="TC27_SOAP_TokenSettle_Error_Message_Validation" time="19.836"/>
  <system-out/>
  <testcase classname="Test_Suite.TestHarness_RegressionSuite" name="TC02_HTTP_Tokenise_Request_Response" time="38.334"/>
  <system-out/>
  <testcase classname="Test_Suite.TestHarness_RegressionSuite" name="TC19_HTTP_Validate_for_Token_Auth_Settle_Error_Message" time="21.243"/>
  <system-out/>
  <testcase classname="Test_Suite.TestHarness_RegressionSuite" name="TC13_HTTP_AuthSettle_Error_Message" time="12.190"/>
  <system-out/>
  <testcase classname="Test_Suite.TestHarness_RegressionSuite" name="TC23_SOAP_Probe_Error_Message_Validation" time="10.782"/>
  <system-out/>
  <testcase classname="Test_Suite.TestHarness_RegressionSuite" name="TC15_HTTP_Validate_for_Token_Auth_Error_Message" time="28.154"/>
  <system-out/>
  <testcase classname="Test_Suite.TestHarness_RegressionSuite" name="TC06_HTTP_Validate_Request_Response" time="28.197"/>
  <system-out/>
  <testcase classname="Test_Suite.TestHarness_RegressionSuite" name="TC18_HTTP_TokenAuthSettle_ES_Stripe_Validation" time="22.513"/>
  <system-out/>
  <testcase classname="Test_Suite.TestHarness_RegressionSuite" name="TC32_SOAP_VoidAuth_Error_Message" time="11.750"/>
  <system-out/>
  <testcase classname="Test_Suite.TestHarness_RegressionSuite" name="TC28_SOAP_TokenAuthSettle_ES_Stripe_Validation" time="23.932"/>
  <system-out/>
  <testcase classname="Test_Suite.TestHarness_RegressionSuite" name="TC31_SOAP_VoidAuth_ES_Stripe_Validation" time="54.963"/>
  <system-out/>
  <testcase classname="Test_Suite.TestHarness_RegressionSuite" name="TC03_HTTP_Tokenise_IFrame" time="10.007"/>
  <system-out/>
  <testcase classname="Test_Suite.TestHarness_RegressionSuite" name="TC12_HTTP_AuthSettle_ES_Stripe_Validation" time="33.334"/>
  <system-out/>
  <testcase classname="Test_Suite.TestHarness_RegressionSuite" name="TC01_HTTP_Probe" time="5.384"/>
  <system-out/>
  <testcase classname="Test_Suite.TestHarness_RegressionSuite" name="TC07_HTTP_Validate_IFrame" time="9.635"/>
  <system-out/>
  <testcase classname="Test_Suite.TestHarness_RegressionSuite" name="TC30_SOAP_TokenRefund_ES_Stripe_Validation" time="22.032"/>
  <system-out/>
  <testcase classname="Test_Suite.TestHarness_RegressionSuite" name="TC14_HTTP_TokenAuth_ES_Stripe_Validation" time="25.309"/>
  <system-out/>
  <testcase classname="Test_Suite.TestHarness_RegressionSuite" name="TC21_HTTP_Validate_for_Void_Auth_Error_Message" time="25.367"/>
  <system-out/>
  <testcase classname="Test_Suite.TestHarness_RegressionSuite" name="TC10_HTTP_Authorise_ES_Stripe_Validation" time="29.349"/>
  <system-out/>
  <testcase classname="Test_Suite.TestHarness_RegressionSuite" name="TC17_HTTP_Validate_for_Token_Settle_Error_Message" time="23.430"/>
  <system-out/>
  <testcase classname="Test_Suite.TestHarness_RegressionSuite" name="TC11_HTTP_Authorise_Error_Message" time="10.661"/>
  <system-out/>
  <testcase classname="Test_Suite.TestHarness_RegressionSuite" name="TC16_HTTP_TokenSettle_ES_Stripe_Validation" time="24.835"/>
  <system-out/>
  <testcase classname="Test_Suite.TestHarness_RegressionSuite" name="TC25_SOAP_TokenAuth_Error_Message_Validation" time="19.335"/>
  <system-out/>
  <testcase classname="Test_Suite.TestHarness_RegressionSuite" name="TC09_HTTP_Validate_Error_Message" time="27.510"/>
  <system-out/>
  <testcase classname="Test_Suite.TestHarness_RegressionSuite" name="TC04_HTTP_Tokenise_ES_Stripe_Validation" time="31.401"/>
  <system-out/>
  <testcase classname="Test_Suite.TestHarness_RegressionSuite" name="TC22_SOAP_Probe_ES_Stripe_Validation" time="6.637"/>
  <system-out/>
</testsuite> <!-- Test_Suite.TestHarness_RegressionSuite -->
