<?xml version="1.0" encoding="UTF-8"?>
<!-- Generated by org.testng.reporters.JUnitReportReporter -->
<testsuite hostname="ZAUSV-ARAKSHI" failures="0" tests="1" name="Test_Suite.AGS_Test_Suite" time="221.294" errors="0" timestamp="2023-01-16T12:22:24 IST" skipped="0">
  <testcase classname="Test_Suite.AGS_Test_Suite" name="TC08_Place_Order_With_Discount_Code" time="221.294"/>
  <system-out/>
</testsuite> <!-- Test_Suite.AGS_Test_Suite -->
