<?xml version="1.0" encoding="UTF-8"?>
<!-- Generated by org.testng.reporters.JUnitReportReporter -->
<testsuite hostname="ZAUSV-ARAKSHI" failures="0" tests="17" name="Test_Suite.Wiley_dot_com_Test_Suite" time="290.005" errors="0" timestamp="2023-05-07T13:41:57 IST" skipped="0">
  <testcase classname="Test_Suite.Wiley_dot_com_Test_Suite" name="TC12_Content_Search_ResultPage" time="13.906"/>
  <system-out/>
  <testcase classname="Test_Suite.Wiley_dot_com_Test_Suite" name="TC15_Product_Search_Results_Page_Facet_Validation" time="21.648"/>
  <system-out/>
  <testcase classname="Test_Suite.Wiley_dot_com_Test_Suite" name="TC17_Pagination_Functionality_In_Search_Result_Page" time="42.039"/>
  <system-out/>
  <testcase classname="Test_Suite.Wiley_dot_com_Test_Suite" name="TC02_ProductDetailsPage" time="11.312"/>
  <system-out/>
  <testcase classname="Test_Suite.Wiley_dot_com_Test_Suite" name="TC01_MicroSites" time="21.686"/>
  <system-out/>
  <testcase classname="Test_Suite.Wiley_dot_com_Test_Suite" name="TC03_SiteFooter" time="8.324"/>
  <system-out/>
  <testcase classname="Test_Suite.Wiley_dot_com_Test_Suite" name="TC05_AboutUsPage" time="19.425"/>
  <system-out/>
  <testcase classname="Test_Suite.Wiley_dot_com_Test_Suite" name="TC08_HomePage" time="3.960"/>
  <system-out/>
  <testcase classname="Test_Suite.Wiley_dot_com_Test_Suite" name="TC09_SiteHeader" time="9.238"/>
  <system-out/>
  <testcase classname="Test_Suite.Wiley_dot_com_Test_Suite" name="TC13_Category_LandingPage" time="33.591"/>
  <system-out/>
  <testcase classname="Test_Suite.Wiley_dot_com_Test_Suite" name="TC14_SearchBox" time="21.549"/>
  <system-out/>
  <testcase classname="Test_Suite.Wiley_dot_com_Test_Suite" name="TC10_SearchResultEmptyPage" time="15.076"/>
  <system-out/>
  <testcase classname="Test_Suite.Wiley_dot_com_Test_Suite" name="TC16_Sort_Functionality_In_SRP" time="21.321"/>
  <system-out/>
  <testcase classname="Test_Suite.Wiley_dot_com_Test_Suite" name="TC07_ProductListPage" time="17.222"/>
  <system-out/>
  <testcase classname="Test_Suite.Wiley_dot_com_Test_Suite" name="TC04_404_Errorpage" time="4.505"/>
  <system-out/>
  <testcase classname="Test_Suite.Wiley_dot_com_Test_Suite" name="TC06_SiteMap" time="13.100"/>
  <system-out/>
  <testcase classname="Test_Suite.Wiley_dot_com_Test_Suite" name="TC11_Add_To_Cart_PopUp" time="12.103"/>
  <system-out/>
</testsuite> <!-- Test_Suite.Wiley_dot_com_Test_Suite -->
