<?xml version="1.0" encoding="UTF-8"?>
<!-- Generated by org.testng.reporters.JUnitReportReporter -->
<testsuite hostname="ZAUSV-ARAKSHI" failures="0" tests="1" name="Test_Suite.WEL_Test_Suite" time="107.124" errors="0" timestamp="2023-02-17T13:29:35 IST" skipped="0">
  <testcase classname="Test_Suite.WEL_Test_Suite" name="TC26_ShippingChargeFor_MultipleProducts" time="107.124"/>
  <system-out/>
</testsuite> <!-- Test_Suite.WEL_Test_Suite -->
