<?xml version="1.0" encoding="UTF-8"?>
<!-- Generated by org.testng.reporters.JUnitReportReporter -->
<testsuite hostname="ZAUSV-ARAKSHI" failures="0" tests="2" name="Test_Suite.WEL_Test_Suite" time="159.984" errors="0" timestamp="2023-02-06T12:30:25 IST" skipped="0">
  <testcase classname="Test_Suite.WEL_Test_Suite" name="TC05_UserLoginDuring_Checkout" time="126.660"/>
  <system-out/>
  <testcase classname="Test_Suite.WEL_Test_Suite" name="TC06_Standalone_ForgotPassword" time="33.324"/>
  <system-out/>
</testsuite> <!-- Test_Suite.WEL_Test_Suite -->
