<?xml version="1.0" encoding="UTF-8"?>
<!-- Generated by org.testng.reporters.JUnitReportReporter -->
<testsuite hostname="ZAUSV-ARAKSHI" failures="0" tests="16" name="Test_Suite.Wiley_dot_com_Test_Suite" time="303.908" errors="0" timestamp="2023-04-10T22:15:37 IST" skipped="0">
  <testcase classname="Test_Suite.Wiley_dot_com_Test_Suite" name="TC16_Sort_Functionality_In_SRP" time="46.717"/>
  <system-out/>
  <testcase classname="Test_Suite.Wiley_dot_com_Test_Suite" name="TC03_SiteFooter" time="7.882"/>
  <system-out/>
  <testcase classname="Test_Suite.Wiley_dot_com_Test_Suite" name="TC13_Category_LandingPage" time="38.653"/>
  <system-out/>
  <testcase classname="Test_Suite.Wiley_dot_com_Test_Suite" name="TC04_404_Errorpage" time="3.682"/>
  <system-out/>
  <testcase classname="Test_Suite.Wiley_dot_com_Test_Suite" name="TC05_AboutUsPage" time="16.443"/>
  <system-out/>
  <testcase classname="Test_Suite.Wiley_dot_com_Test_Suite" name="TC11_Add_To_PopUp" time="11.306"/>
  <system-out/>
  <testcase classname="Test_Suite.Wiley_dot_com_Test_Suite" name="TC09_SiteHeader" time="9.704"/>
  <system-out/>
  <testcase classname="Test_Suite.Wiley_dot_com_Test_Suite" name="TC10_SearchResultEmptyPage" time="15.719"/>
  <system-out/>
  <testcase classname="Test_Suite.Wiley_dot_com_Test_Suite" name="TC12_Content_Search_ResultPage" time="31.194"/>
  <system-out/>
  <testcase classname="Test_Suite.Wiley_dot_com_Test_Suite" name="TC15_Product_Search_Results_Page_Facet_Validation" time="42.375"/>
  <system-out/>
  <testcase classname="Test_Suite.Wiley_dot_com_Test_Suite" name="TC02_ProductDetailsPage" time="10.662"/>
  <system-out/>
  <testcase classname="Test_Suite.Wiley_dot_com_Test_Suite" name="TC14_SearchBox" time="24.250"/>
  <system-out/>
  <testcase classname="Test_Suite.Wiley_dot_com_Test_Suite" name="TC08_HomePage" time="4.377"/>
  <system-out/>
  <testcase classname="Test_Suite.Wiley_dot_com_Test_Suite" name="TC01_MicroSites" time="12.998"/>
  <system-out/>
  <testcase classname="Test_Suite.Wiley_dot_com_Test_Suite" name="TC06_SiteMap" time="11.381"/>
  <system-out/>
  <testcase classname="Test_Suite.Wiley_dot_com_Test_Suite" name="TC07_ProductListPage" time="16.565"/>
  <system-out/>
</testsuite> <!-- Test_Suite.Wiley_dot_com_Test_Suite -->
