<?xml version="1.0" encoding="UTF-8"?>
<!-- Generated by org.testng.reporters.JUnitReportReporter -->
<testsuite hostname="ZAUSV-ARAKSHI" failures="0" tests="1" name="Test_Suite.Vet_Test_Suite" time="22.321" errors="0" timestamp="2023-04-04T18:23:47 IST" skipped="0">
  <testcase classname="Test_Suite.Vet_Test_Suite" name="TC02_Create_Account" time="22.321"/>
  <system-out/>
</testsuite> <!-- Test_Suite.Vet_Test_Suite -->
