<?xml version="1.0" encoding="UTF-8"?>
<!-- Generated by org.testng.reporters.JUnitReportReporter -->
<testsuite hostname="ZAUSV-GSAHA" failures="0" tests="15" name="Test_Suite.WileyPLUS_Test_Suite" time="678.688" errors="0" timestamp="2023-01-03T11:51:11 IST" skipped="0">
  <testcase classname="Test_Suite.WileyPLUS_Test_Suite" name="TC10_WileyPLUS_Set_To_MultiTerm_Default" time="36.987"/>
  <system-out/>
  <testcase classname="Test_Suite.WileyPLUS_Test_Suite" name="TC13_Global_Country_List_In_Shipping" time="42.774"/>
  <system-out/>
  <testcase classname="Test_Suite.WileyPLUS_Test_Suite" name="TC14_Global_Country_List_In_Billing" time="49.246"/>
  <system-out/>
  <testcase classname="Test_Suite.WileyPLUS_Test_Suite" name="TC15_Course_Details_During_WileyPLUS_Checkout" time="69.267"/>
  <system-out/>
  <testcase classname="Test_Suite.WileyPLUS_Test_Suite" name="TC04_Bundle_Search_For_WileyPLUS" time="40.485"/>
  <system-out/>
  <testcase classname="Test_Suite.WileyPLUS_Test_Suite" name="TC02_PLP_For_WileyPLUS" time="89.195"/>
  <system-out/>
  <testcase classname="Test_Suite.WileyPLUS_Test_Suite" name="TC03_EGRIP_Search_For_WileyPLUS" time="42.635"/>
  <system-out/>
  <testcase classname="Test_Suite.WileyPLUS_Test_Suite" name="TC09_PDP_UI_For_WileyPLUS" time="45.326"/>
  <system-out/>
  <testcase classname="Test_Suite.WileyPLUS_Test_Suite" name="TC12_Add_WileyPLUS_Product_To_Cart" time="17.466"/>
  <system-out/>
  <testcase classname="Test_Suite.WileyPLUS_Test_Suite" name="TC05_Check_If_URL_Not_Truncated_For_WileyPLUS" time="34.867"/>
  <system-out/>
  <testcase classname="Test_Suite.WileyPLUS_Test_Suite" name="TC07_Verify_Additional_UI_Adjustments_WileyPLUS_PDP" time="56.716"/>
  <system-out/>
  <testcase classname="Test_Suite.WileyPLUS_Test_Suite" name="TC11_New_Tab_Opened_After_Clicking_Login_To_WileyPLUS_Button" time="39.125"/>
  <system-out/>
  <testcase classname="Test_Suite.WileyPLUS_Test_Suite" name="TC06_Format_Facet_WileyPLUS" time="33.242"/>
  <system-out/>
  <testcase classname="Test_Suite.WileyPLUS_Test_Suite" name="TC01_SRP_For_WileyPLUS" time="42.479"/>
  <system-out/>
  <testcase classname="Test_Suite.WileyPLUS_Test_Suite" name="TC08_Validate_Percentage_In_Multiple_Term" time="38.878"/>
  <system-out/>
</testsuite> <!-- Test_Suite.WileyPLUS_Test_Suite -->
