<?xml version="1.0" encoding="UTF-8"?>
<!-- Generated by org.testng.reporters.JUnitReportReporter -->
<testsuite hostname="ZAUSV-SHAFALI" failures="0" tests="2" name="Test_Suite.StoreFront_Validate_CLP" time="159.081" errors="0" timestamp="2023-07-10T18:02:31 IST" skipped="1">
  <testcase classname="Test_Suite.StoreFront_Validate_CLP" name="TC02_ProductDisplayPage" time="159.081"/>
  <system-out/>
  <testcase classname="Test_Suite.StoreFront_Validate_CLP" name="TC01_CategoryLandingPage">
    <skipped/>
  </testcase> <!-- TC01_CategoryLandingPage -->
  <system-out/>
</testsuite> <!-- Test_Suite.StoreFront_Validate_CLP -->
