<?xml version="1.0" encoding="UTF-8"?>
<!-- Generated by org.testng.reporters.JUnitReportReporter -->
<testsuite hostname="ZAUSV-ARAKSHI" failures="0" tests="19" name="Test_Suite.Wiley_NA_Cart_Test_Suite" time="2187.586" errors="0" timestamp="2023-03-22T15:30:00 IST" skipped="0">
  <testcase classname="Test_Suite.Wiley_NA_Cart_Test_Suite" name="TC23_Existing_User_Tax_for_Digital_Product" time="147.649"/>
  <system-out/>
  <testcase classname="Test_Suite.Wiley_NA_Cart_Test_Suite" name="TC41_Create_Account_Funtionality_With_Wrong_Password_Formats" time="63.514"/>
  <system-out/>
  <testcase classname="Test_Suite.Wiley_NA_Cart_Test_Suite" name="TC35_EMEA_Catalog_Updates" time="192.439"/>
  <system-out/>
  <testcase classname="Test_Suite.Wiley_NA_Cart_Test_Suite" name="TC29_Cart_Page_UI_Validation" time="52.969"/>
  <system-out/>
  <testcase classname="Test_Suite.Wiley_NA_Cart_Test_Suite" name="TC40_Shipping_Charge_For_Multiple_Products" time="104.424"/>
  <system-out/>
  <testcase classname="Test_Suite.Wiley_NA_Cart_Test_Suite" name="TC24_Verify_Shipping_Methods_for_POD_Products" time="76.450"/>
  <system-out/>
  <testcase classname="Test_Suite.Wiley_NA_Cart_Test_Suite" name="TC34_Verify_VETCONSULT_Purchase_Option_on_PDPpage" time="75.172"/>
  <system-out/>
  <testcase classname="Test_Suite.Wiley_NA_Cart_Test_Suite" name="TC39_Riskified_Declined_Order_With_Last_Name_Decline" time="361.028"/>
  <system-out/>
  <testcase classname="Test_Suite.Wiley_NA_Cart_Test_Suite" name="TC30_Cart_Merge_Functionality" time="112.165"/>
  <system-out/>
  <testcase classname="Test_Suite.Wiley_NA_Cart_Test_Suite" name="TC36_Change_of_Hyperlink_for_comp_access_on_US_CA_wiley_PDP" time="94.308"/>
  <system-out/>
  <testcase classname="Test_Suite.Wiley_NA_Cart_Test_Suite" name="TC28_Cart_Update_from_Digital_to_Phygital" time="159.724"/>
  <system-out/>
  <testcase classname="Test_Suite.Wiley_NA_Cart_Test_Suite" name="TC31_Zero_Dollar_Flow_For_Digital_Product" time="107.166"/>
  <system-out/>
  <testcase classname="Test_Suite.Wiley_NA_Cart_Test_Suite" name="TC38_Validate_Payment_Status_For_Declined_card" time="102.481"/>
  <system-out/>
  <testcase classname="Test_Suite.Wiley_NA_Cart_Test_Suite" name="TC25_Searching_by_Keyword_Rguroo" time="13.664"/>
  <system-out/>
  <testcase classname="Test_Suite.Wiley_NA_Cart_Test_Suite" name="TC32_Preorder_Backorder_Flow_With_Print_Pdf_Page" time="208.024"/>
  <system-out/>
  <testcase classname="Test_Suite.Wiley_NA_Cart_Test_Suite" name="TC33_Forgot_Password_Functionality" time="119.807"/>
  <system-out/>
  <testcase classname="Test_Suite.Wiley_NA_Cart_Test_Suite" name="TC37_Generic_info_hover_text_EBook_PDP" time="48.751"/>
  <system-out/>
  <testcase classname="Test_Suite.Wiley_NA_Cart_Test_Suite" name="TC26_Login_Page_Validation" time="135.777"/>
  <system-out/>
  <testcase classname="Test_Suite.Wiley_NA_Cart_Test_Suite" name="TC27_Validate_AEM_Header_Footer" time="12.074"/>
  <system-out/>
</testsuite> <!-- Test_Suite.Wiley_NA_Cart_Test_Suite -->
