<?xml version="1.0" encoding="UTF-8"?>
<!-- Generated by org.testng.reporters.JUnitReportReporter -->
<testsuite hostname="ZAUSV-ARAKSHI" failures="0" tests="1" name="Test_Suite.WEL_Test_Suite" time="169.659" errors="0" timestamp="2023-02-15T15:39:44 IST" skipped="0">
  <testcase classname="Test_Suite.WEL_Test_Suite" name="TC53_PlaceOrder_JapanAddress" time="169.659"/>
  <system-out/>
</testsuite> <!-- Test_Suite.WEL_Test_Suite -->
